This file contains any messages produced by compilers while
running configure, to aid debugging if configure makes a mistake.

It was created by libsidplayfp configure 2.1.1, which was
generated by GNU Autoconf 2.69.  Invocation command line was

  $ ./configure 

## --------- ##
## Platform. ##
## --------- ##

hostname = Air-de-Yohann
uname -m = arm64
uname -r = 20.3.0
uname -s = Darwin
uname -v = Darwin Kernel Version 20.3.0: Thu Jan 21 00:06:51 PST 2021; root:xnu-7195.81.3~1/RELEASE_ARM64_T8101

/usr/bin/uname -p = arm
/bin/uname -X     = unknown

/bin/arch              = unknown
/usr/bin/arch -k       = unknown
/usr/convex/getsysinfo = unknown
/usr/bin/hostinfo      = Mach kernel version:
	 Darwin Kernel Version 20.3.0: Thu Jan 21 00:06:51 PST 2021; root:xnu-7195.81.3~1/RELEASE_ARM64_T8101
Kernel configured for up to 8 processors.
8 processors are physically available.
8 processors are logically available.
Processor type: arm64e (ARM64E)
Processors active: 0 1 2 3 4 5 6 7
Primary memory available: 8.00 gigabytes
Default processor set: 493 tasks, 2637 threads, 8 processors
Load average: 3.70, Mach factor: 4.30
/bin/machine           = unknown
/usr/bin/oslevel       = unknown
/bin/universe          = unknown

PATH: /Users/yohannmagnien/Documents/dev/google-cloud-sdk/bin
PATH: /opt/homebrew/bin
PATH: /opt/homebrew/sbin
PATH: /usr/local/bin
PATH: /usr/bin
PATH: /bin
PATH: /usr/sbin
PATH: /sbin
PATH: /Library/Apple/usr/bin


## ----------- ##
## Core tests. ##
## ----------- ##

configure:2836: checking for a BSD-compatible install
configure:2904: result: /usr/bin/install -c
configure:2915: checking whether build environment is sane
configure:2970: result: yes
configure:3121: checking for a thread-safe mkdir -p
configure:3160: result: build-aux/install-sh -c -d
configure:3167: checking for gawk
configure:3197: result: no
configure:3167: checking for mawk
configure:3197: result: no
configure:3167: checking for nawk
configure:3197: result: no
configure:3167: checking for awk
configure:3183: found /usr/bin/awk
configure:3194: result: awk
configure:3205: checking whether make sets $(MAKE)
configure:3227: result: yes
configure:3256: checking whether make supports nested variables
configure:3273: result: yes
configure:3411: checking build system type
configure:3425: result: arm-apple-darwin20.3.0
configure:3445: checking host system type
configure:3458: result: arm-apple-darwin20.3.0
configure:3507: WARNING: Libtool does not cope well with whitespace in `pwd`
configure:3551: checking how to print strings
configure:3578: result: printf
configure:3611: checking for style of include used by make
configure:3639: result: GNU
configure:3710: checking for gcc
configure:3726: found /usr/bin/gcc
configure:3737: result: gcc
configure:3966: checking for C compiler version
configure:3975: gcc --version >&5
Apple clang version 12.0.0 (clang-1200.0.32.29)
Target: arm64-apple-darwin20.3.0
Thread model: posix
InstalledDir: /Applications/Xcode.app/Contents/Developer/Toolchains/XcodeDefault.xctoolchain/usr/bin
Configured with: --prefix=/Applications/Xcode.app/Contents/Developer/usr --with-gxx-include-dir=/Applications/Xcode.app/Contents/Developer/Platforms/MacOSX.platform/Developer/SDKs/MacOSX.sdk/usr/include/c++/4.2.1
configure:3986: $? = 0
configure:3975: gcc -v >&5
Configured with: --prefix=/Applications/Xcode.app/Contents/Developer/usr --with-gxx-include-dir=/Applications/Xcode.app/Contents/Developer/Platforms/MacOSX.platform/Developer/SDKs/MacOSX.sdk/usr/include/c++/4.2.1
Apple clang version 12.0.0 (clang-1200.0.32.29)
Target: arm64-apple-darwin20.3.0
Thread model: posix
InstalledDir: /Applications/Xcode.app/Contents/Developer/Toolchains/XcodeDefault.xctoolchain/usr/bin
configure:3986: $? = 0
configure:3975: gcc -V >&5
clang: error: argument to '-V' is missing (expected 1 value)
clang: error: no input files
configure:3986: $? = 1
configure:3975: gcc -qversion >&5
clang: error: unknown argument '-qversion'; did you mean '--version'?
clang: error: no input files
configure:3986: $? = 1
configure:4006: checking whether the C compiler works
configure:4028: gcc    conftest.c  >&5
configure:4032: $? = 0
configure:4080: result: yes
configure:4083: checking for C compiler default output file name
configure:4085: result: a.out
configure:4091: checking for suffix of executables
configure:4098: gcc -o conftest    conftest.c  >&5
configure:4102: $? = 0
configure:4124: result: 
configure:4146: checking whether we are cross compiling
configure:4154: gcc -o conftest    conftest.c  >&5
configure:4158: $? = 0
configure:4165: ./conftest
configure:4169: $? = 0
configure:4184: result: no
configure:4189: checking for suffix of object files
configure:4211: gcc -c   conftest.c >&5
configure:4215: $? = 0
configure:4236: result: o
configure:4240: checking whether we are using the GNU C compiler
configure:4259: gcc -c   conftest.c >&5
configure:4259: $? = 0
configure:4268: result: yes
configure:4277: checking whether gcc accepts -g
configure:4297: gcc -c -g  conftest.c >&5
configure:4297: $? = 0
configure:4338: result: yes
configure:4355: checking for gcc option to accept ISO C89
configure:4418: gcc  -c -g -O2  conftest.c >&5
configure:4418: $? = 0
configure:4431: result: none needed
configure:4456: checking whether gcc understands -c and -o together
configure:4478: gcc -c conftest.c -o conftest2.o
configure:4481: $? = 0
configure:4478: gcc -c conftest.c -o conftest2.o
configure:4481: $? = 0
configure:4493: result: yes
configure:4512: checking dependency style of gcc
configure:4623: result: gcc3
configure:4638: checking for a sed that does not truncate output
configure:4702: result: /usr/bin/sed
configure:4720: checking for grep that handles long lines and -e
configure:4778: result: /usr/bin/grep
configure:4783: checking for egrep
configure:4845: result: /usr/bin/grep -E
configure:4850: checking for fgrep
configure:4912: result: /usr/bin/grep -F
configure:4947: checking for ld used by gcc
configure:5014: result: /Applications/Xcode.app/Contents/Developer/Toolchains/XcodeDefault.xctoolchain/usr/bin/ld
configure:5021: checking if the linker (/Applications/Xcode.app/Contents/Developer/Toolchains/XcodeDefault.xctoolchain/usr/bin/ld) is GNU ld
configure:5036: result: no
configure:5048: checking for BSD- or MS-compatible name lister (nm)
configure:5102: result: /usr/bin/nm -B
configure:5232: checking the name lister (/usr/bin/nm -B) interface
configure:5239: gcc -c -g -O2  conftest.c >&5
configure:5242: /usr/bin/nm -B "conftest.o"
configure:5245: output
0000000000000284 S _some_variable
0000000000000000 t ltmp0
0000000000000284 s ltmp1
configure:5252: result: BSD nm
configure:5255: checking whether ln -s works
configure:5259: result: yes
configure:5267: checking the maximum length of command line arguments
configure:5398: result: 786432
configure:5446: checking how to convert arm-apple-darwin20.3.0 file names to arm-apple-darwin20.3.0 format
configure:5486: result: func_convert_file_noop
configure:5493: checking how to convert arm-apple-darwin20.3.0 file names to toolchain format
configure:5513: result: func_convert_file_noop
configure:5520: checking for /Applications/Xcode.app/Contents/Developer/Toolchains/XcodeDefault.xctoolchain/usr/bin/ld option to reload object files
configure:5527: result: -r
configure:5601: checking for objdump
configure:5617: found /usr/bin/objdump
configure:5628: result: objdump
configure:5657: checking how to recognize dependent libraries
configure:5857: result: pass_all
configure:5942: checking for dlltool
configure:5972: result: no
configure:5999: checking how to associate runtime and link libraries
configure:6026: result: printf %s\n
configure:6087: checking for ar
configure:6103: found /usr/bin/ar
configure:6114: result: ar
configure:6151: checking for archiver @FILE support
configure:6168: gcc -c -g -O2  conftest.c >&5
configure:6168: $? = 0
configure:6171: ar cru libconftest.a @conftest.lst >&5
ar: @conftest.lst: No such file or directory
configure:6174: $? = 1
configure:6194: result: no
configure:6252: checking for strip
configure:6268: found /usr/bin/strip
configure:6279: result: strip
configure:6351: checking for ranlib
configure:6367: found /usr/bin/ranlib
configure:6378: result: ranlib
configure:6480: checking command to parse /usr/bin/nm -B output from gcc object
configure:6633: gcc -c -g -O2  conftest.c >&5
configure:6636: $? = 0
configure:6640: /usr/bin/nm -B conftest.o \| sed -n -e 's/^.*[ ]\([BCDEGRST][BCDEGRST]*\)[ ][ ]*\([_A-Za-z][_A-Za-z0-9]*\)$/\1 \2 \2/p' | sed '/ __gnu_lto/d' \> conftest.nm
configure:6643: $? = 0
cannot find nm_test_var in conftest.nm
configure:6633: gcc -c -g -O2  conftest.c >&5
configure:6636: $? = 0
configure:6640: /usr/bin/nm -B conftest.o \| sed -n -e 's/^.*[ ]\([BCDEGRST][BCDEGRST]*\)[ ][ ]*_\([_A-Za-z][_A-Za-z0-9]*\)$/\1 _\2 \2/p' | sed '/ __gnu_lto/d' \> conftest.nm
configure:6643: $? = 0
configure:6709: gcc -o conftest -g -O2   conftest.c conftstm.o >&5
warning: (arm64)  could not find object file symbol for symbol _main
configure:6712: $? = 0
configure:6750: result: ok
configure:6797: checking for sysroot
configure:6827: result: no
configure:6834: checking for a working dd
configure:6872: result: /bin/dd
configure:6876: checking how to truncate binary pipes
configure:6891: result: /bin/dd bs=4096 count=1
configure:7220: checking for mt
configure:7250: result: no
configure:7270: checking if : is a manifest tool
configure:7276: : '-?'
configure:7284: result: no
configure:7340: checking for dsymutil
configure:7356: found /usr/bin/dsymutil
configure:7367: result: dsymutil
configure:7432: checking for nmedit
configure:7448: found /usr/bin/nmedit
configure:7459: result: nmedit
configure:7524: checking for lipo
configure:7540: found /usr/bin/lipo
configure:7551: result: lipo
configure:7616: checking for otool
configure:7632: found /usr/bin/otool
configure:7643: result: otool
configure:7708: checking for otool64
configure:7738: result: no
configure:7783: checking for -single_module linker flag
gcc -g -O2  -o libconftest.dylib -dynamiclib -Wl,-single_module conftest.c
configure:7816: result: yes
configure:7819: checking for -exported_symbols_list linker flag
configure:7839: gcc -o conftest -g -O2   -Wl,-exported_symbols_list,conftest.sym conftest.c  >&5
configure:7839: $? = 0
configure:7849: result: yes
configure:7852: checking for -force_load linker flag
gcc -g -O2 -c -o conftest.o conftest.c
ar cru libconftest.a conftest.o
ranlib libconftest.a
gcc -g -O2  -o conftest conftest.c -Wl,-force_load,./libconftest.a
configure:7884: result: yes
configure:7961: checking how to run the C preprocessor
configure:7992: gcc -E  conftest.c
configure:7992: $? = 0
configure:8006: gcc -E  conftest.c
conftest.c:11:10: fatal error: 'ac_nonexistent.h' file not found
#include <ac_nonexistent.h>
         ^~~~~~~~~~~~~~~~~~
1 error generated.
configure:8006: $? = 1
configure: failed program was:
| /* confdefs.h */
| #define PACKAGE_NAME "libsidplayfp"
| #define PACKAGE_TARNAME "libsidplayfp"
| #define PACKAGE_VERSION "2.1.1"
| #define PACKAGE_STRING "libsidplayfp 2.1.1"
| #define PACKAGE_BUGREPORT ""
| #define PACKAGE_URL "https://github.com/libsidplayfp/libsidplayfp/"
| #define PACKAGE "libsidplayfp"
| #define VERSION "2.1.1"
| /* end confdefs.h.  */
| #include <ac_nonexistent.h>
configure:8031: result: gcc -E
configure:8051: gcc -E  conftest.c
configure:8051: $? = 0
configure:8065: gcc -E  conftest.c
conftest.c:11:10: fatal error: 'ac_nonexistent.h' file not found
#include <ac_nonexistent.h>
         ^~~~~~~~~~~~~~~~~~
1 error generated.
configure:8065: $? = 1
configure: failed program was:
| /* confdefs.h */
| #define PACKAGE_NAME "libsidplayfp"
| #define PACKAGE_TARNAME "libsidplayfp"
| #define PACKAGE_VERSION "2.1.1"
| #define PACKAGE_STRING "libsidplayfp 2.1.1"
| #define PACKAGE_BUGREPORT ""
| #define PACKAGE_URL "https://github.com/libsidplayfp/libsidplayfp/"
| #define PACKAGE "libsidplayfp"
| #define VERSION "2.1.1"
| /* end confdefs.h.  */
| #include <ac_nonexistent.h>
configure:8094: checking for ANSI C header files
configure:8114: gcc -c -g -O2  conftest.c >&5
configure:8114: $? = 0
configure:8187: gcc -o conftest -g -O2   conftest.c  >&5
configure:8187: $? = 0
configure:8187: ./conftest
configure:8187: $? = 0
configure:8198: result: yes
configure:8211: checking for sys/types.h
configure:8211: gcc -c -g -O2  conftest.c >&5
configure:8211: $? = 0
configure:8211: result: yes
configure:8211: checking for sys/stat.h
configure:8211: gcc -c -g -O2  conftest.c >&5
configure:8211: $? = 0
configure:8211: result: yes
configure:8211: checking for stdlib.h
configure:8211: gcc -c -g -O2  conftest.c >&5
configure:8211: $? = 0
configure:8211: result: yes
configure:8211: checking for string.h
configure:8211: gcc -c -g -O2  conftest.c >&5
configure:8211: $? = 0
configure:8211: result: yes
configure:8211: checking for memory.h
configure:8211: gcc -c -g -O2  conftest.c >&5
configure:8211: $? = 0
configure:8211: result: yes
configure:8211: checking for strings.h
configure:8211: gcc -c -g -O2  conftest.c >&5
configure:8211: $? = 0
configure:8211: result: yes
configure:8211: checking for inttypes.h
configure:8211: gcc -c -g -O2  conftest.c >&5
configure:8211: $? = 0
configure:8211: result: yes
configure:8211: checking for stdint.h
configure:8211: gcc -c -g -O2  conftest.c >&5
configure:8211: $? = 0
configure:8211: result: yes
configure:8211: checking for unistd.h
configure:8211: gcc -c -g -O2  conftest.c >&5
configure:8211: $? = 0
configure:8211: result: yes
configure:8225: checking for dlfcn.h
configure:8225: gcc -c -g -O2  conftest.c >&5
configure:8225: $? = 0
configure:8225: result: yes
configure:8779: checking for objdir
configure:8794: result: .libs
configure:9058: checking if gcc supports -fno-rtti -fno-exceptions
configure:9076: gcc -c -g -O2  -fno-rtti -fno-exceptions conftest.c >&5
configure:9080: $? = 0
configure:9093: result: yes
configure:9451: checking for gcc option to produce PIC
configure:9458: result: -fno-common -DPIC
configure:9466: checking if gcc PIC flag -fno-common -DPIC works
configure:9484: gcc -c -g -O2  -fno-common -DPIC -DPIC conftest.c >&5
configure:9488: $? = 0
configure:9501: result: yes
configure:9530: checking if gcc static flag -static works
configure:9558: result: no
configure:9573: checking if gcc supports -c -o file.o
configure:9594: gcc -c -g -O2  -o out/conftest2.o conftest.c >&5
configure:9598: $? = 0
configure:9620: result: yes
configure:9628: checking if gcc supports -c -o file.o
configure:9675: result: yes
configure:9708: checking whether the gcc linker (/Applications/Xcode.app/Contents/Developer/Toolchains/XcodeDefault.xctoolchain/usr/bin/ld) supports shared libraries
configure:10971: result: yes
configure:11211: checking dynamic linker characteristics
configure:12041: result: darwin20.3.0 dyld
configure:12163: checking how to hardcode library paths into programs
configure:12188: result: immediate
configure:12736: checking whether stripping libraries is possible
configure:12750: result: yes
configure:12776: checking if libtool supports shared libraries
configure:12778: result: yes
configure:12781: checking whether to build shared libraries
configure:12806: result: yes
configure:12809: checking whether to build static libraries
configure:12813: result: yes
configure:12909: checking for g++
configure:12925: found /usr/bin/g++
configure:12936: result: g++
configure:12963: checking for C++ compiler version
configure:12972: g++ --version >&5
Apple clang version 12.0.0 (clang-1200.0.32.29)
Target: arm64-apple-darwin20.3.0
Thread model: posix
InstalledDir: /Applications/Xcode.app/Contents/Developer/Toolchains/XcodeDefault.xctoolchain/usr/bin
Configured with: --prefix=/Applications/Xcode.app/Contents/Developer/usr --with-gxx-include-dir=/Applications/Xcode.app/Contents/Developer/Platforms/MacOSX.platform/Developer/SDKs/MacOSX.sdk/usr/include/c++/4.2.1
configure:12983: $? = 0
configure:12972: g++ -v >&5
Configured with: --prefix=/Applications/Xcode.app/Contents/Developer/usr --with-gxx-include-dir=/Applications/Xcode.app/Contents/Developer/Platforms/MacOSX.platform/Developer/SDKs/MacOSX.sdk/usr/include/c++/4.2.1
Apple clang version 12.0.0 (clang-1200.0.32.29)
Target: arm64-apple-darwin20.3.0
Thread model: posix
InstalledDir: /Applications/Xcode.app/Contents/Developer/Toolchains/XcodeDefault.xctoolchain/usr/bin
configure:12983: $? = 0
configure:12972: g++ -V >&5
clang: error: argument to '-V' is missing (expected 1 value)
clang: error: no input files
configure:12983: $? = 1
configure:12972: g++ -qversion >&5
clang: error: unknown argument '-qversion'; did you mean '--version'?
clang: error: no input files
configure:12983: $? = 1
configure:12987: checking whether we are using the GNU C++ compiler
configure:13006: g++ -c   conftest.cpp >&5
configure:13006: $? = 0
configure:13015: result: yes
configure:13024: checking whether g++ accepts -g
configure:13044: g++ -c -g  conftest.cpp >&5
configure:13044: $? = 0
configure:13085: result: yes
configure:13110: checking dependency style of g++
configure:13221: result: gcc3
configure:13254: checking how to run the C++ preprocessor
configure:13281: g++ -E  conftest.cpp
configure:13281: $? = 0
configure:13295: g++ -E  conftest.cpp
conftest.cpp:23:10: fatal error: 'ac_nonexistent.h' file not found
#include <ac_nonexistent.h>
         ^~~~~~~~~~~~~~~~~~
1 error generated.
configure:13295: $? = 1
configure: failed program was:
| /* confdefs.h */
| #define PACKAGE_NAME "libsidplayfp"
| #define PACKAGE_TARNAME "libsidplayfp"
| #define PACKAGE_VERSION "2.1.1"
| #define PACKAGE_STRING "libsidplayfp 2.1.1"
| #define PACKAGE_BUGREPORT ""
| #define PACKAGE_URL "https://github.com/libsidplayfp/libsidplayfp/"
| #define PACKAGE "libsidplayfp"
| #define VERSION "2.1.1"
| #define STDC_HEADERS 1
| #define HAVE_SYS_TYPES_H 1
| #define HAVE_SYS_STAT_H 1
| #define HAVE_STDLIB_H 1
| #define HAVE_STRING_H 1
| #define HAVE_MEMORY_H 1
| #define HAVE_STRINGS_H 1
| #define HAVE_INTTYPES_H 1
| #define HAVE_STDINT_H 1
| #define HAVE_UNISTD_H 1
| #define HAVE_DLFCN_H 1
| #define LT_OBJDIR ".libs/"
| /* end confdefs.h.  */
| #include <ac_nonexistent.h>
configure:13320: result: g++ -E
configure:13340: g++ -E  conftest.cpp
configure:13340: $? = 0
configure:13354: g++ -E  conftest.cpp
conftest.cpp:23:10: fatal error: 'ac_nonexistent.h' file not found
#include <ac_nonexistent.h>
         ^~~~~~~~~~~~~~~~~~
1 error generated.
configure:13354: $? = 1
configure: failed program was:
| /* confdefs.h */
| #define PACKAGE_NAME "libsidplayfp"
| #define PACKAGE_TARNAME "libsidplayfp"
| #define PACKAGE_VERSION "2.1.1"
| #define PACKAGE_STRING "libsidplayfp 2.1.1"
| #define PACKAGE_BUGREPORT ""
| #define PACKAGE_URL "https://github.com/libsidplayfp/libsidplayfp/"
| #define PACKAGE "libsidplayfp"
| #define VERSION "2.1.1"
| #define STDC_HEADERS 1
| #define HAVE_SYS_TYPES_H 1
| #define HAVE_SYS_STAT_H 1
| #define HAVE_STDLIB_H 1
| #define HAVE_STRING_H 1
| #define HAVE_MEMORY_H 1
| #define HAVE_STRINGS_H 1
| #define HAVE_INTTYPES_H 1
| #define HAVE_STDINT_H 1
| #define HAVE_UNISTD_H 1
| #define HAVE_DLFCN_H 1
| #define LT_OBJDIR ".libs/"
| /* end confdefs.h.  */
| #include <ac_nonexistent.h>
configure:13516: checking for ld used by g++
configure:13583: result: /Applications/Xcode.app/Contents/Developer/Toolchains/XcodeDefault.xctoolchain/usr/bin/ld
configure:13590: checking if the linker (/Applications/Xcode.app/Contents/Developer/Toolchains/XcodeDefault.xctoolchain/usr/bin/ld) is GNU ld
configure:13605: result: no
configure:13660: checking whether the g++ linker (/Applications/Xcode.app/Contents/Developer/Toolchains/XcodeDefault.xctoolchain/usr/bin/ld) supports shared libraries
configure:14733: result: yes
configure:14769: g++ -c -g -O2  conftest.cpp >&5
configure:14772: $? = 0
configure:15253: checking for g++ option to produce PIC
configure:15260: result: -fno-common -DPIC
configure:15268: checking if g++ PIC flag -fno-common -DPIC works
configure:15286: g++ -c -g -O2  -fno-common -DPIC -DPIC conftest.cpp >&5
configure:15290: $? = 0
configure:15303: result: yes
configure:15326: checking if g++ static flag -static works
configure:15354: result: no
configure:15366: checking if g++ supports -c -o file.o
configure:15387: g++ -c -g -O2  -o out/conftest2.o conftest.cpp >&5
configure:15391: $? = 0
configure:15413: result: yes
configure:15418: checking if g++ supports -c -o file.o
configure:15465: result: yes
configure:15495: checking whether the g++ linker (/Applications/Xcode.app/Contents/Developer/Toolchains/XcodeDefault.xctoolchain/usr/bin/ld) supports shared libraries
configure:15538: result: yes
configure:15679: checking dynamic linker characteristics
configure:16436: result: darwin20.3.0 dyld
configure:16501: checking how to hardcode library paths into programs
configure:16526: result: immediate
configure:16588: checking whether g++ supports C++11 features with -std=c++11
configure:16886: g++ -std=c++11 -c -g -O2  conftest.cpp >&5
configure:16886: $? = 0
configure:16895: result: yes
configure:16935: checking whether C++ compiler accepts -fvisibility=hidden -fvisibility-inlines-hidden
configure:16954: g++ -std=c++11 -c -g -O2  -fvisibility=hidden -fvisibility-inlines-hidden  conftest.cpp >&5
configure:16954: $? = 0
configure:16962: result: yes
configure:16979: checking whether byte ordering is bigendian
configure:16994: g++ -std=c++11 -c -g -O2  conftest.cpp >&5
configure:16994: $? = 0
configure:17039: g++ -std=c++11 -c -g -O2  conftest.cpp >&5
configure:17039: $? = 0
configure:17057: g++ -std=c++11 -c -g -O2  conftest.cpp >&5
conftest.cpp:31:11: error: expected ';' after expression
                 not big endian
                        ^
                        ;
conftest.cpp:31:8: error: use of undeclared identifier 'big'
                 not big endian
                     ^
conftest.cpp:31:12: error: use of undeclared identifier 'endian'
                 not big endian
                         ^
3 errors generated.
configure:17057: $? = 1
configure: failed program was:
| /* confdefs.h */
| #define PACKAGE_NAME "libsidplayfp"
| #define PACKAGE_TARNAME "libsidplayfp"
| #define PACKAGE_VERSION "2.1.1"
| #define PACKAGE_STRING "libsidplayfp 2.1.1"
| #define PACKAGE_BUGREPORT ""
| #define PACKAGE_URL "https://github.com/libsidplayfp/libsidplayfp/"
| #define PACKAGE "libsidplayfp"
| #define VERSION "2.1.1"
| #define STDC_HEADERS 1
| #define HAVE_SYS_TYPES_H 1
| #define HAVE_SYS_STAT_H 1
| #define HAVE_STDLIB_H 1
| #define HAVE_STRING_H 1
| #define HAVE_MEMORY_H 1
| #define HAVE_STRINGS_H 1
| #define HAVE_INTTYPES_H 1
| #define HAVE_STDINT_H 1
| #define HAVE_UNISTD_H 1
| #define HAVE_DLFCN_H 1
| #define LT_OBJDIR ".libs/"
| #define HAVE_CXX11 1
| /* end confdefs.h.  */
| #include <sys/types.h>
| 		#include <sys/param.h>
| 
| int
| main ()
| {
| #if BYTE_ORDER != BIG_ENDIAN
| 		 not big endian
| 		#endif
| 
|   ;
|   return 0;
| }
configure:17185: result: no
configure:17208: checking size of short
configure:17213: g++ -std=c++11 -o conftest -g -O2   conftest.cpp  >&5
configure:17213: $? = 0
configure:17213: ./conftest
configure:17213: $? = 0
configure:17227: result: 2
configure:17241: checking size of int
configure:17246: g++ -std=c++11 -o conftest -g -O2   conftest.cpp  >&5
configure:17246: $? = 0
configure:17246: ./conftest
configure:17246: $? = 0
configure:17260: result: 4
configure:17287: checking whether strcasecmp is declared
configure:17287: g++ -std=c++11 -c -g -O2  conftest.cpp >&5
configure:17287: $? = 0
configure:17287: result: yes
configure:17291: checking for strcasecmp
configure:17291: g++ -std=c++11 -o conftest -g -O2   conftest.cpp  >&5
configure:17291: $? = 0
configure:17291: result: yes
configure:17321: checking whether strncasecmp is declared
configure:17321: g++ -std=c++11 -c -g -O2  conftest.cpp >&5
configure:17321: $? = 0
configure:17321: result: yes
configure:17325: checking for strncasecmp
configure:17325: g++ -std=c++11 -o conftest -g -O2   conftest.cpp  >&5
configure:17325: $? = 0
configure:17325: result: yes
configure:17356: checking whether gcrypt is enabled
configure:17368: result: auto
configure:17406: checking for libgcrypt-config
configure:17437: result: no
configure:17454: checking for LIBGCRYPT - version >= 1.2.0
configure:17491: result: no
configure:17989: checking for debugging
configure:18000: result: Build without debugging messages
configure:18078: checking for working bool
configure:18094: g++ -std=c++11 -c -g -O2  conftest.cpp >&5
configure:18094: $? = 0
configure:18102: result: yes
configure:18128: checking for log1p
configure:18145: g++ -std=c++11 -c -g -O2  conftest.cpp >&5
configure:18145: $? = 0
configure:18154: result: yes
configure:18164: checking for __builtin_expect
configure:18173: g++ -std=c++11 -c -g -O2  conftest.cpp >&5
conftest.cpp:28:14: warning: ignoring return value of function declared with const attribute [-Wunused-value]
int main() { __builtin_expect(0, 0); }
             ^~~~~~~~~~~~~~~~ ~~~~
1 warning generated.
configure:18173: $? = 0
configure:18181: result: yes
configure:18196: checking for doxygen
configure:18226: result: no
configure:18235: WARNING: Doxygen not found - continuing without Doxygen support
configure:18483: checking for pkg-config
configure:18501: found /opt/homebrew/bin/pkg-config
configure:18513: result: /opt/homebrew/bin/pkg-config
configure:18538: checking pkg-config is at least version 0.9.0
configure:18541: result: yes
configure:18552: checking for EXSID
configure:18559: $PKG_CONFIG --exists --print-errors "libexsid >= 2.0"
Package libexsid was not found in the pkg-config search path.
Perhaps you should add the directory containing `libexsid.pc'
to the PKG_CONFIG_PATH environment variable
No package 'libexsid' found
configure:18562: $? = 1
configure:18576: $PKG_CONFIG --exists --print-errors "libexsid >= 2.0"
Package libexsid was not found in the pkg-config search path.
Perhaps you should add the directory containing `libexsid.pc'
to the PKG_CONFIG_PATH environment variable
No package 'libexsid' found
configure:18579: $? = 1
configure:18593: result: no
No package 'libexsid' found
configure:18609: WARNING: No package 'libexsid' found - using internal driver
configure:18612: checking for library containing dlopen
configure:18643: g++ -std=c++11 -o conftest -g -O2   conftest.cpp  >&5
configure:18643: $? = 0
configure:18660: result: none required
configure:18675: checking ftd2xx.h usability
configure:18675: g++ -std=c++11 -c -g -O2  conftest.cpp >&5
conftest.cpp:61:10: fatal error: 'ftd2xx.h' file not found
#include <ftd2xx.h>
         ^~~~~~~~~~
1 error generated.
configure:18675: $? = 1
configure: failed program was:
| /* confdefs.h */
| #define PACKAGE_NAME "libsidplayfp"
| #define PACKAGE_TARNAME "libsidplayfp"
| #define PACKAGE_VERSION "2.1.1"
| #define PACKAGE_STRING "libsidplayfp 2.1.1"
| #define PACKAGE_BUGREPORT ""
| #define PACKAGE_URL "https://github.com/libsidplayfp/libsidplayfp/"
| #define PACKAGE "libsidplayfp"
| #define VERSION "2.1.1"
| #define STDC_HEADERS 1
| #define HAVE_SYS_TYPES_H 1
| #define HAVE_SYS_STAT_H 1
| #define HAVE_STDLIB_H 1
| #define HAVE_STRING_H 1
| #define HAVE_MEMORY_H 1
| #define HAVE_STRINGS_H 1
| #define HAVE_INTTYPES_H 1
| #define HAVE_STDINT_H 1
| #define HAVE_UNISTD_H 1
| #define HAVE_DLFCN_H 1
| #define LT_OBJDIR ".libs/"
| #define HAVE_CXX11 1
| #define SIZEOF_SHORT 2
| #define SIZEOF_INT 4
| #define HAVE_STRCASECMP 1
| #define HAVE_STRNCASECMP 1
| /* end confdefs.h.  */
| #include <stdio.h>
| #ifdef HAVE_SYS_TYPES_H
| # include <sys/types.h>
| #endif
| #ifdef HAVE_SYS_STAT_H
| # include <sys/stat.h>
| #endif
| #ifdef STDC_HEADERS
| # include <stdlib.h>
| # include <stddef.h>
| #else
| # ifdef HAVE_STDLIB_H
| #  include <stdlib.h>
| # endif
| #endif
| #ifdef HAVE_STRING_H
| # if !defined STDC_HEADERS && defined HAVE_MEMORY_H
| #  include <memory.h>
| # endif
| # include <string.h>
| #endif
| #ifdef HAVE_STRINGS_H
| # include <strings.h>
| #endif
| #ifdef HAVE_INTTYPES_H
| # include <inttypes.h>
| #endif
| #ifdef HAVE_STDINT_H
| # include <stdint.h>
| #endif
| #ifdef HAVE_UNISTD_H
| # include <unistd.h>
| #endif
| #include <ftd2xx.h>
configure:18675: result: no
configure:18675: checking ftd2xx.h presence
configure:18675: g++ -E -std=c++11  conftest.cpp
conftest.cpp:28:10: fatal error: 'ftd2xx.h' file not found
#include <ftd2xx.h>
         ^~~~~~~~~~
1 error generated.
configure:18675: $? = 1
configure: failed program was:
| /* confdefs.h */
| #define PACKAGE_NAME "libsidplayfp"
| #define PACKAGE_TARNAME "libsidplayfp"
| #define PACKAGE_VERSION "2.1.1"
| #define PACKAGE_STRING "libsidplayfp 2.1.1"
| #define PACKAGE_BUGREPORT ""
| #define PACKAGE_URL "https://github.com/libsidplayfp/libsidplayfp/"
| #define PACKAGE "libsidplayfp"
| #define VERSION "2.1.1"
| #define STDC_HEADERS 1
| #define HAVE_SYS_TYPES_H 1
| #define HAVE_SYS_STAT_H 1
| #define HAVE_STDLIB_H 1
| #define HAVE_STRING_H 1
| #define HAVE_MEMORY_H 1
| #define HAVE_STRINGS_H 1
| #define HAVE_INTTYPES_H 1
| #define HAVE_STDINT_H 1
| #define HAVE_UNISTD_H 1
| #define HAVE_DLFCN_H 1
| #define LT_OBJDIR ".libs/"
| #define HAVE_CXX11 1
| #define SIZEOF_SHORT 2
| #define SIZEOF_INT 4
| #define HAVE_STRCASECMP 1
| #define HAVE_STRNCASECMP 1
| /* end confdefs.h.  */
| #include <ftd2xx.h>
configure:18675: result: no
configure:18675: checking for ftd2xx.h
configure:18675: result: no
configure:18686: WARNING: ftd2xx.h not found, support will not be available
configure:18693: checking for libftdi1
configure:18696: $PKG_CONFIG --exists --print-errors "libftdi1 >= 1.0"
Package libftdi1 was not found in the pkg-config search path.
Perhaps you should add the directory containing `libftdi1.pc'
to the PKG_CONFIG_PATH environment variable
No package 'libftdi1' found
configure:18699: $? = 1
configure:18710: WARNING: libftdi1 not found, support will not be available
configure:19653: checking that generated files are newer than configure
configure:19659: result: done
configure:19731: creating ./config.status

## ---------------------- ##
## Running config.status. ##
## ---------------------- ##

This file was extended by libsidplayfp config.status 2.1.1, which was
generated by GNU Autoconf 2.69.  Invocation command line was

  CONFIG_FILES    = 
  CONFIG_HEADERS  = 
  CONFIG_LINKS    = 
  CONFIG_COMMANDS = 
  $ ./config.status 

on Air-de-Yohann

config.status:1214: creating Makefile
config.status:1214: creating libsidplayfp.pc
config.status:1214: creating libstilview.pc
config.status:1214: creating src/sidplayfp/sidversion.h
config.status:1214: creating src/builders/residfp-builder/residfp/siddefs-fp.h
config.status:1214: creating src/builders/resid-builder/resid/siddefs.h
config.status:1214: creating tests/Makefile
config.status:1214: creating src/config.h
config.status:1443: executing depfiles commands
config.status:1443: executing libtool commands

## ---------------- ##
## Cache variables. ##
## ---------------- ##

ac_cv_build=arm-apple-darwin20.3.0
ac_cv_c_bigendian=no
ac_cv_c_compiler_gnu=yes
ac_cv_cxx_bool=yes
ac_cv_cxx_compiler_gnu=yes
ac_cv_env_CCC_set=
ac_cv_env_CCC_value=
ac_cv_env_CC_set=
ac_cv_env_CC_value=
ac_cv_env_CFLAGS_set=
ac_cv_env_CFLAGS_value=
ac_cv_env_CPPFLAGS_set=
ac_cv_env_CPPFLAGS_value=
ac_cv_env_CPP_set=
ac_cv_env_CPP_value=
ac_cv_env_CXXCPP_set=
ac_cv_env_CXXCPP_value=
ac_cv_env_CXXFLAGS_set=
ac_cv_env_CXXFLAGS_value=
ac_cv_env_CXX_set=
ac_cv_env_CXX_value=
ac_cv_env_EXSID_CFLAGS_set=
ac_cv_env_EXSID_CFLAGS_value=
ac_cv_env_EXSID_LIBS_set=
ac_cv_env_EXSID_LIBS_value=
ac_cv_env_LDFLAGS_set=
ac_cv_env_LDFLAGS_value=
ac_cv_env_LIBS_set=
ac_cv_env_LIBS_value=
ac_cv_env_LT_SYS_LIBRARY_PATH_set=
ac_cv_env_LT_SYS_LIBRARY_PATH_value=
ac_cv_env_PKG_CONFIG_LIBDIR_set=
ac_cv_env_PKG_CONFIG_LIBDIR_value=
ac_cv_env_PKG_CONFIG_PATH_set=
ac_cv_env_PKG_CONFIG_PATH_value=
ac_cv_env_PKG_CONFIG_set=
ac_cv_env_PKG_CONFIG_value=
ac_cv_env_build_alias_set=
ac_cv_env_build_alias_value=
ac_cv_env_host_alias_set=
ac_cv_env_host_alias_value=
ac_cv_env_target_alias_set=
ac_cv_env_target_alias_value=
ac_cv_func_strcasecmp=yes
ac_cv_func_strncasecmp=yes
ac_cv_have_decl_strcasecmp=yes
ac_cv_have_decl_strncasecmp=yes
ac_cv_header_dlfcn_h=yes
ac_cv_header_ftd2xx_h=no
ac_cv_header_inttypes_h=yes
ac_cv_header_memory_h=yes
ac_cv_header_stdc=yes
ac_cv_header_stdint_h=yes
ac_cv_header_stdlib_h=yes
ac_cv_header_string_h=yes
ac_cv_header_strings_h=yes
ac_cv_header_sys_stat_h=yes
ac_cv_header_sys_types_h=yes
ac_cv_header_unistd_h=yes
ac_cv_host=arm-apple-darwin20.3.0
ac_cv_objext=o
ac_cv_path_EGREP='/usr/bin/grep -E'
ac_cv_path_FGREP='/usr/bin/grep -F'
ac_cv_path_GREP=/usr/bin/grep
ac_cv_path_LIBGCRYPT_CONFIG=no
ac_cv_path_SED=/usr/bin/sed
ac_cv_path_ac_pt_PKG_CONFIG=/opt/homebrew/bin/pkg-config
ac_cv_path_install='/usr/bin/install -c'
ac_cv_path_lt_DD=/bin/dd
ac_cv_prog_AWK=awk
ac_cv_prog_CPP='gcc -E'
ac_cv_prog_CXXCPP='g++ -E'
ac_cv_prog_ac_ct_AR=ar
ac_cv_prog_ac_ct_CC=gcc
ac_cv_prog_ac_ct_CXX=g++
ac_cv_prog_ac_ct_DSYMUTIL=dsymutil
ac_cv_prog_ac_ct_LIPO=lipo
ac_cv_prog_ac_ct_NMEDIT=nmedit
ac_cv_prog_ac_ct_OBJDUMP=objdump
ac_cv_prog_ac_ct_OTOOL=otool
ac_cv_prog_ac_ct_RANLIB=ranlib
ac_cv_prog_ac_ct_STRIP=strip
ac_cv_prog_cc_c89=
ac_cv_prog_cc_g=yes
ac_cv_prog_cxx_g=yes
ac_cv_prog_make_make_set=yes
ac_cv_search_dlopen='none required'
ac_cv_sizeof_int=4
ac_cv_sizeof_short=2
am_cv_CC_dependencies_compiler_type=gcc3
am_cv_CXX_dependencies_compiler_type=gcc3
am_cv_make_support_nested_variables=yes
am_cv_prog_cc_c_o=yes
ax_cv_check_cxxflags___fvisibility_hidden__fvisibility_inlines_hidden=yes
ax_cv_cxx_compile_cxx11__std_cpp11=yes
lt_cv_apple_cc_single_mod=yes
lt_cv_ar_at_file=no
lt_cv_deplibs_check_method=pass_all
lt_cv_file_magic_cmd='$MAGIC_CMD'
lt_cv_file_magic_test_file=
lt_cv_ld_exported_symbols_list=yes
lt_cv_ld_force_load=yes
lt_cv_ld_reload_flag=-r
lt_cv_nm_interface='BSD nm'
lt_cv_objdir=.libs
lt_cv_path_LD=/Applications/Xcode.app/Contents/Developer/Toolchains/XcodeDefault.xctoolchain/usr/bin/ld
lt_cv_path_LDCXX=/Applications/Xcode.app/Contents/Developer/Toolchains/XcodeDefault.xctoolchain/usr/bin/ld
lt_cv_path_NM='/usr/bin/nm -B'
lt_cv_path_mainfest_tool=no
lt_cv_prog_compiler_c_o=yes
lt_cv_prog_compiler_c_o_CXX=yes
lt_cv_prog_compiler_pic='-fno-common -DPIC'
lt_cv_prog_compiler_pic_CXX='-fno-common -DPIC'
lt_cv_prog_compiler_pic_works=yes
lt_cv_prog_compiler_pic_works_CXX=yes
lt_cv_prog_compiler_rtti_exceptions=yes
lt_cv_prog_compiler_static_works=no
lt_cv_prog_compiler_static_works_CXX=no
lt_cv_prog_gnu_ld=no
lt_cv_prog_gnu_ldcxx=no
lt_cv_sharedlib_from_linklib_cmd='printf %s\n'
lt_cv_sys_global_symbol_pipe='sed -n -e '\''s/^.*[	 ]\([BCDEGRST][BCDEGRST]*\)[	 ][	 ]*_\([_A-Za-z][_A-Za-z0-9]*\)$/\1 _\2 \2/p'\'' | sed '\''/ __gnu_lto/d'\'''
lt_cv_sys_global_symbol_to_c_name_address='sed -n -e '\''s/^: \(.*\) .*$/  {"\1", (void *) 0},/p'\'' -e '\''s/^[BCDEGRST][BCDEGRST]* .* \(.*\)$/  {"\1", (void *) \&\1},/p'\'''
lt_cv_sys_global_symbol_to_c_name_address_lib_prefix='sed -n -e '\''s/^: \(.*\) .*$/  {"\1", (void *) 0},/p'\'' -e '\''s/^[BCDEGRST][BCDEGRST]* .* \(lib.*\)$/  {"\1", (void *) \&\1},/p'\'' -e '\''s/^[BCDEGRST][BCDEGRST]* .* \(.*\)$/  {"lib\1", (void *) \&\1},/p'\'''
lt_cv_sys_global_symbol_to_cdecl='sed -n -e '\''s/^T .* \(.*\)$/extern int \1();/p'\'' -e '\''s/^[BCDEGRST][BCDEGRST]* .* \(.*\)$/extern char \1;/p'\'''
lt_cv_sys_global_symbol_to_import=
lt_cv_sys_max_cmd_len=786432
lt_cv_to_host_file_cmd=func_convert_file_noop
lt_cv_to_tool_file_cmd=func_convert_file_noop
lt_cv_truncate_bin='/bin/dd bs=4096 count=1'
resid_cv_builtin_expect=yes
resid_cv_log1p=yes

## ----------------- ##
## Output variables. ##
## ----------------- ##

ACLOCAL='${SHELL} "/Users/yohannmagnien/Documents/dev/modizer copie 2/modizer/libs/sid/libsidplayfp-0.2.0 copie/build-aux/missing" aclocal-1.15'
AMDEPBACKSLASH='\'
AMDEP_FALSE='#'
AMDEP_TRUE=''
AMTAR='$${TAR-tar}'
AM_BACKSLASH='\'
AM_DEFAULT_V='$(AM_DEFAULT_VERBOSITY)'
AM_DEFAULT_VERBOSITY='1'
AM_V='$(V)'
AR='ar'
AS='as'
AUTOCONF='${SHELL} "/Users/yohannmagnien/Documents/dev/modizer copie 2/modizer/libs/sid/libsidplayfp-0.2.0 copie/build-aux/missing" autoconf'
AUTOHEADER='${SHELL} "/Users/yohannmagnien/Documents/dev/modizer copie 2/modizer/libs/sid/libsidplayfp-0.2.0 copie/build-aux/missing" autoheader'
AUTOMAKE='${SHELL} "/Users/yohannmagnien/Documents/dev/modizer copie 2/modizer/libs/sid/libsidplayfp-0.2.0 copie/build-aux/missing" automake-1.15'
AWK='awk'
CC='gcc'
CCDEPMODE='depmode=gcc3'
CFLAGS='-g -O2'
CPP='gcc -E'
CPPFLAGS=''
CXX='g++ -std=c++11'
CXXCPP='g++ -E -std=c++11'
CXXDEPMODE='depmode=gcc3'
CXXFLAGS='-g -O2'
CYGPATH_W='echo'
DEFS='-DHAVE_CONFIG_H'
DEPDIR='.deps'
DLLTOOL='false'
DOT=''
DOXYGEN=''
DSYMUTIL='dsymutil'
DUMPBIN=''
ECHO_C='\c'
ECHO_N=''
ECHO_T=''
EGREP='/usr/bin/grep -E'
ENABLE_TEST_FALSE=''
ENABLE_TEST_TRUE='#'
EXEEXT=''
EXSID_CFLAGS=''
EXSID_DRIVER_FALSE=''
EXSID_DRIVER_TRUE='#'
EXSID_LIBS=''
EXSID_SUPPORT_FALSE=''
EXSID_SUPPORT_TRUE='#'
FGREP='/usr/bin/grep -F'
FTDI_CFLAGS=''
GCRYPT_CFLAGS=''
GCRYPT_LIBS=''
GREP='/usr/bin/grep'
HARDSID_FALSE=''
HARDSID_TRUE='#'
HAVE_BOOL='1'
HAVE_BUILTIN_EXPECT='1'
HAVE_CXX11='1'
HAVE_DOXYGEN_FALSE=''
HAVE_DOXYGEN_TRUE='#'
HAVE_LOG1P='1'
HAVE_VISIBILITY_FALSE='#'
HAVE_VISIBILITY_TRUE=''
INSTALL_DATA='${INSTALL} -m 644'
INSTALL_PROGRAM='${INSTALL}'
INSTALL_SCRIPT='${INSTALL}'
INSTALL_STRIP_PROGRAM='$(install_sh) -c -s'
LD='/Applications/Xcode.app/Contents/Developer/Toolchains/XcodeDefault.xctoolchain/usr/bin/ld'
LDFLAGS=''
LIBGCRYPT_CFLAGS=''
LIBGCRYPT_CONFIG='no'
LIBGCRYPT_FALSE=''
LIBGCRYPT_LIBS=''
LIBGCRYPT_TRUE='#'
LIBOBJS=''
LIBS=''
LIBSIDPLAYVERSION='8:17:2'
LIBSTILVIEWVERSION='0:4:0'
LIBTOOL='$(SHELL) $(top_builddir)/libtool'
LIB_LEVEL='1'
LIB_MAJOR='2'
LIB_MINOR='1'
LIPO='lipo'
LN_S='ln -s'
LTLIBOBJS=''
LT_SYS_LIBRARY_PATH=''
MACOS_FALSE='#'
MACOS_TRUE=''
MAKEINFO='${SHELL} "/Users/yohannmagnien/Documents/dev/modizer copie 2/modizer/libs/sid/libsidplayfp-0.2.0 copie/build-aux/missing" makeinfo'
MANIFEST_TOOL=':'
MINGW32_FALSE=''
MINGW32_TRUE='#'
MKDIR_P='build-aux/install-sh -c -d'
NEW_8580_FILTER='1'
NEW_8580_FILTER_FALSE='#'
NEW_8580_FILTER_TRUE=''
NM='/usr/bin/nm -B'
NMEDIT='nmedit'
OBJDUMP='objdump'
OBJEXT='o'
OTOOL64=':'
OTOOL='otool'
PACKAGE='libsidplayfp'
PACKAGE_BUGREPORT=''
PACKAGE_NAME='libsidplayfp'
PACKAGE_STRING='libsidplayfp 2.1.1'
PACKAGE_TARNAME='libsidplayfp'
PACKAGE_URL='https://github.com/libsidplayfp/libsidplayfp/'
PACKAGE_VERSION='2.1.1'
PATH_SEPARATOR=':'
PKG_CONFIG='/opt/homebrew/bin/pkg-config'
PKG_CONFIG_LIBDIR=''
PKG_CONFIG_PATH=''
PTHREAD_CC=''
PTHREAD_CFLAGS=''
PTHREAD_LIBS=''
RANLIB='ranlib'
RESID_BRANCH_HINTS='1'
RESID_INLINE='inline'
RESID_INLINING='1'
SED='/usr/bin/sed'
SET_MAKE=''
SHELL='/bin/sh'
STRIP='strip'
TESTSUITE_FALSE=''
TESTSUITE_TRUE='#'
VERSION='2.1.1'
ac_ct_AR='ar'
ac_ct_CC='gcc'
ac_ct_CXX='g++'
ac_ct_DUMPBIN=''
am__EXEEXT_FALSE=''
am__EXEEXT_TRUE='#'
am__fastdepCC_FALSE='#'
am__fastdepCC_TRUE=''
am__fastdepCXX_FALSE='#'
am__fastdepCXX_TRUE=''
am__include='include'
am__isrc=''
am__leading_dot='.'
am__nodep='_no'
am__quote=''
am__tar='$${TAR-tar} chof - "$$tardir"'
am__untar='$${TAR-tar} xf -'
ax_pthread_config=''
bindir='${exec_prefix}/bin'
build='arm-apple-darwin20.3.0'
build_alias=''
build_cpu='arm'
build_os='darwin20.3.0'
build_vendor='apple'
datadir='${datarootdir}'
datarootdir='${prefix}/share'
debug_flags='-DNDEBUG'
docdir='${datarootdir}/doc/${PACKAGE_TARNAME}'
dvidir='${docdir}'
exec_prefix='${prefix}'
host='arm-apple-darwin20.3.0'
host_alias=''
host_cpu='arm'
host_os='darwin20.3.0'
host_vendor='apple'
htmldir='${docdir}'
includedir='${prefix}/include'
infodir='${datarootdir}/info'
install_sh='${SHELL} '\''/Users/yohannmagnien/Documents/dev/modizer copie 2/modizer/libs/sid/libsidplayfp-0.2.0 copie/build-aux/install-sh'\'''
libdir='${exec_prefix}/lib'
libexecdir='${exec_prefix}/libexec'
localedir='${datarootdir}/locale'
localstatedir='${prefix}/var'
mandir='${datarootdir}/man'
mkdir_p='$(MKDIR_P)'
oldincludedir='/usr/include'
pdfdir='${docdir}'
prefix='/usr/local'
program_transform_name='s,x,x,'
psdir='${docdir}'
runstatedir='${localstatedir}/run'
sbindir='${exec_prefix}/sbin'
sharedstatedir='${prefix}/com'
sysconfdir='${prefix}/etc'
target_alias=''
unittest_libs=''

## ----------- ##
## confdefs.h. ##
## ----------- ##

/* confdefs.h */
#define PACKAGE_NAME "libsidplayfp"
#define PACKAGE_TARNAME "libsidplayfp"
#define PACKAGE_VERSION "2.1.1"
#define PACKAGE_STRING "libsidplayfp 2.1.1"
#define PACKAGE_BUGREPORT ""
#define PACKAGE_URL "https://github.com/libsidplayfp/libsidplayfp/"
#define PACKAGE "libsidplayfp"
#define VERSION "2.1.1"
#define STDC_HEADERS 1
#define HAVE_SYS_TYPES_H 1
#define HAVE_SYS_STAT_H 1
#define HAVE_STDLIB_H 1
#define HAVE_STRING_H 1
#define HAVE_MEMORY_H 1
#define HAVE_STRINGS_H 1
#define HAVE_INTTYPES_H 1
#define HAVE_STDINT_H 1
#define HAVE_UNISTD_H 1
#define HAVE_DLFCN_H 1
#define LT_OBJDIR ".libs/"
#define HAVE_CXX11 1
#define SIZEOF_SHORT 2
#define SIZEOF_INT 4
#define HAVE_STRCASECMP 1
#define HAVE_STRNCASECMP 1
#define SHLIBEXT ".dylib"

configure: exit 0
