This file contains any messages produced by compilers while
running configure, to aid debugging if configure makes a mistake.

It was created by libsamplerate configure 0.1.8, which was
generated by GNU Autoconf 2.68.  Invocation command line was

  $ ./configure 

## --------- ##
## Platform. ##
## --------- ##

hostname = MacBook-Pro-de-Yohann.local
uname -m = x86_64
uname -r = 14.4.0
uname -s = Darwin
uname -v = Darwin Kernel Version 14.4.0: Thu May 28 11:35:04 PDT 2015; root:xnu-2782.30.5~1/RELEASE_X86_64

/usr/bin/uname -p = i386
/bin/uname -X     = unknown

/bin/arch              = unknown
/usr/bin/arch -k       = unknown
/usr/convex/getsysinfo = unknown
/usr/bin/hostinfo      = Mach kernel version:
	 Darwin Kernel Version 14.4.0: Thu May 28 11:35:04 PDT 2015; root:xnu-2782.30.5~1/RELEASE_X86_64
Kernel configured for up to 4 processors.
2 processors are physically available.
4 processors are logically available.
Processor type: i486 (Intel 80486)
Processors active: 0 1 2 3
Primary memory available: 8.00 gigabytes
Default processor set: 295 tasks, 1147 threads, 4 processors
Load average: 2.10, Mach factor: 1.89
/bin/machine           = unknown
/usr/bin/oslevel       = unknown
/bin/universe          = unknown

PATH: /usr/local/bin
PATH: /usr/bin
PATH: /bin
PATH: /usr/sbin
PATH: /sbin


## ----------- ##
## Core tests. ##
## ----------- ##

configure:2589: checking build system type
configure:2603: result: i386-apple-darwin14.4.0
configure:2623: checking host system type
configure:2636: result: i386-apple-darwin14.4.0
configure:2656: checking target system type
configure:2669: result: i386-apple-darwin14.4.0
configure:2716: checking for a BSD-compatible install
configure:2784: result: /usr/bin/install -c
configure:2795: checking whether build environment is sane
configure:2845: result: yes
configure:2986: checking for a thread-safe mkdir -p
configure:3025: result: Cfg/install-sh -c -d
configure:3038: checking for gawk
configure:3068: result: no
configure:3038: checking for mawk
configure:3068: result: no
configure:3038: checking for nawk
configure:3068: result: no
configure:3038: checking for awk
configure:3054: found /usr/bin/awk
configure:3065: result: awk
configure:3076: checking whether make sets $(MAKE)
configure:3098: result: yes
configure:3249: checking for gcc
configure:3265: found /usr/bin/gcc
configure:3276: result: gcc
configure:3505: checking for C compiler version
configure:3514: gcc --version >&5
Apple LLVM version 6.1.0 (clang-602.0.53) (based on LLVM 3.6.0svn)
Target: x86_64-apple-darwin14.4.0
Thread model: posix
Configured with: --prefix=/Applications/Xcode.app/Contents/Developer/usr --with-gxx-include-dir=/Applications/Xcode.app/Contents/Developer/Platforms/MacOSX.platform/Developer/SDKs/MacOSX10.10.sdk/usr/include/c++/4.2.1
configure:3525: $? = 0
configure:3514: gcc -v >&5
Configured with: --prefix=/Applications/Xcode.app/Contents/Developer/usr --with-gxx-include-dir=/Applications/Xcode.app/Contents/Developer/Platforms/MacOSX.platform/Developer/SDKs/MacOSX10.10.sdk/usr/include/c++/4.2.1
Apple LLVM version 6.1.0 (clang-602.0.53) (based on LLVM 3.6.0svn)
Target: x86_64-apple-darwin14.4.0
Thread model: posix
configure:3525: $? = 0
configure:3514: gcc -V >&5
clang: error: argument to '-V' is missing (expected 1 value)
clang: error: no input files
configure:3525: $? = 1
configure:3514: gcc -qversion >&5
clang: error: unknown argument: '-qversion'
clang: error: no input files
configure:3525: $? = 1
configure:3545: checking whether the C compiler works
configure:3567: gcc    conftest.c  >&5
configure:3571: $? = 0
configure:3619: result: yes
configure:3622: checking for C compiler default output file name
configure:3624: result: a.out
configure:3630: checking for suffix of executables
configure:3637: gcc -o conftest    conftest.c  >&5
configure:3641: $? = 0
configure:3663: result: 
configure:3685: checking whether we are cross compiling
configure:3693: gcc -o conftest    conftest.c  >&5
configure:3697: $? = 0
configure:3704: ./conftest
configure:3708: $? = 0
configure:3723: result: no
configure:3728: checking for suffix of object files
configure:3750: gcc -c   conftest.c >&5
configure:3754: $? = 0
configure:3775: result: o
configure:3779: checking whether we are using the GNU C compiler
configure:3798: gcc -c   conftest.c >&5
configure:3798: $? = 0
configure:3807: result: yes
configure:3816: checking whether gcc accepts -g
configure:3836: gcc -c -g  conftest.c >&5
configure:3836: $? = 0
configure:3877: result: yes
configure:3894: checking for gcc option to accept ISO C89
configure:3958: gcc  -c -g -O2  conftest.c >&5
configure:3958: $? = 0
configure:3971: result: none needed
configure:4002: checking for style of include used by make
configure:4030: result: GNU
configure:4055: checking dependency style of gcc
configure:4165: result: gcc3
configure:4181: checking whether gcc and cc understand -c and -o together
configure:4212: gcc -c conftest.c -o conftest2.o >&5
configure:4216: $? = 0
configure:4222: gcc -c conftest.c -o conftest2.o >&5
configure:4226: $? = 0
configure:4237: cc -c conftest.c >&5
configure:4241: $? = 0
configure:4249: cc -c conftest.c -o conftest2.o >&5
configure:4253: $? = 0
configure:4259: cc -c conftest.c -o conftest2.o >&5
configure:4263: $? = 0
configure:4281: result: yes
configure:4364: checking for g++
configure:4380: found /usr/bin/g++
configure:4391: result: g++
configure:4418: checking for C++ compiler version
configure:4427: g++ --version >&5
Apple LLVM version 6.1.0 (clang-602.0.53) (based on LLVM 3.6.0svn)
Target: x86_64-apple-darwin14.4.0
Thread model: posix
Configured with: --prefix=/Applications/Xcode.app/Contents/Developer/usr --with-gxx-include-dir=/Applications/Xcode.app/Contents/Developer/Platforms/MacOSX.platform/Developer/SDKs/MacOSX10.10.sdk/usr/include/c++/4.2.1
configure:4438: $? = 0
configure:4427: g++ -v >&5
Configured with: --prefix=/Applications/Xcode.app/Contents/Developer/usr --with-gxx-include-dir=/Applications/Xcode.app/Contents/Developer/Platforms/MacOSX.platform/Developer/SDKs/MacOSX10.10.sdk/usr/include/c++/4.2.1
Apple LLVM version 6.1.0 (clang-602.0.53) (based on LLVM 3.6.0svn)
Target: x86_64-apple-darwin14.4.0
Thread model: posix
configure:4438: $? = 0
configure:4427: g++ -V >&5
clang: error: argument to '-V' is missing (expected 1 value)
clang: error: no input files
configure:4438: $? = 1
configure:4427: g++ -qversion >&5
clang: error: unknown argument: '-qversion'
clang: error: no input files
configure:4438: $? = 1
configure:4442: checking whether we are using the GNU C++ compiler
configure:4461: g++ -c   conftest.cpp >&5
configure:4461: $? = 0
configure:4470: result: yes
configure:4479: checking whether g++ accepts -g
configure:4499: g++ -c -g  conftest.cpp >&5
configure:4499: $? = 0
configure:4540: result: yes
configure:4565: checking dependency style of g++
configure:4675: result: gcc3
configure:4690: checking for a sed that does not truncate output
configure:4754: result: /usr/bin/sed
configure:4808: checking how to print strings
configure:4835: result: printf
configure:4856: checking for a sed that does not truncate output
configure:4920: result: /usr/bin/sed
configure:4938: checking for grep that handles long lines and -e
configure:4996: result: /usr/bin/grep
configure:5001: checking for egrep
configure:5063: result: /usr/bin/grep -E
configure:5068: checking for fgrep
configure:5130: result: /usr/bin/grep -F
configure:5165: checking for ld used by gcc
configure:5232: result: /Applications/Xcode.app/Contents/Developer/Toolchains/XcodeDefault.xctoolchain/usr/bin/ld
configure:5239: checking if the linker (/Applications/Xcode.app/Contents/Developer/Toolchains/XcodeDefault.xctoolchain/usr/bin/ld) is GNU ld
configure:5254: result: no
configure:5266: checking for BSD- or MS-compatible name lister (nm)
configure:5315: result: /usr/bin/nm
configure:5445: checking the name lister (/usr/bin/nm) interface
configure:5452: gcc -c -g -O2  conftest.c >&5
configure:5455: /usr/bin/nm "conftest.o"
configure:5458: output
0000000000000218 S _some_variable
configure:5465: result: BSD nm
configure:5468: checking whether ln -s works
configure:5472: result: yes
configure:5480: checking the maximum length of command line arguments
configure:5605: result: 196608
configure:5622: checking whether the shell understands some XSI constructs
configure:5632: result: yes
configure:5636: checking whether the shell understands "+="
configure:5642: result: yes
configure:5677: checking how to convert i386-apple-darwin14.4.0 file names to i386-apple-darwin14.4.0 format
configure:5717: result: func_convert_file_noop
configure:5724: checking how to convert i386-apple-darwin14.4.0 file names to toolchain format
configure:5744: result: func_convert_file_noop
configure:5751: checking for /Applications/Xcode.app/Contents/Developer/Toolchains/XcodeDefault.xctoolchain/usr/bin/ld option to reload object files
configure:5758: result: -r
configure:5832: checking for objdump
configure:5862: result: no
configure:5891: checking how to recognize dependent libraries
configure:6093: result: pass_all
configure:6178: checking for dlltool
configure:6208: result: no
configure:6238: checking how to associate runtime and link libraries
configure:6265: result: printf %s\n
configure:6326: checking for ar
configure:6342: found /usr/bin/ar
configure:6353: result: ar
configure:6390: checking for archiver @FILE support
configure:6407: gcc -c -g -O2  conftest.c >&5
configure:6407: $? = 0
configure:6410: ar cru libconftest.a @conftest.lst >&5
ar: @conftest.lst: No such file or directory
configure:6413: $? = 1
configure:6433: result: no
configure:6491: checking for strip
configure:6507: found /usr/bin/strip
configure:6518: result: strip
configure:6590: checking for ranlib
configure:6606: found /usr/bin/ranlib
configure:6617: result: ranlib
configure:6719: checking command to parse /usr/bin/nm output from gcc object
configure:6838: gcc -c -g -O2  conftest.c >&5
configure:6841: $? = 0
configure:6845: /usr/bin/nm conftest.o \| sed -n -e 's/^.*[ ]\([BCDEGRST][BCDEGRST]*\)[ ][ ]*\([_A-Za-z][_A-Za-z0-9]*\)$/\1 \2 \2/p' | sed '/ __gnu_lto/d' \> conftest.nm
configure:6848: $? = 0
cannot find nm_test_var in conftest.nm
configure:6838: gcc -c -g -O2  conftest.c >&5
configure:6841: $? = 0
configure:6845: /usr/bin/nm conftest.o \| sed -n -e 's/^.*[ ]\([BCDEGRST][BCDEGRST]*\)[ ][ ]*_\([_A-Za-z][_A-Za-z0-9]*\)$/\1 _\2 \2/p' | sed '/ __gnu_lto/d' \> conftest.nm
configure:6848: $? = 0
configure:6914: gcc -o conftest -g -O2   conftest.c conftstm.o >&5
configure:6917: $? = 0
configure:6955: result: ok
configure:6992: checking for sysroot
configure:7022: result: no
configure:7265: checking for mt
configure:7295: result: no
configure:7315: checking if : is a manifest tool
configure:7321: : '-?'
configure:7329: result: no
configure:7385: checking for dsymutil
configure:7401: found /usr/bin/dsymutil
configure:7412: result: dsymutil
configure:7477: checking for nmedit
configure:7493: found /usr/bin/nmedit
configure:7504: result: nmedit
configure:7569: checking for lipo
configure:7585: found /usr/bin/lipo
configure:7596: result: lipo
configure:7661: checking for otool
configure:7677: found /usr/bin/otool
configure:7688: result: otool
configure:7753: checking for otool64
configure:7783: result: no
configure:7828: checking for -single_module linker flag
gcc -g -O2  -o libconftest.dylib -dynamiclib -Wl,-single_module conftest.c
configure:7855: result: yes
configure:7857: checking for -exported_symbols_list linker flag
configure:7877: gcc -o conftest -g -O2   -Wl,-exported_symbols_list,conftest.sym conftest.c  >&5
configure:7877: $? = 0
configure:7887: result: yes
configure:7889: checking for -force_load linker flag
gcc -g -O2 -c -o conftest.o conftest.c
ar cru libconftest.a conftest.o
ranlib libconftest.a
gcc -g -O2  -o conftest conftest.c -Wl,-force_load,./libconftest.a
configure:7919: result: yes
configure:7961: checking how to run the C preprocessor
configure:7992: gcc -E  conftest.c
configure:7992: $? = 0
configure:8006: gcc -E  conftest.c
conftest.c:11:10: fatal error: 'ac_nonexistent.h' file not found
#include <ac_nonexistent.h>
         ^
1 error generated.
configure:8006: $? = 1
configure: failed program was:
| /* confdefs.h */
| #define PACKAGE_NAME "libsamplerate"
| #define PACKAGE_TARNAME "libsamplerate"
| #define PACKAGE_VERSION "0.1.8"
| #define PACKAGE_STRING "libsamplerate 0.1.8"
| #define PACKAGE_BUGREPORT "erikd@mega-nerd.com"
| #define PACKAGE_URL "http://www.mega-nerd.com/libsamplerate/"
| #define PACKAGE "libsamplerate"
| #define VERSION "0.1.8"
| /* end confdefs.h.  */
| #include <ac_nonexistent.h>
configure:8031: result: gcc -E
configure:8051: gcc -E  conftest.c
configure:8051: $? = 0
configure:8065: gcc -E  conftest.c
conftest.c:11:10: fatal error: 'ac_nonexistent.h' file not found
#include <ac_nonexistent.h>
         ^
1 error generated.
configure:8065: $? = 1
configure: failed program was:
| /* confdefs.h */
| #define PACKAGE_NAME "libsamplerate"
| #define PACKAGE_TARNAME "libsamplerate"
| #define PACKAGE_VERSION "0.1.8"
| #define PACKAGE_STRING "libsamplerate 0.1.8"
| #define PACKAGE_BUGREPORT "erikd@mega-nerd.com"
| #define PACKAGE_URL "http://www.mega-nerd.com/libsamplerate/"
| #define PACKAGE "libsamplerate"
| #define VERSION "0.1.8"
| /* end confdefs.h.  */
| #include <ac_nonexistent.h>
configure:8094: checking for ANSI C header files
configure:8114: gcc -c -g -O2  conftest.c >&5
configure:8114: $? = 0
configure:8187: gcc -o conftest -g -O2   conftest.c  >&5
configure:8187: $? = 0
configure:8187: ./conftest
configure:8187: $? = 0
configure:8198: result: yes
configure:8211: checking for sys/types.h
configure:8211: gcc -c -g -O2  conftest.c >&5
configure:8211: $? = 0
configure:8211: result: yes
configure:8211: checking for sys/stat.h
configure:8211: gcc -c -g -O2  conftest.c >&5
configure:8211: $? = 0
configure:8211: result: yes
configure:8211: checking for stdlib.h
configure:8211: gcc -c -g -O2  conftest.c >&5
configure:8211: $? = 0
configure:8211: result: yes
configure:8211: checking for string.h
configure:8211: gcc -c -g -O2  conftest.c >&5
configure:8211: $? = 0
configure:8211: result: yes
configure:8211: checking for memory.h
configure:8211: gcc -c -g -O2  conftest.c >&5
configure:8211: $? = 0
configure:8211: result: yes
configure:8211: checking for strings.h
configure:8211: gcc -c -g -O2  conftest.c >&5
configure:8211: $? = 0
configure:8211: result: yes
configure:8211: checking for inttypes.h
configure:8211: gcc -c -g -O2  conftest.c >&5
configure:8211: $? = 0
configure:8211: result: yes
configure:8211: checking for stdint.h
configure:8211: gcc -c -g -O2  conftest.c >&5
configure:8211: $? = 0
configure:8211: result: yes
configure:8211: checking for unistd.h
configure:8211: gcc -c -g -O2  conftest.c >&5
configure:8211: $? = 0
configure:8211: result: yes
configure:8225: checking for dlfcn.h
configure:8225: gcc -c -g -O2  conftest.c >&5
configure:8225: $? = 0
configure:8225: result: yes
configure:8423: checking for objdir
configure:8438: result: .libs
configure:8709: checking if gcc supports -fno-rtti -fno-exceptions
configure:8727: gcc -c -g -O2  -fno-rtti -fno-exceptions conftest.c >&5
configure:8731: $? = 0
configure:8744: result: yes
configure:9054: checking for gcc option to produce PIC
configure:9061: result: -fno-common -DPIC
configure:9069: checking if gcc PIC flag -fno-common -DPIC works
configure:9087: gcc -c -g -O2  -fno-common -DPIC -DPIC conftest.c >&5
configure:9091: $? = 0
configure:9104: result: yes
configure:9133: checking if gcc static flag -static works
configure:9161: result: no
configure:9176: checking if gcc supports -c -o file.o
configure:9197: gcc -c -g -O2  -o out/conftest2.o conftest.c >&5
configure:9201: $? = 0
configure:9223: result: yes
configure:9231: checking if gcc supports -c -o file.o
configure:9278: result: yes
configure:9311: checking whether the gcc linker (/Applications/Xcode.app/Contents/Developer/Toolchains/XcodeDefault.xctoolchain/usr/bin/ld) supports shared libraries
configure:10473: result: yes
configure:10718: checking dynamic linker characteristics
configure:11467: result: darwin14.4.0 dyld
configure:11574: checking how to hardcode library paths into programs
configure:11599: result: immediate
configure:12139: checking whether stripping libraries is possible
configure:12153: result: yes
configure:12179: checking if libtool supports shared libraries
configure:12181: result: yes
configure:12184: checking whether to build shared libraries
configure:12205: result: yes
configure:12208: checking whether to build static libraries
configure:12212: result: yes
configure:12235: checking how to run the C++ preprocessor
configure:12262: g++ -E  conftest.cpp
configure:12262: $? = 0
configure:12276: g++ -E  conftest.cpp
conftest.cpp:23:10: fatal error: 'ac_nonexistent.h' file not found
#include <ac_nonexistent.h>
         ^
1 error generated.
configure:12276: $? = 1
configure: failed program was:
| /* confdefs.h */
| #define PACKAGE_NAME "libsamplerate"
| #define PACKAGE_TARNAME "libsamplerate"
| #define PACKAGE_VERSION "0.1.8"
| #define PACKAGE_STRING "libsamplerate 0.1.8"
| #define PACKAGE_BUGREPORT "erikd@mega-nerd.com"
| #define PACKAGE_URL "http://www.mega-nerd.com/libsamplerate/"
| #define PACKAGE "libsamplerate"
| #define VERSION "0.1.8"
| #define STDC_HEADERS 1
| #define HAVE_SYS_TYPES_H 1
| #define HAVE_SYS_STAT_H 1
| #define HAVE_STDLIB_H 1
| #define HAVE_STRING_H 1
| #define HAVE_MEMORY_H 1
| #define HAVE_STRINGS_H 1
| #define HAVE_INTTYPES_H 1
| #define HAVE_STDINT_H 1
| #define HAVE_UNISTD_H 1
| #define HAVE_DLFCN_H 1
| #define LT_OBJDIR ".libs/"
| /* end confdefs.h.  */
| #include <ac_nonexistent.h>
configure:12301: result: g++ -E
configure:12321: g++ -E  conftest.cpp
configure:12321: $? = 0
configure:12335: g++ -E  conftest.cpp
conftest.cpp:23:10: fatal error: 'ac_nonexistent.h' file not found
#include <ac_nonexistent.h>
         ^
1 error generated.
configure:12335: $? = 1
configure: failed program was:
| /* confdefs.h */
| #define PACKAGE_NAME "libsamplerate"
| #define PACKAGE_TARNAME "libsamplerate"
| #define PACKAGE_VERSION "0.1.8"
| #define PACKAGE_STRING "libsamplerate 0.1.8"
| #define PACKAGE_BUGREPORT "erikd@mega-nerd.com"
| #define PACKAGE_URL "http://www.mega-nerd.com/libsamplerate/"
| #define PACKAGE "libsamplerate"
| #define VERSION "0.1.8"
| #define STDC_HEADERS 1
| #define HAVE_SYS_TYPES_H 1
| #define HAVE_SYS_STAT_H 1
| #define HAVE_STDLIB_H 1
| #define HAVE_STRING_H 1
| #define HAVE_MEMORY_H 1
| #define HAVE_STRINGS_H 1
| #define HAVE_INTTYPES_H 1
| #define HAVE_STDINT_H 1
| #define HAVE_UNISTD_H 1
| #define HAVE_DLFCN_H 1
| #define LT_OBJDIR ".libs/"
| /* end confdefs.h.  */
| #include <ac_nonexistent.h>
configure:12505: checking for ld used by g++
configure:12572: result: /Applications/Xcode.app/Contents/Developer/Toolchains/XcodeDefault.xctoolchain/usr/bin/ld
configure:12579: checking if the linker (/Applications/Xcode.app/Contents/Developer/Toolchains/XcodeDefault.xctoolchain/usr/bin/ld) is GNU ld
configure:12594: result: no
configure:12649: checking whether the g++ linker (/Applications/Xcode.app/Contents/Developer/Toolchains/XcodeDefault.xctoolchain/usr/bin/ld) supports shared libraries
configure:13653: result: yes
configure:13688: g++ -c -g -O2  conftest.cpp >&5
configure:13691: $? = 0
configure:14211: checking for g++ option to produce PIC
configure:14218: result: -fno-common -DPIC
configure:14226: checking if g++ PIC flag -fno-common -DPIC works
configure:14244: g++ -c -g -O2  -fno-common -DPIC -DPIC conftest.cpp >&5
configure:14248: $? = 0
configure:14261: result: yes
configure:14284: checking if g++ static flag -static works
configure:14312: result: no
configure:14324: checking if g++ supports -c -o file.o
configure:14345: g++ -c -g -O2  -o out/conftest2.o conftest.cpp >&5
configure:14349: $? = 0
configure:14371: result: yes
configure:14376: checking if g++ supports -c -o file.o
configure:14423: result: yes
configure:14453: checking whether the g++ linker (/Applications/Xcode.app/Contents/Developer/Toolchains/XcodeDefault.xctoolchain/usr/bin/ld) supports shared libraries
configure:14490: result: yes
configure:14633: checking dynamic linker characteristics
configure:15316: result: darwin14.4.0 dyld
configure:15369: checking how to hardcode library paths into programs
configure:15394: result: immediate
configure:15496: checking for windres
configure:15526: result: no
configure:15631: checking whether ln -s works
configure:15635: result: yes
configure:15665: checking whether make sets $(MAKE)
configure:15687: result: yes
configure:15696: checking whether ln -s works
configure:15700: result: yes
configure:15823: checking for ANSI C header files
configure:15927: result: yes
configure:15939: checking for stdint.h
configure:15939: result: yes
configure:15939: checking sys/times.h usability
configure:15939: gcc -c -g -O2  conftest.c >&5
configure:15939: $? = 0
configure:15939: result: yes
configure:15939: checking sys/times.h presence
configure:15939: gcc -E  conftest.c
configure:15939: $? = 0
configure:15939: result: yes
configure:15939: checking for sys/times.h
configure:15939: result: yes
configure:16005: checking size of int
configure:16010: gcc -o conftest -g -O2   conftest.c  >&5
configure:16010: $? = 0
configure:16010: ./conftest
configure:16010: $? = 0
configure:16024: result: 4
configure:16038: checking size of long
configure:16043: gcc -o conftest -g -O2   conftest.c  >&5
configure:16043: $? = 0
configure:16043: ./conftest
configure:16043: $? = 0
configure:16057: result: 8
configure:16071: checking size of float
configure:16076: gcc -o conftest -g -O2   conftest.c  >&5
configure:16076: $? = 0
configure:16076: ./conftest
configure:16076: $? = 0
configure:16090: result: 4
configure:16104: checking size of double
configure:16109: gcc -o conftest -g -O2   conftest.c  >&5
configure:16109: $? = 0
configure:16109: ./conftest
configure:16109: $? = 0
configure:16123: result: 8
configure:16137: checking processor byte ordering
configure:16216: gcc -o conftest -g -O2   conftest.c  >&5
configure:16216: $? = 0
configure:16234: gcc -o conftest -g -O2   conftest.c  >&5
configure:16234: $? = 0
configure:16258: gcc -o conftest -g -O2   conftest.c  >&5
configure:16258: $? = 0
configure:16351: result: little
configure:16396: checking for malloc
configure:16396: gcc -o conftest -g -O2   conftest.c  >&5
conftest.c:55:6: warning: incompatible redeclaration of library function 'malloc' [-Wincompatible-library-redeclaration]
char malloc ();
     ^
conftest.c:55:6: note: 'malloc' is a builtin with type 'void *(unsigned long)'
1 warning generated.
configure:16396: $? = 0
configure:16396: result: yes
configure:16396: checking for calloc
configure:16396: gcc -o conftest -g -O2   conftest.c  >&5
conftest.c:56:6: warning: incompatible redeclaration of library function 'calloc' [-Wincompatible-library-redeclaration]
char calloc ();
     ^
conftest.c:56:6: note: 'calloc' is a builtin with type 'void *(unsigned long, unsigned long)'
1 warning generated.
configure:16396: $? = 0
configure:16396: result: yes
configure:16396: checking for free
configure:16396: gcc -o conftest -g -O2   conftest.c  >&5
configure:16396: $? = 0
configure:16396: result: yes
configure:16396: checking for memcpy
configure:16396: gcc -o conftest -g -O2   conftest.c  >&5
conftest.c:58:6: warning: incompatible redeclaration of library function 'memcpy' [-Wincompatible-library-redeclaration]
char memcpy ();
     ^
conftest.c:58:6: note: 'memcpy' is a builtin with type 'void *(void *, const void *, unsigned long)'
1 warning generated.
configure:16396: $? = 0
configure:16396: result: yes
configure:16396: checking for memmove
configure:16396: gcc -o conftest -g -O2   conftest.c  >&5
conftest.c:59:6: warning: incompatible redeclaration of library function 'memmove' [-Wincompatible-library-redeclaration]
char memmove ();
     ^
conftest.c:59:6: note: 'memmove' is a builtin with type 'void *(void *, const void *, unsigned long)'
1 warning generated.
configure:16396: $? = 0
configure:16396: result: yes
configure:16396: checking for alarm
configure:16396: gcc -o conftest -g -O2   conftest.c  >&5
configure:16396: $? = 0
configure:16396: result: yes
configure:16396: checking for signal
configure:16396: gcc -o conftest -g -O2   conftest.c  >&5
configure:16396: $? = 0
configure:16396: result: yes
configure:16406: checking for floor in -lm
configure:16431: gcc -o conftest -g -O2   conftest.c -lm   >&5
conftest.c:46:6: warning: incompatible redeclaration of library function 'floor' [-Wincompatible-library-redeclaration]
char floor ();
     ^
conftest.c:46:6: note: 'floor' is a builtin with type 'double (double)'
1 warning generated.
configure:16431: $? = 0
configure:16440: result: yes
configure:16454: checking for floor
configure:16454: gcc -o conftest -g -O2   conftest.c -lm  >&5
conftest.c:63:6: warning: incompatible redeclaration of library function 'floor' [-Wincompatible-library-redeclaration]
char floor ();
     ^
conftest.c:63:6: note: 'floor' is a builtin with type 'double (double)'
1 warning generated.
configure:16454: $? = 0
configure:16454: result: yes
configure:16454: checking for ceil
configure:16454: gcc -o conftest -g -O2   conftest.c -lm  >&5
conftest.c:64:6: warning: incompatible redeclaration of library function 'ceil' [-Wincompatible-library-redeclaration]
char ceil ();
     ^
conftest.c:64:6: note: 'ceil' is a builtin with type 'double (double)'
1 warning generated.
configure:16454: $? = 0
configure:16454: result: yes
configure:16454: checking for fmod
configure:16454: gcc -o conftest -g -O2   conftest.c -lm  >&5
conftest.c:65:6: warning: incompatible redeclaration of library function 'fmod' [-Wincompatible-library-redeclaration]
char fmod ();
     ^
conftest.c:65:6: note: 'fmod' is a builtin with type 'double (double, double)'
1 warning generated.
configure:16454: $? = 0
configure:16454: result: yes
configure:16464: checking for SIGALRM
configure:16484: gcc -o conftest -g -O2   conftest.c -lm  >&5
configure:16484: $? = 0
configure:16494: result: yes
configure:16504: checking for lrint
configure:16530: gcc -o conftest -lm   conftest.c -lm  >&5
conftest.c:55:22: warning: ignoring return value of function declared with const attribute [-Wunused-value]
if (!lrint(3.14159)) lrint(2.7183);
                     ^~~~~ ~~~~~~
1 warning generated.
configure:16530: $? = 0
configure:16542: result: yes
configure:16551: checking for lrintf
configure:16577: gcc -o conftest -lm   conftest.c -lm  >&5
conftest.c:56:23: warning: ignoring return value of function declared with const attribute [-Wunused-value]
if (!lrintf(3.14159)) lrintf(2.7183);
                      ^~~~~~ ~~~~~~
1 warning generated.
configure:16577: $? = 0
configure:16589: result: yes
configure:16615: checking processor clipping capabilities
configure:16655: gcc -o conftest -g -O2   conftest.c -lm  >&5
configure:16655: $? = 0
configure:16655: ./conftest
configure:16655: $? = 1
configure: program exited with status 1
configure: failed program was:
| /* confdefs.h */
| #define PACKAGE_NAME "libsamplerate"
| #define PACKAGE_TARNAME "libsamplerate"
| #define PACKAGE_VERSION "0.1.8"
| #define PACKAGE_STRING "libsamplerate 0.1.8"
| #define PACKAGE_BUGREPORT "erikd@mega-nerd.com"
| #define PACKAGE_URL "http://www.mega-nerd.com/libsamplerate/"
| #define PACKAGE "libsamplerate"
| #define VERSION "0.1.8"
| #define STDC_HEADERS 1
| #define HAVE_SYS_TYPES_H 1
| #define HAVE_SYS_STAT_H 1
| #define HAVE_STDLIB_H 1
| #define HAVE_STRING_H 1
| #define HAVE_MEMORY_H 1
| #define HAVE_STRINGS_H 1
| #define HAVE_INTTYPES_H 1
| #define HAVE_STDINT_H 1
| #define HAVE_UNISTD_H 1
| #define HAVE_DLFCN_H 1
| #define LT_OBJDIR ".libs/"
| #define STDC_HEADERS 1
| #define HAVE_STDINT_H 1
| #define HAVE_SYS_TIMES_H 1
| #define SIZEOF_INT 4
| #define SIZEOF_LONG 8
| #define SIZEOF_FLOAT 4
| #define SIZEOF_DOUBLE 8
| #define CPU_IS_BIG_ENDIAN 0
| #define CPU_IS_LITTLE_ENDIAN 1
| #define HAVE_MALLOC 1
| #define HAVE_CALLOC 1
| #define HAVE_FREE 1
| #define HAVE_MEMCPY 1
| #define HAVE_MEMMOVE 1
| #define HAVE_ALARM 1
| #define HAVE_SIGNAL 1
| #define HAVE_LIBM 1
| #define HAVE_FLOOR 1
| #define HAVE_CEIL 1
| #define HAVE_FMOD 1
| #define HAVE_SIGALRM 1
| #define HAVE_LRINT 1
| #define HAVE_LRINTF 1
| /* end confdefs.h.  */
| 
| 	#define	_ISOC9X_SOURCE	1
| 	#define _ISOC99_SOURCE	1
| 	#define	__USE_ISOC99	1
| 	#define __USE_ISOC9X	1
| 	#include <math.h>
| 	int main (void)
| 	{	double	fval ;
| 		int k, ival ;
| 
| 		fval = 1.0 * 0x7FFFFFFF ;
| 		for (k = 0 ; k < 100 ; k++)
| 		{	ival = (lrint (fval)) >> 24 ;
| 			if (ival != 127)
| 				return 1 ;
| 
| 			fval *= 1.2499999 ;
| 			} ;
| 
| 			return 0 ;
| 		}
| 
configure:16694: gcc -o conftest -g -O2   conftest.c -lm  >&5
configure:16694: $? = 0
configure:16694: ./conftest
configure:16694: $? = 1
configure: program exited with status 1
configure: failed program was:
| /* confdefs.h */
| #define PACKAGE_NAME "libsamplerate"
| #define PACKAGE_TARNAME "libsamplerate"
| #define PACKAGE_VERSION "0.1.8"
| #define PACKAGE_STRING "libsamplerate 0.1.8"
| #define PACKAGE_BUGREPORT "erikd@mega-nerd.com"
| #define PACKAGE_URL "http://www.mega-nerd.com/libsamplerate/"
| #define PACKAGE "libsamplerate"
| #define VERSION "0.1.8"
| #define STDC_HEADERS 1
| #define HAVE_SYS_TYPES_H 1
| #define HAVE_SYS_STAT_H 1
| #define HAVE_STDLIB_H 1
| #define HAVE_STRING_H 1
| #define HAVE_MEMORY_H 1
| #define HAVE_STRINGS_H 1
| #define HAVE_INTTYPES_H 1
| #define HAVE_STDINT_H 1
| #define HAVE_UNISTD_H 1
| #define HAVE_DLFCN_H 1
| #define LT_OBJDIR ".libs/"
| #define STDC_HEADERS 1
| #define HAVE_STDINT_H 1
| #define HAVE_SYS_TIMES_H 1
| #define SIZEOF_INT 4
| #define SIZEOF_LONG 8
| #define SIZEOF_FLOAT 4
| #define SIZEOF_DOUBLE 8
| #define CPU_IS_BIG_ENDIAN 0
| #define CPU_IS_LITTLE_ENDIAN 1
| #define HAVE_MALLOC 1
| #define HAVE_CALLOC 1
| #define HAVE_FREE 1
| #define HAVE_MEMCPY 1
| #define HAVE_MEMMOVE 1
| #define HAVE_ALARM 1
| #define HAVE_SIGNAL 1
| #define HAVE_LIBM 1
| #define HAVE_FLOOR 1
| #define HAVE_CEIL 1
| #define HAVE_FMOD 1
| #define HAVE_SIGALRM 1
| #define HAVE_LRINT 1
| #define HAVE_LRINTF 1
| /* end confdefs.h.  */
| 
| 	#define	_ISOC9X_SOURCE	1
| 	#define _ISOC99_SOURCE	1
| 	#define	__USE_ISOC99	1
| 	#define __USE_ISOC9X	1
| 	#include <math.h>
| 	int main (void)
| 	{	double	fval ;
| 		int k, ival ;
| 
| 		fval = -8.0 * 0x10000000 ;
| 		for (k = 0 ; k < 100 ; k++)
| 		{	ival = (lrint (fval)) >> 24 ;
| 			if (ival != -128)
| 				return 1 ;
| 
| 			fval *= 1.2499999 ;
| 			} ;
| 
| 			return 0 ;
| 		}
| 
configure:16736: result: none
configure:16824: checking for pkg-config
configure:16857: result: no
configure:16894: checking for SNDFILE
configure:16953: result: no
configure:16987: checking for FFTW3
configure:17046: result: no
configure:17311: creating ./config.status

## ---------------------- ##
## Running config.status. ##
## ---------------------- ##

This file was extended by libsamplerate config.status 0.1.8, which was
generated by GNU Autoconf 2.68.  Invocation command line was

  CONFIG_FILES    = 
  CONFIG_HEADERS  = 
  CONFIG_LINKS    = 
  CONFIG_COMMANDS = 
  $ ./config.status 

on MacBook-Pro-de-Yohann.local

config.status:1267: creating Makefile
config.status:1267: creating M4/Makefile
config.status:1267: creating src/Version_script
config.status:1267: creating Win32/Makefile
config.status:1267: creating Win32/Makefile.mingw
config.status:1267: creating src/Makefile
config.status:1267: creating examples/Makefile
config.status:1267: creating tests/Makefile
config.status:1267: creating doc/Makefile
config.status:1267: creating libsamplerate.spec
config.status:1267: creating samplerate.pc
config.status:1267: creating src/config.h
config.status:1496: executing depfiles commands
config.status:1496: executing libtool commands
configure:20090: result:
-=-=-=-=-=-=-=-=-=-= Configuration Complete =-=-=-=-=-=-=-=-=-=-=-

  Configuration summary :

    Version : ..................... 0.1.8

    Host CPU : .................... i386
    Host Vendor : ................. apple
    Host OS : ..................... darwin14.4.0

configure:20112: result:
  Extra tools required for testing and examples :

    Use FFTW : .................... no
configure:20119: result:     Have libsndfile : ............. no

configure:20128: result:   Installation directories :

    Library directory : ........... /usr/local/lib
    Program directory : ........... /usr/local/bin
    Pkgconfig directory : ......... /usr/local/lib/pkgconfig


## ---------------- ##
## Cache variables. ##
## ---------------- ##

ac_cv_build=i386-apple-darwin14.4.0
ac_cv_c99_lrint=yes
ac_cv_c99_lrintf=yes
ac_cv_c_big_endian=0
ac_cv_c_byte_order=little
ac_cv_c_clip_negative=0
ac_cv_c_clip_positive=0
ac_cv_c_clip_type=none
ac_cv_c_compiler_gnu=yes
ac_cv_c_little_endian=1
ac_cv_cxx_compiler_gnu=yes
ac_cv_env_CCC_set=
ac_cv_env_CCC_value=
ac_cv_env_CC_set=
ac_cv_env_CC_value=
ac_cv_env_CFLAGS_set=
ac_cv_env_CFLAGS_value=
ac_cv_env_CPPFLAGS_set=
ac_cv_env_CPPFLAGS_value=
ac_cv_env_CPP_set=
ac_cv_env_CPP_value=
ac_cv_env_CXXCPP_set=
ac_cv_env_CXXCPP_value=
ac_cv_env_CXXFLAGS_set=
ac_cv_env_CXXFLAGS_value=
ac_cv_env_CXX_set=
ac_cv_env_CXX_value=
ac_cv_env_FFTW3_CFLAGS_set=
ac_cv_env_FFTW3_CFLAGS_value=
ac_cv_env_FFTW3_LIBS_set=
ac_cv_env_FFTW3_LIBS_value=
ac_cv_env_LDFLAGS_set=
ac_cv_env_LDFLAGS_value=
ac_cv_env_LIBS_set=
ac_cv_env_LIBS_value=
ac_cv_env_PKG_CONFIG_LIBDIR_set=
ac_cv_env_PKG_CONFIG_LIBDIR_value=
ac_cv_env_PKG_CONFIG_PATH_set=
ac_cv_env_PKG_CONFIG_PATH_value=
ac_cv_env_PKG_CONFIG_set=
ac_cv_env_PKG_CONFIG_value=
ac_cv_env_SNDFILE_CFLAGS_set=
ac_cv_env_SNDFILE_CFLAGS_value=
ac_cv_env_SNDFILE_LIBS_set=
ac_cv_env_SNDFILE_LIBS_value=
ac_cv_env_build_alias_set=
ac_cv_env_build_alias_value=
ac_cv_env_host_alias_set=
ac_cv_env_host_alias_value=
ac_cv_env_target_alias_set=
ac_cv_env_target_alias_value=
ac_cv_fftw3=no
ac_cv_func_alarm=yes
ac_cv_func_calloc=yes
ac_cv_func_ceil=yes
ac_cv_func_floor=yes
ac_cv_func_fmod=yes
ac_cv_func_free=yes
ac_cv_func_malloc=yes
ac_cv_func_memcpy=yes
ac_cv_func_memmove=yes
ac_cv_func_signal=yes
ac_cv_header_dlfcn_h=yes
ac_cv_header_inttypes_h=yes
ac_cv_header_memory_h=yes
ac_cv_header_stdc=yes
ac_cv_header_stdint_h=yes
ac_cv_header_stdlib_h=yes
ac_cv_header_string_h=yes
ac_cv_header_strings_h=yes
ac_cv_header_sys_stat_h=yes
ac_cv_header_sys_times_h=yes
ac_cv_header_sys_types_h=yes
ac_cv_header_unistd_h=yes
ac_cv_host=i386-apple-darwin14.4.0
ac_cv_lib_m_floor=yes
ac_cv_objext=o
ac_cv_path_EGREP='/usr/bin/grep -E'
ac_cv_path_FGREP='/usr/bin/grep -F'
ac_cv_path_GREP=/usr/bin/grep
ac_cv_path_SED=/usr/bin/sed
ac_cv_path_install='/usr/bin/install -c'
ac_cv_prog_AWK=awk
ac_cv_prog_CPP='gcc -E'
ac_cv_prog_CXXCPP='g++ -E'
ac_cv_prog_ac_ct_AR=ar
ac_cv_prog_ac_ct_CC=gcc
ac_cv_prog_ac_ct_CXX=g++
ac_cv_prog_ac_ct_DSYMUTIL=dsymutil
ac_cv_prog_ac_ct_LIPO=lipo
ac_cv_prog_ac_ct_NMEDIT=nmedit
ac_cv_prog_ac_ct_OTOOL=otool
ac_cv_prog_ac_ct_RANLIB=ranlib
ac_cv_prog_ac_ct_STRIP=strip
ac_cv_prog_cc_c89=
ac_cv_prog_cc_g=yes
ac_cv_prog_cc_gcc_c_o=yes
ac_cv_prog_cxx_g=yes
ac_cv_prog_make_make_set=yes
ac_cv_signal_SIGALRM=yes
ac_cv_sizeof_double=8
ac_cv_sizeof_float=4
ac_cv_sizeof_int=4
ac_cv_sizeof_long=8
ac_cv_sndfile=no
ac_cv_target=i386-apple-darwin14.4.0
am_cv_CC_dependencies_compiler_type=gcc3
am_cv_CXX_dependencies_compiler_type=gcc3
lt_cv_apple_cc_single_mod=yes
lt_cv_ar_at_file=no
lt_cv_deplibs_check_method=pass_all
lt_cv_file_magic_cmd='$MAGIC_CMD'
lt_cv_file_magic_test_file=
lt_cv_ld_exported_symbols_list=yes
lt_cv_ld_force_load=yes
lt_cv_ld_reload_flag=-r
lt_cv_nm_interface='BSD nm'
lt_cv_objdir=.libs
lt_cv_path_LD=/Applications/Xcode.app/Contents/Developer/Toolchains/XcodeDefault.xctoolchain/usr/bin/ld
lt_cv_path_LDCXX=/Applications/Xcode.app/Contents/Developer/Toolchains/XcodeDefault.xctoolchain/usr/bin/ld
lt_cv_path_NM=/usr/bin/nm
lt_cv_path_mainfest_tool=no
lt_cv_prog_compiler_c_o=yes
lt_cv_prog_compiler_c_o_CXX=yes
lt_cv_prog_compiler_c_o_RC=yes
lt_cv_prog_compiler_pic='-fno-common -DPIC'
lt_cv_prog_compiler_pic_CXX='-fno-common -DPIC'
lt_cv_prog_compiler_pic_works=yes
lt_cv_prog_compiler_pic_works_CXX=yes
lt_cv_prog_compiler_rtti_exceptions=yes
lt_cv_prog_compiler_static_works=no
lt_cv_prog_compiler_static_works_CXX=no
lt_cv_prog_gnu_ld=no
lt_cv_prog_gnu_ldcxx=no
lt_cv_sharedlib_from_linklib_cmd='printf %s\n'
lt_cv_sys_global_symbol_pipe='sed -n -e '\''s/^.*[	 ]\([BCDEGRST][BCDEGRST]*\)[	 ][	 ]*_\([_A-Za-z][_A-Za-z0-9]*\)$/\1 _\2 \2/p'\'' | sed '\''/ __gnu_lto/d'\'''
lt_cv_sys_global_symbol_to_c_name_address='sed -n -e '\''s/^: \([^ ]*\)[ ]*$/  {\"\1\", (void *) 0},/p'\'' -e '\''s/^[BCDEGRST]* \([^ ]*\) \([^ ]*\)$/  {"\2", (void *) \&\2},/p'\'''
lt_cv_sys_global_symbol_to_c_name_address_lib_prefix='sed -n -e '\''s/^: \([^ ]*\)[ ]*$/  {\"\1\", (void *) 0},/p'\'' -e '\''s/^[BCDEGRST]* \([^ ]*\) \(lib[^ ]*\)$/  {"\2", (void *) \&\2},/p'\'' -e '\''s/^[BCDEGRST]* \([^ ]*\) \([^ ]*\)$/  {"lib\2", (void *) \&\2},/p'\'''
lt_cv_sys_global_symbol_to_cdecl='sed -n -e '\''s/^T .* \(.*\)$/extern int \1();/p'\'' -e '\''s/^[BCDEGRST]* .* \(.*\)$/extern char \1;/p'\'''
lt_cv_sys_max_cmd_len=196608
lt_cv_to_host_file_cmd=func_convert_file_noop
lt_cv_to_tool_file_cmd=func_convert_file_noop

## ----------------- ##
## Output variables. ##
## ----------------- ##

ACLOCAL='${SHELL} /Users/yoyofr/Documents/dev/iphone/modizer/modizer/libresample/libsamplerate-0.1.8/Cfg/missing --run aclocal-1.11'
ACLOCAL_AMFLAGS='-I M4'
AMDEPBACKSLASH='\'
AMDEP_FALSE='#'
AMDEP_TRUE=''
AMTAR='${SHELL} /Users/yoyofr/Documents/dev/iphone/modizer/modizer/libresample/libsamplerate-0.1.8/Cfg/missing --run tar'
AM_BACKSLASH='\'
AM_DEFAULT_VERBOSITY='0'
AR='ar'
AUTOCONF='${SHELL} /Users/yoyofr/Documents/dev/iphone/modizer/modizer/libresample/libsamplerate-0.1.8/Cfg/missing --run autoconf'
AUTOHEADER='${SHELL} /Users/yoyofr/Documents/dev/iphone/modizer/modizer/libresample/libsamplerate-0.1.8/Cfg/missing --run autoheader'
AUTOMAKE='${SHELL} /Users/yoyofr/Documents/dev/iphone/modizer/modizer/libresample/libsamplerate-0.1.8/Cfg/missing --run automake-1.11'
AWK='awk'
CC='gcc'
CCDEPMODE='depmode=gcc3'
CFLAGS='-g -O2 -std=gnu99 -W -Wstrict-prototypes -Wmissing-prototypes  -Waggregate-return -Wcast-align -Wcast-qual -Wnested-externs -Wshadow -Wpointer-arith -pipe'
COMPILER_IS_GCC=''
CPP='gcc -E'
CPPFLAGS=''
CXX='g++'
CXXCPP='g++ -E'
CXXDEPMODE='depmode=gcc3'
CXXFLAGS='-g -O2'
CYGPATH_W='echo'
DEFS='-DHAVE_CONFIG_H'
DEPDIR='.deps'
DLLTOOL='false'
DLLWRAP=''
DSYMUTIL='dsymutil'
DUMPBIN=''
ECHO_C='\c'
ECHO_N=''
ECHO_T=''
EGREP='/usr/bin/grep -E'
EXEEXT=''
FFTW3_CFLAGS=''
FFTW3_LIBS=''
FGREP='/usr/bin/grep -F'
GCC_MAJOR_VERSION='4'
GREP='/usr/bin/grep'
HAVE_FFTW3='0'
HAVE_SNDFILE='0'
INSTALL_DATA='${INSTALL} -m 644'
INSTALL_PROGRAM='${INSTALL}'
INSTALL_SCRIPT='${INSTALL}'
INSTALL_STRIP_PROGRAM='$(install_sh) -c -s'
LD='/Applications/Xcode.app/Contents/Developer/Toolchains/XcodeDefault.xctoolchain/usr/bin/ld'
LDFLAGS=''
LIBOBJS=''
LIBS='-lm '
LIBTOOL='$(SHELL) $(top_builddir)/libtool'
LIPO='lipo'
LN_S='ln -s'
LTLIBOBJS=''
MAKEINFO='${SHELL} /Users/yoyofr/Documents/dev/iphone/modizer/modizer/libresample/libsamplerate-0.1.8/Cfg/missing --run makeinfo'
MANIFEST_TOOL=':'
MKDIR_P='Cfg/install-sh -c -d'
NM='/usr/bin/nm'
NMEDIT='nmedit'
OBJDUMP='false'
OBJEXT='o'
OS_SPECIFIC_INCLUDES='-fpascal-strings -I/Developer/Headers/FlatCarbon'
OS_SPECIFIC_LINKS='-framework CoreAudio'
OTOOL64=':'
OTOOL='otool'
PACKAGE='libsamplerate'
PACKAGE_BUGREPORT='erikd@mega-nerd.com'
PACKAGE_NAME='libsamplerate'
PACKAGE_STRING='libsamplerate 0.1.8'
PACKAGE_TARNAME='libsamplerate'
PACKAGE_URL='http://www.mega-nerd.com/libsamplerate/'
PACKAGE_VERSION='0.1.8'
PATH_SEPARATOR=':'
PEXPORTS=''
PKG_CONFIG=''
PKG_CONFIG_LIBDIR=''
PKG_CONFIG_PATH=''
RANLIB='ranlib'
RC=''
SED='/usr/bin/sed'
SET_MAKE=''
SHARED_VERSION_INFO='1:8:1'
SHELL='/bin/sh'
SHLIB_VERSION_ARG=''
SNDFILE_CFLAGS=''
SNDFILE_LIBS=''
STRIP='strip'
VERSION='0.1.8'
ac_ct_AR='ar'
ac_ct_CC='gcc'
ac_ct_CXX='g++'
ac_ct_DUMPBIN=''
am__EXEEXT_FALSE=''
am__EXEEXT_TRUE='#'
am__fastdepCC_FALSE='#'
am__fastdepCC_TRUE=''
am__fastdepCXX_FALSE='#'
am__fastdepCXX_TRUE=''
am__include='include'
am__isrc=''
am__leading_dot='.'
am__quote=''
am__tar='${AMTAR} chof - "$$tardir"'
am__untar='${AMTAR} xf -'
bindir='${exec_prefix}/bin'
build='i386-apple-darwin14.4.0'
build_alias=''
build_cpu='i386'
build_os='darwin14.4.0'
build_vendor='apple'
datadir='${datarootdir}'
datarootdir='${prefix}/share'
docdir='${datarootdir}/doc/${PACKAGE_TARNAME}'
dvidir='${docdir}'
exec_prefix='${prefix}'
host='i386-apple-darwin14.4.0'
host_alias=''
host_cpu='i386'
host_os='darwin14.4.0'
host_vendor='apple'
htmldir='${docdir}'
htmldocdir='/usr/local/share/doc/libsamplerate0-dev/html'
includedir='${prefix}/include'
infodir='${datarootdir}/info'
install_sh='${SHELL} /Users/yoyofr/Documents/dev/iphone/modizer/modizer/libresample/libsamplerate-0.1.8/Cfg/install-sh'
libdir='${exec_prefix}/lib'
libexecdir='${exec_prefix}/libexec'
localedir='${datarootdir}/locale'
localstatedir='${prefix}/var'
mandir='${datarootdir}/man'
mkdir_p='$(top_builddir)/Cfg/install-sh -c -d'
oldincludedir='/usr/include'
pdfdir='${docdir}'
prefix='/usr/local'
program_transform_name='s,x,x,'
psdir='${docdir}'
sbindir='${exec_prefix}/sbin'
sharedstatedir='${prefix}/com'
sysconfdir='${prefix}/etc'
target='i386-apple-darwin14.4.0'
target_alias=''
target_cpu='i386'
target_os='darwin14.4.0'
target_vendor='apple'

## ----------- ##
## confdefs.h. ##
## ----------- ##

/* confdefs.h */
#define PACKAGE_NAME "libsamplerate"
#define PACKAGE_TARNAME "libsamplerate"
#define PACKAGE_VERSION "0.1.8"
#define PACKAGE_STRING "libsamplerate 0.1.8"
#define PACKAGE_BUGREPORT "erikd@mega-nerd.com"
#define PACKAGE_URL "http://www.mega-nerd.com/libsamplerate/"
#define PACKAGE "libsamplerate"
#define VERSION "0.1.8"
#define STDC_HEADERS 1
#define HAVE_SYS_TYPES_H 1
#define HAVE_SYS_STAT_H 1
#define HAVE_STDLIB_H 1
#define HAVE_STRING_H 1
#define HAVE_MEMORY_H 1
#define HAVE_STRINGS_H 1
#define HAVE_INTTYPES_H 1
#define HAVE_STDINT_H 1
#define HAVE_UNISTD_H 1
#define HAVE_DLFCN_H 1
#define LT_OBJDIR ".libs/"
#define STDC_HEADERS 1
#define HAVE_STDINT_H 1
#define HAVE_SYS_TIMES_H 1
#define SIZEOF_INT 4
#define SIZEOF_LONG 8
#define SIZEOF_FLOAT 4
#define SIZEOF_DOUBLE 8
#define CPU_IS_BIG_ENDIAN 0
#define CPU_IS_LITTLE_ENDIAN 1
#define HAVE_MALLOC 1
#define HAVE_CALLOC 1
#define HAVE_FREE 1
#define HAVE_MEMCPY 1
#define HAVE_MEMMOVE 1
#define HAVE_ALARM 1
#define HAVE_SIGNAL 1
#define HAVE_LIBM 1
#define HAVE_FLOOR 1
#define HAVE_CEIL 1
#define HAVE_FMOD 1
#define HAVE_SIGALRM 1
#define HAVE_LRINT 1
#define HAVE_LRINTF 1
#define CPU_CLIPS_POSITIVE 0
#define CPU_CLIPS_NEGATIVE 0
#define HAVE_SNDFILE 0
#define HAVE_FFTW3 0
#define COMPILER_IS_GCC 1
#define GCC_MAJOR_VERSION 4
#define OS_IS_WIN32 0

configure: exit 0
