This file contains any messages produced by compilers while
running configure, to aid debugging if configure makes a mistake.

It was created by libsidplayfp configure 0.2.0, which was
generated by GNU Autoconf 2.68.  Invocation command line was

  $ ./configure 

## --------- ##
## Platform. ##
## --------- ##

hostname = MacBook-Pro-de-Yohann-Magnien.local
uname -m = x86_64
uname -r = 10.8.0
uname -s = Darwin
uname -v = Darwin Kernel Version 10.8.0: Tue Jun  7 16:32:41 PDT 2011; root:xnu-1504.15.3~1/RELEASE_X86_64

/usr/bin/uname -p = i386
/bin/uname -X     = unknown

/bin/arch              = unknown
/usr/bin/arch -k       = unknown
/usr/convex/getsysinfo = unknown
/usr/bin/hostinfo      = Mach kernel version:
	 Darwin Kernel Version 10.8.0: Tue Jun  7 16:32:41 PDT 2011; root:xnu-1504.15.3~1/RELEASE_X86_64
Kernel configured for up to 4 processors.
2 processors are physically available.
4 processors are logically available.
Processor type: i486 (Intel 80486)
Processors active: 0 1 2 3
Primary memory available: 4.00 gigabytes
Default processor set: 78 tasks, 439 threads, 4 processors
Load average: 0.02, Mach factor: 3.97
/bin/machine           = unknown
/usr/bin/oslevel       = unknown
/bin/universe          = unknown

PATH: /usr/bin
PATH: /bin
PATH: /usr/sbin
PATH: /sbin
PATH: /usr/local/bin
PATH: /usr/X11/bin


## ----------- ##
## Core tests. ##
## ----------- ##

configure:2669: checking for a BSD-compatible install
configure:2737: result: /usr/bin/install -c
configure:2748: checking whether build environment is sane
configure:2798: result: yes
configure:2939: checking for a thread-safe mkdir -p
configure:2978: result: build-aux/install-sh -c -d
configure:2991: checking for gawk
configure:3021: result: no
configure:2991: checking for mawk
configure:3021: result: no
configure:2991: checking for nawk
configure:3021: result: no
configure:2991: checking for awk
configure:3007: found /usr/bin/awk
configure:3018: result: awk
configure:3029: checking whether make sets $(MAKE)
configure:3051: result: yes
configure:3143: checking build system type
configure:3157: result: x86_64-apple-darwin10.8.0
configure:3177: checking host system type
configure:3190: result: x86_64-apple-darwin10.8.0
configure:3286: checking how to print strings
configure:3313: result: printf
configure:3346: checking for style of include used by make
configure:3374: result: GNU
configure:3444: checking for gcc
configure:3460: found /usr/bin/gcc
configure:3471: result: gcc
configure:3700: checking for C compiler version
configure:3709: gcc --version >&5
i686-apple-darwin10-gcc-4.2.1 (GCC) 4.2.1 (Apple Inc. build 5666) (dot 3)
Copyright (C) 2007 Free Software Foundation, Inc.
This is free software; see the source for copying conditions.  There is NO
warranty; not even for MERCHANTABILITY or FITNESS FOR A PARTICULAR PURPOSE.

configure:3720: $? = 0
configure:3709: gcc -v >&5
Using built-in specs.
Target: i686-apple-darwin10
Configured with: /var/tmp/gcc/gcc-5666.3~123/src/configure --disable-checking --enable-werror --prefix=/usr --mandir=/share/man --enable-languages=c,objc,c++,obj-c++ --program-transform-name=/^[cg][^.-]*$/s/$/-4.2/ --with-slibdir=/usr/lib --build=i686-apple-darwin10 --program-prefix=i686-apple-darwin10- --host=x86_64-apple-darwin10 --target=i686-apple-darwin10 --with-gxx-include-dir=/include/c++/4.2.1
Thread model: posix
gcc version 4.2.1 (Apple Inc. build 5666) (dot 3)
configure:3720: $? = 0
configure:3709: gcc -V >&5
gcc-4.2: argument to `-V' is missing
configure:3720: $? = 1
configure:3709: gcc -qversion >&5
i686-apple-darwin10-gcc-4.2.1: no input files
configure:3720: $? = 1
configure:3740: checking whether the C compiler works
configure:3762: gcc    conftest.c  >&5
configure:3766: $? = 0
configure:3814: result: yes
configure:3817: checking for C compiler default output file name
configure:3819: result: a.out
configure:3825: checking for suffix of executables
configure:3832: gcc -o conftest    conftest.c  >&5
configure:3836: $? = 0
configure:3858: result: 
configure:3880: checking whether we are cross compiling
configure:3888: gcc -o conftest    conftest.c  >&5
configure:3892: $? = 0
configure:3899: ./conftest
configure:3903: $? = 0
configure:3918: result: no
configure:3923: checking for suffix of object files
configure:3945: gcc -c   conftest.c >&5
configure:3949: $? = 0
configure:3970: result: o
configure:3974: checking whether we are using the GNU C compiler
configure:3993: gcc -c   conftest.c >&5
configure:3993: $? = 0
configure:4002: result: yes
configure:4011: checking whether gcc accepts -g
configure:4031: gcc -c -g  conftest.c >&5
configure:4031: $? = 0
configure:4072: result: yes
configure:4089: checking for gcc option to accept ISO C89
configure:4153: gcc  -c -g -O2  conftest.c >&5
configure:4153: $? = 0
configure:4166: result: none needed
configure:4188: checking dependency style of gcc
configure:4298: result: gcc3
configure:4313: checking for a sed that does not truncate output
configure:4377: result: /usr/bin/sed
configure:4395: checking for grep that handles long lines and -e
configure:4453: result: /usr/bin/grep
configure:4458: checking for egrep
configure:4520: result: /usr/bin/grep -E
configure:4525: checking for fgrep
configure:4587: result: /usr/bin/grep -F
configure:4622: checking for ld used by gcc
configure:4689: result: /usr/libexec/gcc/i686-apple-darwin10/4.2.1/ld
configure:4696: checking if the linker (/usr/libexec/gcc/i686-apple-darwin10/4.2.1/ld) is GNU ld
configure:4711: result: no
configure:4723: checking for BSD- or MS-compatible name lister (nm)
configure:4772: result: /usr/bin/nm
configure:4902: checking the name lister (/usr/bin/nm) interface
configure:4909: gcc -c -g -O2  conftest.c >&5
configure:4912: /usr/bin/nm "conftest.o"
configure:4915: output
0000000000000190 D _some_variable
configure:4922: result: BSD nm
configure:4925: checking whether ln -s works
configure:4929: result: yes
configure:4937: checking the maximum length of command line arguments
configure:5062: result: 196608
configure:5079: checking whether the shell understands some XSI constructs
configure:5089: result: yes
configure:5093: checking whether the shell understands "+="
configure:5099: result: yes
configure:5134: checking how to convert x86_64-apple-darwin10.8.0 file names to x86_64-apple-darwin10.8.0 format
configure:5174: result: func_convert_file_noop
configure:5181: checking how to convert x86_64-apple-darwin10.8.0 file names to toolchain format
configure:5201: result: func_convert_file_noop
configure:5208: checking for /usr/libexec/gcc/i686-apple-darwin10/4.2.1/ld option to reload object files
configure:5215: result: -r
configure:5289: checking for objdump
configure:5319: result: no
configure:5345: checking how to recognize dependent libraries
configure:5547: result: pass_all
configure:5632: checking for dlltool
configure:5662: result: no
configure:5689: checking how to associate runtime and link libraries
configure:5716: result: printf %s\n
configure:5777: checking for ar
configure:5793: found /usr/bin/ar
configure:5804: result: ar
configure:5841: checking for archiver @FILE support
configure:5858: gcc -c -g -O2  conftest.c >&5
configure:5858: $? = 0
configure:5861: ar cru libconftest.a @conftest.lst >&5
ar: @conftest.lst: No such file or directory
configure:5864: $? = 1
configure:5884: result: no
configure:5942: checking for strip
configure:5958: found /usr/bin/strip
configure:5969: result: strip
configure:6041: checking for ranlib
configure:6057: found /usr/bin/ranlib
configure:6068: result: ranlib
configure:6170: checking command to parse /usr/bin/nm output from gcc object
configure:6289: gcc -c -g -O2  conftest.c >&5
configure:6292: $? = 0
configure:6296: /usr/bin/nm conftest.o \| sed -n -e 's/^.*[ ]\([BCDEGRST][BCDEGRST]*\)[ ][ ]*\([_A-Za-z][_A-Za-z0-9]*\)$/\1 \2 \2/p' | sed '/ __gnu_lto/d' \> conftest.nm
configure:6299: $? = 0
cannot find nm_test_var in conftest.nm
configure:6289: gcc -c -g -O2  conftest.c >&5
configure:6292: $? = 0
configure:6296: /usr/bin/nm conftest.o \| sed -n -e 's/^.*[ ]\([BCDEGRST][BCDEGRST]*\)[ ][ ]*_\([_A-Za-z][_A-Za-z0-9]*\)$/\1 _\2 \2/p' | sed '/ __gnu_lto/d' \> conftest.nm
configure:6299: $? = 0
configure:6365: gcc -o conftest -g -O2   conftest.c conftstm.o >&5
configure:6368: $? = 0
configure:6406: result: ok
configure:6443: checking for sysroot
configure:6473: result: no
configure:6716: checking for mt
configure:6746: result: no
configure:6766: checking if : is a manifest tool
configure:6772: : '-?'
configure:6780: result: no
configure:6836: checking for dsymutil
configure:6852: found /usr/bin/dsymutil
configure:6863: result: dsymutil
configure:6928: checking for nmedit
configure:6944: found /usr/bin/nmedit
configure:6955: result: nmedit
configure:7020: checking for lipo
configure:7036: found /usr/bin/lipo
configure:7047: result: lipo
configure:7112: checking for otool
configure:7128: found /usr/bin/otool
configure:7139: result: otool
configure:7204: checking for otool64
configure:7234: result: no
configure:7279: checking for -single_module linker flag
gcc -g -O2  -o libconftest.dylib -dynamiclib -Wl,-single_module conftest.c
configure:7306: result: yes
configure:7308: checking for -exported_symbols_list linker flag
configure:7328: gcc -o conftest -g -O2   -Wl,-exported_symbols_list,conftest.sym conftest.c  >&5
configure:7328: $? = 0
configure:7338: result: yes
configure:7340: checking for -force_load linker flag
gcc -g -O2 -c -o conftest.o conftest.c
ar cru libconftest.a conftest.o
ranlib libconftest.a
gcc -g -O2  -o conftest conftest.c -Wl,-force_load,./libconftest.a
configure:7370: result: yes
configure:7412: checking how to run the C preprocessor
configure:7443: gcc -E  conftest.c
configure:7443: $? = 0
configure:7457: gcc -E  conftest.c
conftest.c:11:28: error: ac_nonexistent.h: No such file or directory
configure:7457: $? = 1
configure: failed program was:
| /* confdefs.h */
| #define PACKAGE_NAME "libsidplayfp"
| #define PACKAGE_TARNAME "libsidplayfp"
| #define PACKAGE_VERSION "0.2.0"
| #define PACKAGE_STRING "libsidplayfp 0.2.0"
| #define PACKAGE_BUGREPORT ""
| #define PACKAGE_URL ""
| #define PACKAGE "libsidplayfp"
| #define VERSION "0.2.0"
| /* end confdefs.h.  */
| #include <ac_nonexistent.h>
configure:7482: result: gcc -E
configure:7502: gcc -E  conftest.c
configure:7502: $? = 0
configure:7516: gcc -E  conftest.c
conftest.c:11:28: error: ac_nonexistent.h: No such file or directory
configure:7516: $? = 1
configure: failed program was:
| /* confdefs.h */
| #define PACKAGE_NAME "libsidplayfp"
| #define PACKAGE_TARNAME "libsidplayfp"
| #define PACKAGE_VERSION "0.2.0"
| #define PACKAGE_STRING "libsidplayfp 0.2.0"
| #define PACKAGE_BUGREPORT ""
| #define PACKAGE_URL ""
| #define PACKAGE "libsidplayfp"
| #define VERSION "0.2.0"
| /* end confdefs.h.  */
| #include <ac_nonexistent.h>
configure:7545: checking for ANSI C header files
configure:7565: gcc -c -g -O2  conftest.c >&5
configure:7565: $? = 0
configure:7638: gcc -o conftest -g -O2   conftest.c  >&5
configure:7638: $? = 0
configure:7638: ./conftest
configure:7638: $? = 0
configure:7649: result: yes
configure:7662: checking for sys/types.h
configure:7662: gcc -c -g -O2  conftest.c >&5
configure:7662: $? = 0
configure:7662: result: yes
configure:7662: checking for sys/stat.h
configure:7662: gcc -c -g -O2  conftest.c >&5
configure:7662: $? = 0
configure:7662: result: yes
configure:7662: checking for stdlib.h
configure:7662: gcc -c -g -O2  conftest.c >&5
configure:7662: $? = 0
configure:7662: result: yes
configure:7662: checking for string.h
configure:7662: gcc -c -g -O2  conftest.c >&5
configure:7662: $? = 0
configure:7662: result: yes
configure:7662: checking for memory.h
configure:7662: gcc -c -g -O2  conftest.c >&5
configure:7662: $? = 0
configure:7662: result: yes
configure:7662: checking for strings.h
configure:7662: gcc -c -g -O2  conftest.c >&5
configure:7662: $? = 0
configure:7662: result: yes
configure:7662: checking for inttypes.h
configure:7662: gcc -c -g -O2  conftest.c >&5
configure:7662: $? = 0
configure:7662: result: yes
configure:7662: checking for stdint.h
configure:7662: gcc -c -g -O2  conftest.c >&5
configure:7662: $? = 0
configure:7662: result: yes
configure:7662: checking for unistd.h
configure:7662: gcc -c -g -O2  conftest.c >&5
configure:7662: $? = 0
configure:7662: result: yes
configure:7676: checking for dlfcn.h
configure:7676: gcc -c -g -O2  conftest.c >&5
configure:7676: $? = 0
configure:7676: result: yes
configure:8161: checking for objdir
configure:8176: result: .libs
configure:8447: checking if gcc supports -fno-rtti -fno-exceptions
configure:8465: gcc -c -g -O2  -fno-rtti -fno-exceptions conftest.c >&5
cc1: warning: command line option "-fno-rtti" is valid for C++/ObjC++ but not for C
configure:8469: $? = 0
configure:8482: result: no
configure:8792: checking for gcc option to produce PIC
configure:8799: result: -fno-common -DPIC
configure:8807: checking if gcc PIC flag -fno-common -DPIC works
configure:8825: gcc -c -g -O2  -fno-common -DPIC -DPIC conftest.c >&5
configure:8829: $? = 0
configure:8842: result: yes
configure:8871: checking if gcc static flag -static works
configure:8899: result: no
configure:8914: checking if gcc supports -c -o file.o
configure:8935: gcc -c -g -O2  -o out/conftest2.o conftest.c >&5
configure:8939: $? = 0
configure:8961: result: yes
configure:8969: checking if gcc supports -c -o file.o
configure:9016: result: yes
configure:9049: checking whether the gcc linker (/usr/libexec/gcc/i686-apple-darwin10/4.2.1/ld) supports shared libraries
configure:10207: result: yes
configure:10452: checking dynamic linker characteristics
configure:11188: result: darwin10.8.0 dyld
configure:11295: checking how to hardcode library paths into programs
configure:11320: result: immediate
configure:11860: checking whether stripping libraries is possible
configure:11874: result: yes
configure:11900: checking if libtool supports shared libraries
configure:11902: result: yes
configure:11905: checking whether to build shared libraries
configure:11926: result: yes
configure:11929: checking whether to build static libraries
configure:11933: result: yes
configure:12027: checking for g++
configure:12043: found /usr/bin/g++
configure:12054: result: g++
configure:12081: checking for C++ compiler version
configure:12090: g++ --version >&5
i686-apple-darwin10-g++-4.2.1 (GCC) 4.2.1 (Apple Inc. build 5666) (dot 3)
Copyright (C) 2007 Free Software Foundation, Inc.
This is free software; see the source for copying conditions.  There is NO
warranty; not even for MERCHANTABILITY or FITNESS FOR A PARTICULAR PURPOSE.

configure:12101: $? = 0
configure:12090: g++ -v >&5
Using built-in specs.
Target: i686-apple-darwin10
Configured with: /var/tmp/gcc/gcc-5666.3~123/src/configure --disable-checking --enable-werror --prefix=/usr --mandir=/share/man --enable-languages=c,objc,c++,obj-c++ --program-transform-name=/^[cg][^.-]*$/s/$/-4.2/ --with-slibdir=/usr/lib --build=i686-apple-darwin10 --program-prefix=i686-apple-darwin10- --host=x86_64-apple-darwin10 --target=i686-apple-darwin10 --with-gxx-include-dir=/include/c++/4.2.1
Thread model: posix
gcc version 4.2.1 (Apple Inc. build 5666) (dot 3)
configure:12101: $? = 0
configure:12090: g++ -V >&5
g++-4.2: argument to `-V' is missing
configure:12101: $? = 1
configure:12090: g++ -qversion >&5
i686-apple-darwin10-g++-4.2.1: no input files
configure:12101: $? = 1
configure:12105: checking whether we are using the GNU C++ compiler
configure:12124: g++ -c   conftest.cpp >&5
configure:12124: $? = 0
configure:12133: result: yes
configure:12142: checking whether g++ accepts -g
configure:12162: g++ -c -g  conftest.cpp >&5
configure:12162: $? = 0
configure:12203: result: yes
configure:12228: checking dependency style of g++
configure:12338: result: gcc3
configure:12371: checking how to run the C++ preprocessor
configure:12398: g++ -E  conftest.cpp
configure:12398: $? = 0
configure:12412: g++ -E  conftest.cpp
conftest.cpp:23:28: error: ac_nonexistent.h: No such file or directory
configure:12412: $? = 1
configure: failed program was:
| /* confdefs.h */
| #define PACKAGE_NAME "libsidplayfp"
| #define PACKAGE_TARNAME "libsidplayfp"
| #define PACKAGE_VERSION "0.2.0"
| #define PACKAGE_STRING "libsidplayfp 0.2.0"
| #define PACKAGE_BUGREPORT ""
| #define PACKAGE_URL ""
| #define PACKAGE "libsidplayfp"
| #define VERSION "0.2.0"
| #define STDC_HEADERS 1
| #define HAVE_SYS_TYPES_H 1
| #define HAVE_SYS_STAT_H 1
| #define HAVE_STDLIB_H 1
| #define HAVE_STRING_H 1
| #define HAVE_MEMORY_H 1
| #define HAVE_STRINGS_H 1
| #define HAVE_INTTYPES_H 1
| #define HAVE_STDINT_H 1
| #define HAVE_UNISTD_H 1
| #define HAVE_DLFCN_H 1
| #define LT_OBJDIR ".libs/"
| /* end confdefs.h.  */
| #include <ac_nonexistent.h>
configure:12437: result: g++ -E
configure:12457: g++ -E  conftest.cpp
configure:12457: $? = 0
configure:12471: g++ -E  conftest.cpp
conftest.cpp:23:28: error: ac_nonexistent.h: No such file or directory
configure:12471: $? = 1
configure: failed program was:
| /* confdefs.h */
| #define PACKAGE_NAME "libsidplayfp"
| #define PACKAGE_TARNAME "libsidplayfp"
| #define PACKAGE_VERSION "0.2.0"
| #define PACKAGE_STRING "libsidplayfp 0.2.0"
| #define PACKAGE_BUGREPORT ""
| #define PACKAGE_URL ""
| #define PACKAGE "libsidplayfp"
| #define VERSION "0.2.0"
| #define STDC_HEADERS 1
| #define HAVE_SYS_TYPES_H 1
| #define HAVE_SYS_STAT_H 1
| #define HAVE_STDLIB_H 1
| #define HAVE_STRING_H 1
| #define HAVE_MEMORY_H 1
| #define HAVE_STRINGS_H 1
| #define HAVE_INTTYPES_H 1
| #define HAVE_STDINT_H 1
| #define HAVE_UNISTD_H 1
| #define HAVE_DLFCN_H 1
| #define LT_OBJDIR ".libs/"
| /* end confdefs.h.  */
| #include <ac_nonexistent.h>
configure:12641: checking for ld used by g++
configure:12708: result: /usr/libexec/gcc/i686-apple-darwin10/4.2.1/ld
configure:12715: checking if the linker (/usr/libexec/gcc/i686-apple-darwin10/4.2.1/ld) is GNU ld
configure:12730: result: no
configure:12785: checking whether the g++ linker (/usr/libexec/gcc/i686-apple-darwin10/4.2.1/ld) supports shared libraries
configure:13789: result: yes
configure:13824: g++ -c -g -O2  conftest.cpp >&5
configure:13827: $? = 0
configure:14347: checking for g++ option to produce PIC
configure:14354: result: -fno-common -DPIC
configure:14362: checking if g++ PIC flag -fno-common -DPIC works
configure:14380: g++ -c -g -O2  -fno-common -DPIC -DPIC conftest.cpp >&5
configure:14384: $? = 0
configure:14397: result: yes
configure:14420: checking if g++ static flag -static works
configure:14448: result: no
configure:14460: checking if g++ supports -c -o file.o
configure:14481: g++ -c -g -O2  -o out/conftest2.o conftest.cpp >&5
configure:14485: $? = 0
configure:14507: result: yes
configure:14512: checking if g++ supports -c -o file.o
configure:14559: result: yes
configure:14589: checking whether the g++ linker (/usr/libexec/gcc/i686-apple-darwin10/4.2.1/ld) supports shared libraries
configure:14623: result: yes
configure:14766: checking dynamic linker characteristics
configure:15436: result: darwin10.8.0 dyld
configure:15489: checking how to hardcode library paths into programs
configure:15514: result: immediate
configure:15563: checking whether the compiler supports hidden visibility
configure:15581: g++ -c -g -O2  conftest.cpp >&5
configure:15581: $? = 0
configure:15588: result: yes
configure:15600: checking whether byte ordering is bigendian
configure:15615: g++ -c -g -O2  conftest.cpp >&5
configure:15615: $? = 0
configure:15660: g++ -c -g -O2  conftest.cpp >&5
configure:15660: $? = 0
configure:15678: g++ -c -g -O2  conftest.cpp >&5
conftest.cpp: In function 'int main()':
conftest.cpp:30: error: 'big' was not declared in this scope
conftest.cpp:30: error: expected `;' before 'endian'
configure:15678: $? = 1
configure: failed program was:
| /* confdefs.h */
| #define PACKAGE_NAME "libsidplayfp"
| #define PACKAGE_TARNAME "libsidplayfp"
| #define PACKAGE_VERSION "0.2.0"
| #define PACKAGE_STRING "libsidplayfp 0.2.0"
| #define PACKAGE_BUGREPORT ""
| #define PACKAGE_URL ""
| #define PACKAGE "libsidplayfp"
| #define VERSION "0.2.0"
| #define STDC_HEADERS 1
| #define HAVE_SYS_TYPES_H 1
| #define HAVE_SYS_STAT_H 1
| #define HAVE_STDLIB_H 1
| #define HAVE_STRING_H 1
| #define HAVE_MEMORY_H 1
| #define HAVE_STRINGS_H 1
| #define HAVE_INTTYPES_H 1
| #define HAVE_STDINT_H 1
| #define HAVE_UNISTD_H 1
| #define HAVE_DLFCN_H 1
| #define LT_OBJDIR ".libs/"
| /* end confdefs.h.  */
| #include <sys/types.h>
| 		#include <sys/param.h>
| 
| int
| main ()
| {
| #if BYTE_ORDER != BIG_ENDIAN
| 		 not big endian
| 		#endif
| 
|   ;
|   return 0;
| }
configure:15806: result: no
configure:15829: checking size of int
configure:15834: g++ -o conftest -g -O2   conftest.cpp  >&5
configure:15834: $? = 0
configure:15834: ./conftest
configure:15834: $? = 0
configure:15848: result: 4
configure:15866: checking for strncasecmp
configure:15866: g++ -o conftest -g -O2   conftest.cpp  >&5
configure:15866: $? = 0
configure:15866: result: yes
configure:15866: checking for strcasecmp
configure:15866: g++ -o conftest -g -O2   conftest.cpp  >&5
configure:15866: $? = 0
configure:15866: result: yes
configure:15879: checking sstream usability
configure:15879: g++ -c -g -O2  conftest.cpp >&5
configure:15879: $? = 0
configure:15879: result: yes
configure:15879: checking sstream presence
configure:15879: g++ -E  conftest.cpp
configure:15879: $? = 0
configure:15879: result: yes
configure:15879: checking for sstream
configure:15879: result: yes
configure:15891: checking whether exceptions are available
configure:15904: g++ -c -g -O2  conftest.cpp >&5
In file included from /usr/include/c++/4.2.1/backward/new.h:33,
                 from conftest.cpp:27:
/usr/include/c++/4.2.1/backward/backward_warning.h:32:2: warning: #warning This file includes at least one deprecated or antiquated header. Please consider using one of the 32 headers found in section 17.4.1.2 of the C++ standard. Examples include substituting the <X> header for the <X.h> header for C++ includes, or <iostream> instead of the deprecated header <iostream.h>. To disable this warning use -Wno-deprecated.
configure:15904: $? = 0
configure:15911: result: yes
configure:15921: checking whether standard member ios::binary is available
configure:15934: g++ -c -g -O2  conftest.cpp >&5
conftest.cpp: In function 'int main()':
conftest.cpp:32: error: no matching function for call to 'std::basic_ifstream<char, std::char_traits<char> >::basic_ifstream(std::_Ios_Openmode)'
/usr/include/c++/4.2.1/fstream:465: note: candidates are: std::basic_ifstream<_CharT, _Traits>::basic_ifstream(const char*, std::_Ios_Openmode) [with _CharT = char, _Traits = std::char_traits<char>]
/usr/include/c++/4.2.1/fstream:451: note:                 std::basic_ifstream<_CharT, _Traits>::basic_ifstream() [with _CharT = char, _Traits = std::char_traits<char>]
/usr/include/c++/4.2.1/iosfwd:89: note:                 std::basic_ifstream<char, std::char_traits<char> >::basic_ifstream(const std::basic_ifstream<char, std::char_traits<char> >&)
configure:15934: $? = 1
configure: failed program was:
| /* confdefs.h */
| #define PACKAGE_NAME "libsidplayfp"
| #define PACKAGE_TARNAME "libsidplayfp"
| #define PACKAGE_VERSION "0.2.0"
| #define PACKAGE_STRING "libsidplayfp 0.2.0"
| #define PACKAGE_BUGREPORT ""
| #define PACKAGE_URL ""
| #define PACKAGE "libsidplayfp"
| #define VERSION "0.2.0"
| #define STDC_HEADERS 1
| #define HAVE_SYS_TYPES_H 1
| #define HAVE_SYS_STAT_H 1
| #define HAVE_STDLIB_H 1
| #define HAVE_STRING_H 1
| #define HAVE_MEMORY_H 1
| #define HAVE_STRINGS_H 1
| #define HAVE_INTTYPES_H 1
| #define HAVE_STDINT_H 1
| #define HAVE_UNISTD_H 1
| #define HAVE_DLFCN_H 1
| #define LT_OBJDIR ".libs/"
| #define SIZEOF_INT 4
| #define HAVE_STRNCASECMP 1
| #define HAVE_STRCASECMP 1
| #define HAVE_SSTREAM 1
| #define HAVE_EXCEPTIONS /**/
| /* end confdefs.h.  */
| #include <fstream>
| int
| main ()
| {
| std::ifstream myTest(std::ios::in|std::ios::binary);
|   ;
|   return 0;
| }
configure:15941: result: no
configure:15950: checking whether standard member ios::openmode is available
configure:15964: g++ -c -g -O2  conftest.cpp >&5
configure:15964: $? = 0
configure:15971: result: yes
configure:16014: checking for debugging
configure:16025: result: Build without debugging messages
configure:16062: checking mmintrin.h usability
configure:16062: g++ -c -g -O2  -g -O2 conftest.cpp >&5
configure:16062: $? = 0
configure:16062: result: yes
configure:16062: checking mmintrin.h presence
configure:16062: g++ -E  -g -O2 conftest.cpp
configure:16062: $? = 0
configure:16062: result: yes
configure:16062: checking for mmintrin.h
configure:16062: result: yes
configure:16075: checking for working bool
configure:16093: g++ -c -g -O2  conftest.cpp >&5
configure:16093: $? = 0
configure:16100: result: yes
configure:16127: checking for __builtin_expect
configure:16136: g++ -c -g -O2  conftest.cpp >&5
configure:16136: $? = 0
configure:16143: result: yes
configure:16315: creating ./config.status

## ---------------------- ##
## Running config.status. ##
## ---------------------- ##

This file was extended by libsidplayfp config.status 0.2.0, which was
generated by GNU Autoconf 2.68.  Invocation command line was

  CONFIG_FILES    = 
  CONFIG_HEADERS  = 
  CONFIG_LINKS    = 
  CONFIG_COMMANDS = 
  $ ./config.status 

on MacBook-Pro-de-Yohann-Magnien.local

config.status:1182: creating Makefile
config.status:1182: creating libsidplayfp.pc
config.status:1182: creating sidplayfp/sidversion.h
config.status:1182: creating builders/residfp-builder/residfp/siddefs-fp.h
config.status:1182: creating builders/resid-builder/resid/siddefs.h
config.status:1182: creating config.h
config.status:1411: executing depfiles commands
config.status:1411: executing libtool commands

## ---------------- ##
## Cache variables. ##
## ---------------- ##

ac_cv_build=x86_64-apple-darwin10.8.0
ac_cv_c_bigendian=no
ac_cv_c_compiler_gnu=yes
ac_cv_cxx_bool=yes
ac_cv_cxx_compiler_gnu=yes
ac_cv_env_CCC_set=
ac_cv_env_CCC_value=
ac_cv_env_CC_set=
ac_cv_env_CC_value=
ac_cv_env_CFLAGS_set=
ac_cv_env_CFLAGS_value=
ac_cv_env_CPPFLAGS_set=
ac_cv_env_CPPFLAGS_value=
ac_cv_env_CPP_set=
ac_cv_env_CPP_value=
ac_cv_env_CXXCPP_set=
ac_cv_env_CXXCPP_value=
ac_cv_env_CXXFLAGS_set=
ac_cv_env_CXXFLAGS_value=
ac_cv_env_CXX_set=
ac_cv_env_CXX_value=
ac_cv_env_LDFLAGS_set=
ac_cv_env_LDFLAGS_value=
ac_cv_env_LIBS_set=
ac_cv_env_LIBS_value=
ac_cv_env_build_alias_set=
ac_cv_env_build_alias_value=
ac_cv_env_host_alias_set=
ac_cv_env_host_alias_value=
ac_cv_env_target_alias_set=
ac_cv_env_target_alias_value=
ac_cv_func_strcasecmp=yes
ac_cv_func_strncasecmp=yes
ac_cv_header_dlfcn_h=yes
ac_cv_header_inttypes_h=yes
ac_cv_header_memory_h=yes
ac_cv_header_mmintrin_h=yes
ac_cv_header_sstream=yes
ac_cv_header_stdc=yes
ac_cv_header_stdint_h=yes
ac_cv_header_stdlib_h=yes
ac_cv_header_string_h=yes
ac_cv_header_strings_h=yes
ac_cv_header_sys_stat_h=yes
ac_cv_header_sys_types_h=yes
ac_cv_header_unistd_h=yes
ac_cv_host=x86_64-apple-darwin10.8.0
ac_cv_objext=o
ac_cv_path_EGREP='/usr/bin/grep -E'
ac_cv_path_FGREP='/usr/bin/grep -F'
ac_cv_path_GREP=/usr/bin/grep
ac_cv_path_SED=/usr/bin/sed
ac_cv_path_install='/usr/bin/install -c'
ac_cv_prog_AWK=awk
ac_cv_prog_CPP='gcc -E'
ac_cv_prog_CXXCPP='g++ -E'
ac_cv_prog_ac_ct_AR=ar
ac_cv_prog_ac_ct_CC=gcc
ac_cv_prog_ac_ct_CXX=g++
ac_cv_prog_ac_ct_DSYMUTIL=dsymutil
ac_cv_prog_ac_ct_LIPO=lipo
ac_cv_prog_ac_ct_NMEDIT=nmedit
ac_cv_prog_ac_ct_OTOOL=otool
ac_cv_prog_ac_ct_RANLIB=ranlib
ac_cv_prog_ac_ct_STRIP=strip
ac_cv_prog_cc_c89=
ac_cv_prog_cc_g=yes
ac_cv_prog_cxx_g=yes
ac_cv_prog_make_make_set=yes
ac_cv_sizeof_int=4
am_cv_CC_dependencies_compiler_type=gcc3
am_cv_CXX_dependencies_compiler_type=gcc3
lt_cv_apple_cc_single_mod=yes
lt_cv_ar_at_file=no
lt_cv_deplibs_check_method=pass_all
lt_cv_file_magic_cmd='$MAGIC_CMD'
lt_cv_file_magic_test_file=
lt_cv_ld_exported_symbols_list=yes
lt_cv_ld_force_load=yes
lt_cv_ld_reload_flag=-r
lt_cv_nm_interface='BSD nm'
lt_cv_objdir=.libs
lt_cv_path_LD=/usr/libexec/gcc/i686-apple-darwin10/4.2.1/ld
lt_cv_path_LDCXX=/usr/libexec/gcc/i686-apple-darwin10/4.2.1/ld
lt_cv_path_NM=/usr/bin/nm
lt_cv_path_mainfest_tool=no
lt_cv_prog_compiler_c_o=yes
lt_cv_prog_compiler_c_o_CXX=yes
lt_cv_prog_compiler_pic='-fno-common -DPIC'
lt_cv_prog_compiler_pic_CXX='-fno-common -DPIC'
lt_cv_prog_compiler_pic_works=yes
lt_cv_prog_compiler_pic_works_CXX=yes
lt_cv_prog_compiler_rtti_exceptions=no
lt_cv_prog_compiler_static_works=no
lt_cv_prog_compiler_static_works_CXX=no
lt_cv_prog_gnu_ld=no
lt_cv_prog_gnu_ldcxx=no
lt_cv_sharedlib_from_linklib_cmd='printf %s\n'
lt_cv_sys_global_symbol_pipe='sed -n -e '\''s/^.*[	 ]\([BCDEGRST][BCDEGRST]*\)[	 ][	 ]*_\([_A-Za-z][_A-Za-z0-9]*\)$/\1 _\2 \2/p'\'' | sed '\''/ __gnu_lto/d'\'''
lt_cv_sys_global_symbol_to_c_name_address='sed -n -e '\''s/^: \([^ ]*\)[ ]*$/  {\"\1\", (void *) 0},/p'\'' -e '\''s/^[BCDEGRST]* \([^ ]*\) \([^ ]*\)$/  {"\2", (void *) \&\2},/p'\'''
lt_cv_sys_global_symbol_to_c_name_address_lib_prefix='sed -n -e '\''s/^: \([^ ]*\)[ ]*$/  {\"\1\", (void *) 0},/p'\'' -e '\''s/^[BCDEGRST]* \([^ ]*\) \(lib[^ ]*\)$/  {"\2", (void *) \&\2},/p'\'' -e '\''s/^[BCDEGRST]* \([^ ]*\) \([^ ]*\)$/  {"lib\2", (void *) \&\2},/p'\'''
lt_cv_sys_global_symbol_to_cdecl='sed -n -e '\''s/^T .* \(.*\)$/extern int \1();/p'\'' -e '\''s/^[BCDEGRST]* .* \(.*\)$/extern char \1;/p'\'''
lt_cv_sys_max_cmd_len=196608
lt_cv_to_host_file_cmd=func_convert_file_noop
lt_cv_to_tool_file_cmd=func_convert_file_noop
resid_cv_builtin_expect=yes

## ----------------- ##
## Output variables. ##
## ----------------- ##

ACLOCAL='${SHELL} /Users/ymagnien/Downloads/libsidplayfp-0.2.0/build-aux/missing --run aclocal-1.11'
AMDEPBACKSLASH='\'
AMDEP_FALSE='#'
AMDEP_TRUE=''
AMTAR='${SHELL} /Users/ymagnien/Downloads/libsidplayfp-0.2.0/build-aux/missing --run tar'
AR='ar'
AS='as'
AUTOCONF='${SHELL} /Users/ymagnien/Downloads/libsidplayfp-0.2.0/build-aux/missing --run autoconf'
AUTOHEADER='${SHELL} /Users/ymagnien/Downloads/libsidplayfp-0.2.0/build-aux/missing --run autoheader'
AUTOMAKE='${SHELL} /Users/ymagnien/Downloads/libsidplayfp-0.2.0/build-aux/missing --run automake-1.11'
AWK='awk'
CC='gcc'
CCDEPMODE='depmode=gcc3'
CFLAGS='-g -O2'
CPP='gcc -E'
CPPFLAGS=''
CXX='g++'
CXXCPP='g++ -E'
CXXDEPMODE='depmode=gcc3'
CXXFLAGS='-g -O2'
CYGPATH_W='echo'
DEFS='-DHAVE_CONFIG_H'
DEPDIR='.deps'
DLLTOOL='false'
DSYMUTIL='dsymutil'
DUMPBIN=''
ECHO_C='\c'
ECHO_N=''
ECHO_T=''
EGREP='/usr/bin/grep -E'
EXEEXT=''
FGREP='/usr/bin/grep -F'
GREP='/usr/bin/grep'
HARDSIDLIB=''
HARDSID_FALSE=''
HARDSID_TRUE='#'
HAVE_BUILTIN_EXPECT='1'
HAVE_VISIBILITY_FALSE='#'
HAVE_VISIBILITY_TRUE=''
INSTALL_DATA='${INSTALL} -m 644'
INSTALL_PROGRAM='${INSTALL}'
INSTALL_SCRIPT='${INSTALL}'
INSTALL_STRIP_PROGRAM='$(install_sh) -c -s'
LD='/usr/libexec/gcc/i686-apple-darwin10/4.2.1/ld'
LDFLAGS=''
LIBHARDSIDVERSION='0:0:0'
LIBOBJS=''
LIBRESIDFPVERSION='1:0:0'
LIBRESIDVERSION='1:0:1'
LIBS=''
LIBSIDPLAYVERSION='1:0:0'
LIBTOOL='$(SHELL) $(top_builddir)/libtool'
LIB_LEVEL='0'
LIB_MAJOR='0'
LIB_MINOR='2'
LIPO='lipo'
LN_S='ln -s'
LTLIBOBJS=''
MAKEINFO='${SHELL} /Users/ymagnien/Downloads/libsidplayfp-0.2.0/build-aux/missing --run makeinfo'
MANIFEST_TOOL=':'
MINGW32_FALSE=''
MINGW32_TRUE='#'
MKDIR_P='build-aux/install-sh -c -d'
NM='/usr/bin/nm'
NMEDIT='nmedit'
OBJDUMP='false'
OBJEXT='o'
OTOOL64=':'
OTOOL='otool'
PACKAGE='libsidplayfp'
PACKAGE_BUGREPORT=''
PACKAGE_NAME='libsidplayfp'
PACKAGE_STRING='libsidplayfp 0.2.0'
PACKAGE_TARNAME='libsidplayfp'
PACKAGE_URL=''
PACKAGE_VERSION='0.2.0'
PATH_SEPARATOR=':'
PKGSIDPLAYVERSION=''
RANLIB='ranlib'
RESID_BRANCH_HINTS='1'
RESID_HAVE_BOOL='1'
RESID_INLINE='inline'
RESID_INLINING='1'
SED='/usr/bin/sed'
SET_MAKE=''
SHELL='/bin/sh'
STRIP='strip'
VERSION='0.2.0'
ac_ct_AR='ar'
ac_ct_CC='gcc'
ac_ct_CXX='g++'
ac_ct_DUMPBIN=''
am__EXEEXT_FALSE=''
am__EXEEXT_TRUE='#'
am__fastdepCC_FALSE='#'
am__fastdepCC_TRUE=''
am__fastdepCXX_FALSE='#'
am__fastdepCXX_TRUE=''
am__include='include'
am__isrc=''
am__leading_dot='.'
am__quote=''
am__tar='${AMTAR} chof - "$$tardir"'
am__untar='${AMTAR} xf -'
bindir='${exec_prefix}/bin'
build='x86_64-apple-darwin10.8.0'
build_alias=''
build_cpu='x86_64'
build_os='darwin10.8.0'
build_vendor='apple'
datadir='${datarootdir}'
datarootdir='${prefix}/share'
debug_flags='-DNDEBUG'
docdir='${datarootdir}/doc/${PACKAGE_TARNAME}'
dvidir='${docdir}'
exec_prefix='${prefix}'
host='x86_64-apple-darwin10.8.0'
host_alias=''
host_cpu='x86_64'
host_os='darwin10.8.0'
host_vendor='apple'
htmldir='${docdir}'
includedir='${prefix}/include'
infodir='${datarootdir}/info'
install_sh='${SHELL} /Users/ymagnien/Downloads/libsidplayfp-0.2.0/build-aux/install-sh'
libdir='${exec_prefix}/lib'
libexecdir='${exec_prefix}/libexec'
localedir='${datarootdir}/locale'
localstatedir='${prefix}/var'
mandir='${datarootdir}/man'
mkdir_p='$(top_builddir)/build-aux/install-sh -c -d'
oldincludedir='/usr/include'
pdfdir='${docdir}'
prefix='/usr/local'
program_transform_name='s,x,x,'
psdir='${docdir}'
sbindir='${exec_prefix}/sbin'
sharedstatedir='${prefix}/com'
sysconfdir='${prefix}/etc'
target_alias=''

## ----------- ##
## confdefs.h. ##
## ----------- ##

/* confdefs.h */
#define PACKAGE_NAME "libsidplayfp"
#define PACKAGE_TARNAME "libsidplayfp"
#define PACKAGE_VERSION "0.2.0"
#define PACKAGE_STRING "libsidplayfp 0.2.0"
#define PACKAGE_BUGREPORT ""
#define PACKAGE_URL ""
#define PACKAGE "libsidplayfp"
#define VERSION "0.2.0"
#define STDC_HEADERS 1
#define HAVE_SYS_TYPES_H 1
#define HAVE_SYS_STAT_H 1
#define HAVE_STDLIB_H 1
#define HAVE_STRING_H 1
#define HAVE_MEMORY_H 1
#define HAVE_STRINGS_H 1
#define HAVE_INTTYPES_H 1
#define HAVE_STDINT_H 1
#define HAVE_UNISTD_H 1
#define HAVE_DLFCN_H 1
#define LT_OBJDIR ".libs/"
#define SIZEOF_INT 4
#define HAVE_STRNCASECMP 1
#define HAVE_STRCASECMP 1
#define HAVE_SSTREAM 1
#define HAVE_EXCEPTIONS /**/
#define HAVE_IOS_OPENMODE /**/
#define HAVE_MMINTRIN_H 1

configure: exit 0
