This file contains any messages produced by compilers while
running configure, to aid debugging if configure makes a mistake.

It was created by configure, which was
generated by GNU Autoconf 2.57.  Invocation command line was

  $ ./configure 

## --------- ##
## Platform. ##
## --------- ##

hostname = macbook-yoyofr.local
uname -m = i386
uname -r = 10.4.0
uname -s = Darwin
uname -v = Darwin Kernel Version 10.4.0: Fri Apr 23 18:28:53 PDT 2010; root:xnu-1504.7.4~1/RELEASE_I386

/usr/bin/uname -p = i386
/bin/uname -X     = unknown

/bin/arch              = unknown
/usr/bin/arch -k       = unknown
/usr/convex/getsysinfo = unknown
hostinfo               = Mach kernel version:
	 Darwin Kernel Version 10.4.0: Fri Apr 23 18:28:53 PDT 2010; root:xnu-1504.7.4~1/RELEASE_I386
Kernel configured for up to 2 processors.
2 processors are physically available.
2 processors are logically available.
Processor type: i486 (Intel 80486)
Processors active: 0 1
Primary memory available: 2.00 gigabytes
Default processor set: 81 tasks, 376 threads, 2 processors
Load average: 0.68, Mach factor: 1.39
/bin/machine           = unknown
/usr/bin/oslevel       = unknown
/bin/universe          = unknown

PATH: /opt/local/bin
PATH: /opt/local/sbin
PATH: /usr/bin
PATH: /bin
PATH: /usr/sbin
PATH: /sbin
PATH: /usr/local/bin
PATH: /usr/X11/bin


## ----------- ##
## Core tests. ##
## ----------- ##

configure:1507: checking for a BSD-compatible install
configure:1561: result: /opt/local/bin/ginstall -c
configure:1572: checking whether build environment is sane
configure:1615: result: yes
configure:1640: WARNING: `missing' script is too old or missing
configure:1648: checking for gawk
configure:1664: found /opt/local/bin/gawk
configure:1674: result: gawk
configure:1684: checking whether make sets $(MAKE)
configure:1704: result: yes
configure:1946: checking for g++
configure:1962: found /usr/bin/g++
configure:1972: result: g++
configure:1988: checking for C++ compiler version
configure:1991: g++ --version </dev/null >&5
i686-apple-darwin10-g++-4.2.1 (GCC) 4.2.1 (Apple Inc. build 5664)
Copyright (C) 2007 Free Software Foundation, Inc.
This is free software; see the source for copying conditions.  There is NO
warranty; not even for MERCHANTABILITY or FITNESS FOR A PARTICULAR PURPOSE.

configure:1994: $? = 0
configure:1996: g++ -v </dev/null >&5
Using built-in specs.
Target: i686-apple-darwin10
Configured with: /var/tmp/gcc/gcc-5664~38/src/configure --disable-checking --enable-werror --prefix=/usr --mandir=/share/man --enable-languages=c,objc,c++,obj-c++ --program-transform-name=/^[cg][^.-]*$/s/$/-4.2/ --with-slibdir=/usr/lib --build=i686-apple-darwin10 --program-prefix=i686-apple-darwin10- --host=x86_64-apple-darwin10 --target=i686-apple-darwin10 --with-gxx-include-dir=/include/c++/4.2.1
Thread model: posix
gcc version 4.2.1 (Apple Inc. build 5664)
configure:1999: $? = 0
configure:2001: g++ -V </dev/null >&5
g++-4.2: argument to `-V' is missing
configure:2004: $? = 1
configure:2028: checking for C++ compiler default output
configure:2031: g++    conftest.cc  >&5
configure:2034: $? = 0
configure:2080: result: a.out
configure:2085: checking whether the C++ compiler works
configure:2091: ./a.out
configure:2094: $? = 0
configure:2111: result: yes
configure:2118: checking whether we are cross compiling
configure:2120: result: no
configure:2123: checking for suffix of executables
configure:2125: g++ -o conftest    conftest.cc  >&5
configure:2128: $? = 0
configure:2153: result: 
configure:2159: checking for suffix of object files
configure:2181: g++ -c   conftest.cc >&5
configure:2184: $? = 0
configure:2206: result: o
configure:2210: checking whether we are using the GNU C++ compiler
configure:2235: g++ -c   conftest.cc >&5
configure:2238: $? = 0
configure:2241: test -s conftest.o
configure:2244: $? = 0
configure:2257: result: yes
configure:2263: checking whether g++ accepts -g
configure:2285: g++ -c -g  conftest.cc >&5
configure:2288: $? = 0
configure:2291: test -s conftest.o
configure:2294: $? = 0
configure:2305: result: yes
configure:2349: g++ -c -g -O2  conftest.cc >&5
configure:2352: $? = 0
configure:2355: test -s conftest.o
configure:2358: $? = 0
configure:2385: g++ -c -g -O2  conftest.cc >&5
configure: In function 'int main()':
configure:2382: error: 'exit' was not declared in this scope
configure:2388: $? = 1
configure: failed program was:
| #line 2368 "configure"
| /* confdefs.h.  */
| 
| #define PACKAGE_NAME ""
| #define PACKAGE_TARNAME ""
| #define PACKAGE_VERSION ""
| #define PACKAGE_STRING ""
| #define PACKAGE_BUGREPORT ""
| #define PACKAGE "resid"
| #define VERSION "0.16"
| /* end confdefs.h.  */
| 
| int
| main ()
| {
| exit (42);
|   ;
|   return 0;
| }
configure:2349: g++ -c -g -O2  conftest.cc >&5
configure:2352: $? = 0
configure:2355: test -s conftest.o
configure:2358: $? = 0
configure:2385: g++ -c -g -O2  conftest.cc >&5
configure:2388: $? = 0
configure:2391: test -s conftest.o
configure:2394: $? = 0
configure:2427: checking for style of include used by make
configure:2455: result: GNU
configure:2483: checking dependency style of g++
configure:2551: result: gcc3
configure:2572: checking whether the C++ compiler (g++ -g -Wall -O2 -funroll-loops -fomit-frame-pointer -fno-exceptions ) works
configure:2592: g++ -c -g -Wall -O2 -funroll-loops -fomit-frame-pointer -fno-exceptions  conftest.cc >&5
configure: In function 'int main()':
configure:2592: warning: unused variable 'test'
configure:2595: $? = 0
configure:2598: test -s conftest.o
configure:2601: $? = 0
configure:2603: result: yes
configure:2620: checking for perl
configure:2638: found /opt/local/bin/perl
configure:2650: result: /opt/local/bin/perl
configure:2665: checking how to run the C++ preprocessor
configure:2697: g++ -E  conftest.cc
configure:2703: $? = 0
configure:2735: g++ -E  conftest.cc
configure:2739:28: error: ac_nonexistent.h: No such file or directory
configure:2741: $? = 1
configure: failed program was:
| #line 2726 "configure"
| /* confdefs.h.  */
| 
| #define PACKAGE_NAME ""
| #define PACKAGE_TARNAME ""
| #define PACKAGE_VERSION ""
| #define PACKAGE_STRING ""
| #define PACKAGE_BUGREPORT ""
| #define PACKAGE "resid"
| #define VERSION "0.16"
| #ifdef __cplusplus
| #include <stdlib.h>
| #endif
| /* end confdefs.h.  */
| #include <ac_nonexistent.h>
configure:2779: result: g++ -E
configure:2804: g++ -E  conftest.cc
configure:2810: $? = 0
configure:2842: g++ -E  conftest.cc
configure:2846:28: error: ac_nonexistent.h: No such file or directory
configure:2848: $? = 1
configure: failed program was:
| #line 2833 "configure"
| /* confdefs.h.  */
| 
| #define PACKAGE_NAME ""
| #define PACKAGE_TARNAME ""
| #define PACKAGE_VERSION ""
| #define PACKAGE_STRING ""
| #define PACKAGE_BUGREPORT ""
| #define PACKAGE "resid"
| #define VERSION "0.16"
| #ifdef __cplusplus
| #include <stdlib.h>
| #endif
| /* end confdefs.h.  */
| #include <ac_nonexistent.h>
configure:2891: checking for egrep
configure:2901: result: grep -E
configure:2906: checking for ANSI C header files
configure:2932: g++ -c -g -Wall -O2 -funroll-loops -fomit-frame-pointer -fno-exceptions  conftest.cc >&5
configure:2935: $? = 0
configure:2938: test -s conftest.o
configure:2941: $? = 0
configure:3033: g++ -o conftest -g -Wall -O2 -funroll-loops -fomit-frame-pointer -fno-exceptions   conftest.cc  >&5
configure:3036: $? = 0
configure:3038: ./conftest
configure:3041: $? = 0
configure:3056: result: yes
configure:3080: checking for sys/types.h
configure:3097: g++ -c -g -Wall -O2 -funroll-loops -fomit-frame-pointer -fno-exceptions  conftest.cc >&5
configure:3100: $? = 0
configure:3103: test -s conftest.o
configure:3106: $? = 0
configure:3117: result: yes
configure:3080: checking for sys/stat.h
configure:3097: g++ -c -g -Wall -O2 -funroll-loops -fomit-frame-pointer -fno-exceptions  conftest.cc >&5
configure:3100: $? = 0
configure:3103: test -s conftest.o
configure:3106: $? = 0
configure:3117: result: yes
configure:3080: checking for stdlib.h
configure:3097: g++ -c -g -Wall -O2 -funroll-loops -fomit-frame-pointer -fno-exceptions  conftest.cc >&5
configure:3100: $? = 0
configure:3103: test -s conftest.o
configure:3106: $? = 0
configure:3117: result: yes
configure:3080: checking for string.h
configure:3097: g++ -c -g -Wall -O2 -funroll-loops -fomit-frame-pointer -fno-exceptions  conftest.cc >&5
configure:3100: $? = 0
configure:3103: test -s conftest.o
configure:3106: $? = 0
configure:3117: result: yes
configure:3080: checking for memory.h
configure:3097: g++ -c -g -Wall -O2 -funroll-loops -fomit-frame-pointer -fno-exceptions  conftest.cc >&5
configure:3100: $? = 0
configure:3103: test -s conftest.o
configure:3106: $? = 0
configure:3117: result: yes
configure:3080: checking for strings.h
configure:3097: g++ -c -g -Wall -O2 -funroll-loops -fomit-frame-pointer -fno-exceptions  conftest.cc >&5
configure:3100: $? = 0
configure:3103: test -s conftest.o
configure:3106: $? = 0
configure:3117: result: yes
configure:3080: checking for inttypes.h
configure:3097: g++ -c -g -Wall -O2 -funroll-loops -fomit-frame-pointer -fno-exceptions  conftest.cc >&5
configure:3100: $? = 0
configure:3103: test -s conftest.o
configure:3106: $? = 0
configure:3117: result: yes
configure:3080: checking for stdint.h
configure:3097: g++ -c -g -Wall -O2 -funroll-loops -fomit-frame-pointer -fno-exceptions  conftest.cc >&5
configure:3100: $? = 0
configure:3103: test -s conftest.o
configure:3106: $? = 0
configure:3117: result: yes
configure:3080: checking for unistd.h
configure:3097: g++ -c -g -Wall -O2 -funroll-loops -fomit-frame-pointer -fno-exceptions  conftest.cc >&5
configure:3100: $? = 0
configure:3103: test -s conftest.o
configure:3106: $? = 0
configure:3117: result: yes
configure:3129: checking for int
configure:3154: g++ -c -g -Wall -O2 -funroll-loops -fomit-frame-pointer -fno-exceptions  conftest.cc >&5
configure:3157: $? = 0
configure:3160: test -s conftest.o
configure:3163: $? = 0
configure:3174: result: yes
configure:3177: checking size of int
configure:3452: g++ -o conftest -g -Wall -O2 -funroll-loops -fomit-frame-pointer -fno-exceptions   conftest.cc  >&5
configure:3455: $? = 0
configure:3457: ./conftest
configure:3460: $? = 0
configure:3483: result: 4
configure:3497: checking for working bool
configure:3521: g++ -c -g -Wall -O2 -funroll-loops -fomit-frame-pointer -fno-exceptions  conftest.cc >&5
configure: In function 'int main()':
configure:3531: warning: unused variable 'flag'
configure:3524: $? = 0
configure:3527: test -s conftest.o
configure:3530: $? = 0
configure:3541: result: yes
configure:3632: checking build system type
configure:3650: result: i686-apple-darwin10.4.0
configure:3658: checking host system type
configure:3672: result: i686-apple-darwin10.4.0
configure:3726: checking for gcc
configure:3742: found /usr/bin/gcc
configure:3752: result: gcc
configure:3996: checking for C compiler version
configure:3999: gcc --version </dev/null >&5
i686-apple-darwin10-gcc-4.2.1 (GCC) 4.2.1 (Apple Inc. build 5664)
Copyright (C) 2007 Free Software Foundation, Inc.
This is free software; see the source for copying conditions.  There is NO
warranty; not even for MERCHANTABILITY or FITNESS FOR A PARTICULAR PURPOSE.

configure:4002: $? = 0
configure:4004: gcc -v </dev/null >&5
Using built-in specs.
Target: i686-apple-darwin10
Configured with: /var/tmp/gcc/gcc-5664~38/src/configure --disable-checking --enable-werror --prefix=/usr --mandir=/share/man --enable-languages=c,objc,c++,obj-c++ --program-transform-name=/^[cg][^.-]*$/s/$/-4.2/ --with-slibdir=/usr/lib --build=i686-apple-darwin10 --program-prefix=i686-apple-darwin10- --host=x86_64-apple-darwin10 --target=i686-apple-darwin10 --with-gxx-include-dir=/include/c++/4.2.1
Thread model: posix
gcc version 4.2.1 (Apple Inc. build 5664)
configure:4007: $? = 0
configure:4009: gcc -V </dev/null >&5
gcc-4.2: argument to `-V' is missing
configure:4012: $? = 1
configure:4015: checking whether we are using the GNU C compiler
configure:4040: gcc -c   conftest.c >&5
configure:4043: $? = 0
configure:4046: test -s conftest.o
configure:4049: $? = 0
configure:4062: result: yes
configure:4068: checking whether gcc accepts -g
configure:4090: gcc -c -g  conftest.c >&5
configure:4093: $? = 0
configure:4096: test -s conftest.o
configure:4099: $? = 0
configure:4110: result: yes
configure:4127: checking for gcc option to accept ANSI C
configure:4188: gcc  -c -g -O2  conftest.c >&5
configure:4191: $? = 0
configure:4194: test -s conftest.o
configure:4197: $? = 0
configure:4215: result: none needed
configure:4233: gcc -c -g -O2  conftest.c >&5
conftest.c:2: error: expected '=', ',', ';', 'asm' or '__attribute__' before 'me'
configure:4236: $? = 1
configure: failed program was:
| #ifndef __cplusplus
|   choke me
| #endif
configure:4347: checking dependency style of gcc
configure:4415: result: gcc3
configure:4432: checking for a sed that does not truncate output
configure:4486: result: /opt/local/bin/gsed
configure:4500: checking for ld used by gcc
configure:4567: result: /usr/libexec/gcc/i686-apple-darwin10/4.2.1/ld
configure:4576: checking if the linker (/usr/libexec/gcc/i686-apple-darwin10/4.2.1/ld) is GNU ld
configure:4591: result: no
configure:4596: checking for /usr/libexec/gcc/i686-apple-darwin10/4.2.1/ld option to reload object files
configure:4603: result: -r
configure:4612: checking for BSD-compatible nm
configure:4654: result: /usr/bin/nm
configure:4658: checking whether ln -s works
configure:4662: result: yes
configure:4669: checking how to recognise dependent libraries
configure:4869: result: pass_all
configure:5073: checking how to run the C preprocessor
configure:5109: gcc -E  conftest.c
configure:5115: $? = 0
configure:5147: gcc -E  conftest.c
configure:5162:28: error: ac_nonexistent.h: No such file or directory
configure:5153: $? = 1
configure: failed program was:
| #line 5138 "configure"
| /* confdefs.h.  */
| 
| #define PACKAGE_NAME ""
| #define PACKAGE_TARNAME ""
| #define PACKAGE_VERSION ""
| #define PACKAGE_STRING ""
| #define PACKAGE_BUGREPORT ""
| #define PACKAGE "resid"
| #define VERSION "0.16"
| #ifdef __cplusplus
| #include <stdlib.h>
| #endif
| #define STDC_HEADERS 1
| #define HAVE_SYS_TYPES_H 1
| #define HAVE_SYS_STAT_H 1
| #define HAVE_STDLIB_H 1
| #define HAVE_STRING_H 1
| #define HAVE_MEMORY_H 1
| #define HAVE_STRINGS_H 1
| #define HAVE_INTTYPES_H 1
| #define HAVE_STDINT_H 1
| #define HAVE_UNISTD_H 1
| #define SIZEOF_INT 4
| /* end confdefs.h.  */
| #include <ac_nonexistent.h>
configure:5191: result: gcc -E
configure:5216: gcc -E  conftest.c
configure:5222: $? = 0
configure:5254: gcc -E  conftest.c
configure:5269:28: error: ac_nonexistent.h: No such file or directory
configure:5260: $? = 1
configure: failed program was:
| #line 5245 "configure"
| /* confdefs.h.  */
| 
| #define PACKAGE_NAME ""
| #define PACKAGE_TARNAME ""
| #define PACKAGE_VERSION ""
| #define PACKAGE_STRING ""
| #define PACKAGE_BUGREPORT ""
| #define PACKAGE "resid"
| #define VERSION "0.16"
| #ifdef __cplusplus
| #include <stdlib.h>
| #endif
| #define STDC_HEADERS 1
| #define HAVE_SYS_TYPES_H 1
| #define HAVE_SYS_STAT_H 1
| #define HAVE_STDLIB_H 1
| #define HAVE_STRING_H 1
| #define HAVE_MEMORY_H 1
| #define HAVE_STRINGS_H 1
| #define HAVE_INTTYPES_H 1
| #define HAVE_STDINT_H 1
| #define HAVE_UNISTD_H 1
| #define SIZEOF_INT 4
| /* end confdefs.h.  */
| #include <ac_nonexistent.h>
configure:5317: checking dlfcn.h usability
configure:5330: gcc -c -g -O2  conftest.c >&5
configure:5333: $? = 0
configure:5336: test -s conftest.o
configure:5339: $? = 0
configure:5349: result: yes
configure:5353: checking dlfcn.h presence
configure:5364: gcc -E  conftest.c
configure:5370: $? = 0
configure:5389: result: yes
configure:5425: checking for dlfcn.h
configure:5432: result: yes
configure:5496: checking for g77
configure:5525: result: no
configure:5496: checking for f77
configure:5525: result: no
configure:5496: checking for xlf
configure:5525: result: no
configure:5496: checking for frt
configure:5525: result: no
configure:5496: checking for pgf77
configure:5525: result: no
configure:5496: checking for fl32
configure:5525: result: no
configure:5496: checking for af77
configure:5525: result: no
configure:5496: checking for fort77
configure:5525: result: no
configure:5496: checking for f90
configure:5525: result: no
configure:5496: checking for xlf90
configure:5525: result: no
configure:5496: checking for pgf90
configure:5525: result: no
configure:5496: checking for epcf90
configure:5525: result: no
configure:5496: checking for f95
configure:5525: result: no
configure:5496: checking for fort
configure:5525: result: no
configure:5496: checking for xlf95
configure:5525: result: no
configure:5496: checking for lf95
configure:5525: result: no
configure:5496: checking for g95
configure:5525: result: no
configure:5537: checking for Fortran 77 compiler version
configure:5540:  --version </dev/null >&5
./configure: line 5541: --version: command not found
configure:5543: $? = 127
configure:5545:  -v </dev/null >&5
./configure: line 5546: -v: command not found
configure:5548: $? = 127
configure:5550:  -V </dev/null >&5
./configure: line 5551: -V: command not found
configure:5553: $? = 127
configure:5560: checking whether we are using the GNU Fortran 77 compiler
configure:5574:  -c  conftest.F >&5
./configure: line 5575: -c: command not found
configure:5577: $? = 127
configure: failed program was:
|       program main
| #ifndef __GNUC__
|        choke me
| #endif
| 
|       end
configure:5596: result: no
configure:5603: checking whether  accepts -g
configure:5615:  -c -g conftest.f >&5
./configure: line 5616: -c: command not found
configure:5618: $? = 127
configure: failed program was:
|       program main
| 
|       end
configure:5636: result: no
configure:5664: checking the maximum length of command line arguments
configure:5723: result: 65536
configure:5734: checking command to parse /usr/bin/nm output from gcc object
configure:5823: g++ -c -g -Wall -O2 -funroll-loops -fomit-frame-pointer -fno-exceptions  conftest.cc >&5
configure:5826: $? = 0
configure:5830: /usr/bin/nm conftest.o \| sed -n -e 's/^.*[ 	]\([BCDEGRST][BCDEGRST]*\)[ 	][ 	]*\(\)\([_A-Za-z][_A-Za-z0-9]*\)$/\1 \2\3 \3/p' \> conftest.nm
configure:5833: $? = 0
cannot find nm_test_var in conftest.nm
configure:5823: g++ -c -g -Wall -O2 -funroll-loops -fomit-frame-pointer -fno-exceptions  conftest.cc >&5
configure:5826: $? = 0
configure:5830: /usr/bin/nm conftest.o \| sed -n -e 's/^.*[ 	]\([BCDEGRST][BCDEGRST]*\)[ 	][ 	]*\(_\)\([_A-Za-z][_A-Za-z0-9]*\)$/\1 \2\3 \3/p' \> conftest.nm
configure:5833: $? = 0
configure:5885: g++ -o conftest -g -Wall -O2 -funroll-loops -fomit-frame-pointer -fno-exceptions   conftest.cc conftstm.o >&5
configure:5888: $? = 0
configure:5926: result: ok
configure:5930: checking for objdir
configure:5945: result: .libs
configure:6035: checking for ar
configure:6051: found /usr/bin/ar
configure:6062: result: ar
configure:6115: checking for ranlib
configure:6131: found /usr/bin/ranlib
configure:6142: result: ranlib
configure:6195: checking for strip
configure:6211: found /usr/bin/strip
configure:6222: result: strip
configure:6484: checking if gcc static flag  works
configure:6507: result: yes
configure:6524: checking if gcc supports -fno-rtti -fno-exceptions
configure:6542: gcc -c -g -O2  -fno-rtti -fno-exceptions conftest.c >&5
cc1: warning: command line option "-fno-rtti" is valid for C++/ObjC++ but not for C
configure:6546: $? = 0
configure:6557: result: no
configure:6572: checking for gcc option to produce PIC
configure:6749: result: -fno-common
configure:6756: checking if gcc PIC flag -fno-common works
configure:6774: gcc -c -g -O2  -fno-common -DPIC conftest.c >&5
configure:6778: $? = 0
configure:6789: result: yes
configure:6813: checking if gcc supports -c -o file.o
configure:6841: gcc -c -g -O2  -o out/conftest2.o conftest.c >&5
configure:6845: $? = 0
configure:6862: result: yes
configure:6888: checking whether the gcc linker (/usr/libexec/gcc/i686-apple-darwin10/4.2.1/ld) supports shared libraries
configure:7682: result: yes
configure:7753: checking how to hardcode library paths into programs
configure:7778: result: immediate
configure:7792: checking whether stripping libraries is possible
configure:7805: result: yes
configure:7819: checking dynamic linker characteristics
configure:8330: result: darwin10.4.0 dyld
configure:9056: checking if libtool supports shared libraries
configure:9058: result: yes
configure:9061: checking whether to build shared libraries
configure:9110: result: no
configure:9113: checking whether to build static libraries
configure:9117: result: yes
configure:9208: creating libtool
configure:9752: checking for ld used by g++
configure:9819: result: /usr/libexec/gcc/i686-apple-darwin10/4.2.1/ld
configure:9828: checking if the linker (/usr/libexec/gcc/i686-apple-darwin10/4.2.1/ld) is GNU ld
configure:9843: result: no
configure:9894: checking whether the g++ linker (/usr/libexec/gcc/i686-apple-darwin10/4.2.1/ld) supports shared libraries
configure:10689: result: yes
configure:10707: g++ -c -g -Wall -O2 -funroll-loops -fomit-frame-pointer -fno-exceptions  conftest.cc >&5
configure:10710: $? = 0
configure:10806: checking for g++ option to produce PIC
configure:11058: result: -fno-common
configure:11065: checking if g++ PIC flag -fno-common works
configure:11083: g++ -c -g -Wall -O2 -funroll-loops -fomit-frame-pointer -fno-exceptions  -fno-common -DPIC conftest.cc >&5
configure:11087: $? = 0
configure:11098: result: yes
configure:11122: checking if g++ supports -c -o file.o
configure:11150: g++ -c -g -Wall -O2 -funroll-loops -fomit-frame-pointer -fno-exceptions  -o out/conftest2.o conftest.cc >&5
configure:11154: $? = 0
configure:11171: result: yes
configure:11197: checking whether the g++ linker (/usr/libexec/gcc/i686-apple-darwin10/4.2.1/ld) supports shared libraries
configure:11222: result: yes
configure:11293: checking how to hardcode library paths into programs
configure:11318: result: immediate
configure:11332: checking whether stripping libraries is possible
configure:11345: result: yes
configure:11359: checking dynamic linker characteristics
configure:11870: result: darwin10.4.0 dyld
configure:18747: checking for ReSID namespace
configure:18749: result: 
configure:18935: creating ./config.status

## ---------------------- ##
## Running config.status. ##
## ---------------------- ##

This file was extended by config.status, which was
generated by GNU Autoconf 2.57.  Invocation command line was

  CONFIG_FILES    = 
  CONFIG_HEADERS  = 
  CONFIG_LINKS    = 
  CONFIG_COMMANDS = 
  $ ./config.status 

on macbook-yoyofr.local

config.status:679: creating Makefile
config.status:679: creating siddefs.h
config.status:804: executing depfiles commands

## ---------------- ##
## Cache variables. ##
## ---------------- ##

ac_cv_build=i686-apple-darwin10.4.0
ac_cv_build_alias=i686-apple-darwin10.4.0
ac_cv_c_compiler_gnu=yes
ac_cv_cxx_bool=yes
ac_cv_cxx_compiler_gnu=yes
ac_cv_env_CC_set=
ac_cv_env_CC_value=
ac_cv_env_CFLAGS_set=
ac_cv_env_CFLAGS_value=
ac_cv_env_CPPFLAGS_set=
ac_cv_env_CPPFLAGS_value=
ac_cv_env_CPP_set=
ac_cv_env_CPP_value=
ac_cv_env_CXXCPP_set=
ac_cv_env_CXXCPP_value=
ac_cv_env_CXXFLAGS_set=
ac_cv_env_CXXFLAGS_value=
ac_cv_env_CXX_set=
ac_cv_env_CXX_value=
ac_cv_env_F77_set=
ac_cv_env_F77_value=
ac_cv_env_FFLAGS_set=
ac_cv_env_FFLAGS_value=
ac_cv_env_LDFLAGS_set=
ac_cv_env_LDFLAGS_value=
ac_cv_env_build_alias_set=
ac_cv_env_build_alias_value=
ac_cv_env_host_alias_set=
ac_cv_env_host_alias_value=
ac_cv_env_target_alias_set=
ac_cv_env_target_alias_value=
ac_cv_exeext=
ac_cv_f77_compiler_gnu=no
ac_cv_header_dlfcn_h=yes
ac_cv_header_inttypes_h=yes
ac_cv_header_memory_h=yes
ac_cv_header_stdc=yes
ac_cv_header_stdint_h=yes
ac_cv_header_stdlib_h=yes
ac_cv_header_string_h=yes
ac_cv_header_strings_h=yes
ac_cv_header_sys_stat_h=yes
ac_cv_header_sys_types_h=yes
ac_cv_header_unistd_h=yes
ac_cv_host=i686-apple-darwin10.4.0
ac_cv_host_alias=i686-apple-darwin10.4.0
ac_cv_objext=o
ac_cv_path_PERL=/opt/local/bin/perl
ac_cv_path_install='/opt/local/bin/ginstall -c'
ac_cv_prog_AWK=gawk
ac_cv_prog_CPP='gcc -E'
ac_cv_prog_CXXCPP='g++ -E'
ac_cv_prog_ac_ct_AR=ar
ac_cv_prog_ac_ct_CC=gcc
ac_cv_prog_ac_ct_CXX=g++
ac_cv_prog_ac_ct_RANLIB=ranlib
ac_cv_prog_ac_ct_STRIP=strip
ac_cv_prog_cc_g=yes
ac_cv_prog_cc_stdc=
ac_cv_prog_cxx_g=yes
ac_cv_prog_egrep='grep -E'
ac_cv_prog_f77_g=no
ac_cv_prog_make_make_set=yes
ac_cv_sizeof_int=4
ac_cv_type_int=yes
am_cv_CC_dependencies_compiler_type=gcc3
am_cv_CXX_dependencies_compiler_type=gcc3
lt_cv_deplibs_check_method=pass_all
lt_cv_file_magic_cmd='/usr/bin/file -L'
lt_cv_file_magic_test_file=/usr/lib/libSystem.dylib
lt_cv_ld_reload_flag=-r
lt_cv_objdir=.libs
lt_cv_path_LD=/usr/libexec/gcc/i686-apple-darwin10/4.2.1/ld
lt_cv_path_LDCXX=/usr/libexec/gcc/i686-apple-darwin10/4.2.1/ld
lt_cv_path_NM=/usr/bin/nm
lt_cv_path_SED=/opt/local/bin/gsed
lt_cv_prog_compiler_c_o=yes
lt_cv_prog_compiler_c_o_CXX=yes
lt_cv_prog_compiler_rtti_exceptions=no
lt_cv_prog_gnu_ld=no
lt_cv_prog_gnu_ldcxx=no
lt_cv_sys_global_symbol_pipe='sed -n -e '\''s/^.*[ 	]\([BCDEGRST][BCDEGRST]*\)[ 	][ 	]*\(_\)\([_A-Za-z][_A-Za-z0-9]*\)$/\1 \2\3 \3/p'\'''
lt_cv_sys_global_symbol_to_c_name_address='sed -n -e '\''s/^: \([^ ]*\) $/  {\"\1\", (lt_ptr) 0},/p'\'' -e '\''s/^[BCDEGRST] \([^ ]*\) \([^ ]*\)$/  {"\2", (lt_ptr) \&\2},/p'\'''
lt_cv_sys_global_symbol_to_cdecl='sed -n -e '\''s/^. .* \(.*\)$/extern int \1;/p'\'''
lt_cv_sys_max_cmd_len=65536
lt_lt_cv_prog_compiler_c_o='"yes"'
lt_lt_cv_prog_compiler_c_o_CXX='"yes"'
lt_lt_cv_sys_global_symbol_pipe='"sed -n -e '\''s/^.*[ 	]\\([BCDEGRST][BCDEGRST]*\\)[ 	][ 	]*\\(_\\)\\([_A-Za-z][_A-Za-z0-9]*\\)\$/\\1 \\2\\3 \\3/p'\''"'
lt_lt_cv_sys_global_symbol_to_c_name_address='"sed -n -e '\''s/^: \\([^ ]*\\) \$/  {\\\"\\1\\\", (lt_ptr) 0},/p'\'' -e '\''s/^[BCDEGRST] \\([^ ]*\\) \\([^ ]*\\)\$/  {\"\\2\", (lt_ptr) \\&\\2},/p'\''"'
lt_lt_cv_sys_global_symbol_to_cdecl='"sed -n -e '\''s/^. .* \\(.*\\)\$/extern int \\1;/p'\''"'

## ----------------- ##
## Output variables. ##
## ----------------- ##

ACLOCAL='aclocal-1.7'
AMDEPBACKSLASH='\'
AMDEP_FALSE='#'
AMDEP_TRUE=''
AMTAR='tar'
AR='ar'
AUTOCONF='autoconf'
AUTOHEADER='autoheader'
AUTOMAKE='automake-1.7'
AWK='gawk'
CC='gcc'
CCDEPMODE='depmode=gcc3'
CFLAGS='-g -O2'
CPP='gcc -E'
CPPFLAGS=''
CXX='g++'
CXXCPP='g++ -E'
CXXDEPMODE='depmode=gcc3'
CXXFLAGS='-g -Wall -O2 -funroll-loops -fomit-frame-pointer -fno-exceptions'
CYGPATH_W='echo'
DEFS='-DPACKAGE_NAME=\"\" -DPACKAGE_TARNAME=\"\" -DPACKAGE_VERSION=\"\" -DPACKAGE_STRING=\"\" -DPACKAGE_BUGREPORT=\"\" -DPACKAGE=\"resid\" -DVERSION=\"0.16\" -DSTDC_HEADERS=1 -DHAVE_SYS_TYPES_H=1 -DHAVE_SYS_STAT_H=1 -DHAVE_STDLIB_H=1 -DHAVE_STRING_H=1 -DHAVE_MEMORY_H=1 -DHAVE_STRINGS_H=1 -DHAVE_INTTYPES_H=1 -DHAVE_STDINT_H=1 -DHAVE_UNISTD_H=1 -DSIZEOF_INT=4 -DHAVE_DLFCN_H=1 '
DEPDIR='.deps'
ECHO='/bin/echo'
ECHO_C='ECHO_N=''
ECHO_T=''
EGREP='grep -E'
EXEEXT=''
F77=''
FFLAGS=''
INSTALL_DATA='${INSTALL} -m 644'
INSTALL_PROGRAM='${INSTALL}'
INSTALL_RESID_FALSE=''
INSTALL_RESID_TRUE='#'
INSTALL_SCRIPT='${INSTALL}'
INSTALL_STRIP_PROGRAM='${SHELL} $(install_sh) -c -s'
LDFLAGS=''
LIBOBJS=''
LIBS=''
LIBTOOL='$(SHELL) $(top_builddir)/libtool'
LIBTOOL_DEPS='./ltmain.sh'
LN_S='ln -s'
LTLIBOBJS=''
LTVERSION='5:0:0'
MAKEINFO='makeinfo'
OBJEXT='o'
PACKAGE='resid'
PACKAGE_BUGREPORT=''
PACKAGE_NAME=''
PACKAGE_STRING=''
PACKAGE_TARNAME=''
PACKAGE_VERSION=''
PATH_SEPARATOR=':'
PERL='/opt/local/bin/perl'
RANLIB='ranlib'
RESID_HAVE_BOOL='1'
RESID_INLINE='inline'
RESID_INLINING='1'
RESID_NAMESPACE=''
SET_MAKE=''
SHELL='/bin/sh'
STRIP='strip'
VERSION='0.16'
ac_ct_AR='ar'
ac_ct_CC='gcc'
ac_ct_CXX='g++'
ac_ct_F77=''
ac_ct_RANLIB='ranlib'
ac_ct_STRIP='strip'
am__fastdepCC_FALSE='#'
am__fastdepCC_TRUE=''
am__fastdepCXX_FALSE='#'
am__fastdepCXX_TRUE=''
am__include='include'
am__leading_dot='.'
am__quote=''
bindir='${exec_prefix}/bin'
build='i686-apple-darwin10.4.0'
build_alias=''
build_cpu='i686'
build_os='darwin10.4.0'
build_vendor='apple'
datadir='${prefix}/share'
exec_prefix='${prefix}'
host='i686-apple-darwin10.4.0'
host_alias=''
host_cpu='i686'
host_os='darwin10.4.0'
host_vendor='apple'
includedir='${prefix}/include'
infodir='${prefix}/info'
install_sh='/Users/ymagnien/Downloads/resid-0.16 2/install-sh'
libdir='${exec_prefix}/lib'
libexecdir='${exec_prefix}/libexec'
localstatedir='${prefix}/var'
mandir='${prefix}/man'
oldincludedir='/usr/include'
prefix='/usr/local'
program_transform_name='s,x,x,'
sbindir='${exec_prefix}/sbin'
sharedstatedir='${prefix}/com'
sysconfdir='${prefix}/etc'
target_alias=''

## ----------- ##
## confdefs.h. ##
## ----------- ##

#define HAVE_DLFCN_H 1
#define HAVE_INTTYPES_H 1
#define HAVE_MEMORY_H 1
#define HAVE_STDINT_H 1
#define HAVE_STDLIB_H 1
#define HAVE_STRINGS_H 1
#define HAVE_STRING_H 1
#define HAVE_SYS_STAT_H 1
#define HAVE_SYS_TYPES_H 1
#define HAVE_UNISTD_H 1
#define PACKAGE "resid"
#define PACKAGE_BUGREPORT ""
#define PACKAGE_NAME ""
#define PACKAGE_STRING ""
#define PACKAGE_TARNAME ""
#define PACKAGE_VERSION ""
#define SIZEOF_INT 4
#define STDC_HEADERS 1
#define VERSION "0.16"
#endif
#ifdef __cplusplus
#include <stdlib.h>

configure: exit 0
