This file contains any messages produced by compilers while
running configure, to aid debugging if configure makes a mistake.

It was created by configure, which was
generated by GNU Autoconf 2.59.  Invocation command line was

  $ ./configure --disable-library-checks --with-sidplay2-includes=/Users/ymagnien/Downloads/sidplay-libs-2.1.1/libsidplay/include --with-sidplay2-library=/Users/ymagnien/Downloads/sidplay-libs-2.1.1/libsidplay/src

## --------- ##
## Platform. ##
## --------- ##

hostname = macbook-yoyofr.local
uname -m = i386
uname -r = 10.4.0
uname -s = Darwin
uname -v = Darwin Kernel Version 10.4.0: Fri Apr 23 18:28:53 PDT 2010; root:xnu-1504.7.4~1/RELEASE_I386

/usr/bin/uname -p = i386
/bin/uname -X     = unknown

/bin/arch              = unknown
/usr/bin/arch -k       = unknown
/usr/convex/getsysinfo = unknown
hostinfo               = Mach kernel version:
	 Darwin Kernel Version 10.4.0: Fri Apr 23 18:28:53 PDT 2010; root:xnu-1504.7.4~1/RELEASE_I386
Kernel configured for up to 2 processors.
2 processors are physically available.
2 processors are logically available.
Processor type: i486 (Intel 80486)
Processors active: 0 1
Primary memory available: 2.00 gigabytes
Default processor set: 88 tasks, 423 threads, 2 processors
Load average: 2.43, Mach factor: 0.46
/bin/machine           = unknown
/usr/bin/oslevel       = unknown
/bin/universe          = unknown

PATH: /opt/local/bin
PATH: /opt/local/sbin
PATH: /usr/bin
PATH: /bin
PATH: /usr/sbin
PATH: /sbin
PATH: /usr/local/bin
PATH: /usr/X11/bin


## ----------- ##
## Core tests. ##
## ----------- ##

configure:1549: checking for a BSD-compatible install
configure:1604: result: /opt/local/bin/ginstall -c
configure:1615: checking whether build environment is sane
configure:1658: result: yes
configure:1715: checking for gawk
configure:1731: found /opt/local/bin/gawk
configure:1741: result: gawk
configure:1751: checking whether make sets $(MAKE)
configure:1771: result: yes
configure:1944: checking build system type
configure:1962: result: i686-apple-darwin10.4.0
configure:1970: checking host system type
configure:1984: result: i686-apple-darwin10.4.0
configure:2039: checking for gcc
configure:2055: found /usr/bin/gcc
configure:2065: result: gcc
configure:2309: checking for C compiler version
configure:2312: gcc --version </dev/null >&5
i686-apple-darwin10-gcc-4.2.1 (GCC) 4.2.1 (Apple Inc. build 5664)
Copyright (C) 2007 Free Software Foundation, Inc.
This is free software; see the source for copying conditions.  There is NO
warranty; not even for MERCHANTABILITY or FITNESS FOR A PARTICULAR PURPOSE.

configure:2315: $? = 0
configure:2317: gcc -v </dev/null >&5
Using built-in specs.
Target: i686-apple-darwin10
Configured with: /var/tmp/gcc/gcc-5664~38/src/configure --disable-checking --enable-werror --prefix=/usr --mandir=/share/man --enable-languages=c,objc,c++,obj-c++ --program-transform-name=/^[cg][^.-]*$/s/$/-4.2/ --with-slibdir=/usr/lib --build=i686-apple-darwin10 --program-prefix=i686-apple-darwin10- --host=x86_64-apple-darwin10 --target=i686-apple-darwin10 --with-gxx-include-dir=/include/c++/4.2.1
Thread model: posix
gcc version 4.2.1 (Apple Inc. build 5664)
configure:2320: $? = 0
configure:2322: gcc -V </dev/null >&5
gcc-4.2: argument to `-V' is missing
configure:2325: $? = 1
configure:2348: checking for C compiler default output file name
configure:2351: gcc    conftest.c  >&5
configure:2354: $? = 0
configure:2400: result: a.out
configure:2405: checking whether the C compiler works
configure:2411: ./a.out
configure:2414: $? = 0
configure:2431: result: yes
configure:2438: checking whether we are cross compiling
configure:2440: result: no
configure:2443: checking for suffix of executables
configure:2445: gcc -o conftest    conftest.c  >&5
configure:2448: $? = 0
configure:2473: result: 
configure:2479: checking for suffix of object files
configure:2500: gcc -c   conftest.c >&5
configure:2503: $? = 0
configure:2525: result: o
configure:2529: checking whether we are using the GNU C compiler
configure:2553: gcc -c   conftest.c >&5
configure:2559: $? = 0
configure:2563: test -z 
			 || test ! -s conftest.err
configure:2566: $? = 0
configure:2569: test -s conftest.o
configure:2572: $? = 0
configure:2585: result: yes
configure:2591: checking whether gcc accepts -g
configure:2612: gcc -c -g  conftest.c >&5
configure:2618: $? = 0
configure:2622: test -z 
			 || test ! -s conftest.err
configure:2625: $? = 0
configure:2628: test -s conftest.o
configure:2631: $? = 0
configure:2642: result: yes
configure:2659: checking for gcc option to accept ANSI C
configure:2729: gcc  -c -g -O2  conftest.c >&5
configure:2735: $? = 0
configure:2739: test -z 
			 || test ! -s conftest.err
configure:2742: $? = 0
configure:2745: test -s conftest.o
configure:2748: $? = 0
configure:2766: result: none needed
configure:2784: gcc -c -g -O2  conftest.c >&5
conftest.c:2: error: expected '=', ',', ';', 'asm' or '__attribute__' before 'me'
configure:2790: $? = 1
configure: failed program was:
| #ifndef __cplusplus
|   choke me
| #endif
configure:2934: checking for style of include used by make
configure:2962: result: GNU
configure:2990: checking dependency style of gcc
configure:3080: result: gcc3
configure:3149: checking for g++
configure:3165: found /usr/bin/g++
configure:3175: result: g++
configure:3191: checking for C++ compiler version
configure:3194: g++ --version </dev/null >&5
i686-apple-darwin10-g++-4.2.1 (GCC) 4.2.1 (Apple Inc. build 5664)
Copyright (C) 2007 Free Software Foundation, Inc.
This is free software; see the source for copying conditions.  There is NO
warranty; not even for MERCHANTABILITY or FITNESS FOR A PARTICULAR PURPOSE.

configure:3197: $? = 0
configure:3199: g++ -v </dev/null >&5
Using built-in specs.
Target: i686-apple-darwin10
Configured with: /var/tmp/gcc/gcc-5664~38/src/configure --disable-checking --enable-werror --prefix=/usr --mandir=/share/man --enable-languages=c,objc,c++,obj-c++ --program-transform-name=/^[cg][^.-]*$/s/$/-4.2/ --with-slibdir=/usr/lib --build=i686-apple-darwin10 --program-prefix=i686-apple-darwin10- --host=x86_64-apple-darwin10 --target=i686-apple-darwin10 --with-gxx-include-dir=/include/c++/4.2.1
Thread model: posix
gcc version 4.2.1 (Apple Inc. build 5664)
configure:3202: $? = 0
configure:3204: g++ -V </dev/null >&5
g++-4.2: argument to `-V' is missing
configure:3207: $? = 1
configure:3210: checking whether we are using the GNU C++ compiler
configure:3234: g++ -c   conftest.cc >&5
configure:3240: $? = 0
configure:3244: test -z 
			 || test ! -s conftest.err
configure:3247: $? = 0
configure:3250: test -s conftest.o
configure:3253: $? = 0
configure:3266: result: yes
configure:3272: checking whether g++ accepts -g
configure:3293: g++ -c -g  conftest.cc >&5
configure:3299: $? = 0
configure:3303: test -z 
			 || test ! -s conftest.err
configure:3306: $? = 0
configure:3309: test -s conftest.o
configure:3312: $? = 0
configure:3323: result: yes
configure:3365: g++ -c -g -O2  conftest.cc >&5
configure:3371: $? = 0
configure:3375: test -z 
			 || test ! -s conftest.err
configure:3378: $? = 0
configure:3381: test -s conftest.o
configure:3384: $? = 0
configure:3410: g++ -c -g -O2  conftest.cc >&5
conftest.cc: In function 'int main()':
conftest.cc:15: error: 'exit' was not declared in this scope
configure:3416: $? = 1
configure: failed program was:
| /* confdefs.h.  */
| 
| #define PACKAGE_NAME ""
| #define PACKAGE_TARNAME ""
| #define PACKAGE_VERSION ""
| #define PACKAGE_STRING ""
| #define PACKAGE_BUGREPORT ""
| #define PACKAGE "libsidutils"
| #define VERSION "1.0.4"
| /* end confdefs.h.  */
| 
| int
| main ()
| {
| exit (42);
|   ;
|   return 0;
| }
configure:3365: g++ -c -g -O2  conftest.cc >&5
conftest.cc:11: error: 'void std::exit(int)' should have been declared inside 'std'
In file included from conftest.cc:12:
/usr/include/stdlib.h:159: error: declaration of 'void std::exit(int)' throws different exceptions
conftest.cc:11: error: from previous declaration 'void std::exit(int) throw ()'
configure:3371: $? = 1
configure: failed program was:
| /* confdefs.h.  */
| 
| #define PACKAGE_NAME ""
| #define PACKAGE_TARNAME ""
| #define PACKAGE_VERSION ""
| #define PACKAGE_STRING ""
| #define PACKAGE_BUGREPORT ""
| #define PACKAGE "libsidutils"
| #define VERSION "1.0.4"
| /* end confdefs.h.  */
| extern "C" void std::exit (int) throw (); using std::exit;
| #include <stdlib.h>
| int
| main ()
| {
| exit (42);
|   ;
|   return 0;
| }
configure:3365: g++ -c -g -O2  conftest.cc >&5
conftest.cc:11: error: 'void std::exit(int)' should have been declared inside 'std'
configure:3371: $? = 1
configure: failed program was:
| /* confdefs.h.  */
| 
| #define PACKAGE_NAME ""
| #define PACKAGE_TARNAME ""
| #define PACKAGE_VERSION ""
| #define PACKAGE_STRING ""
| #define PACKAGE_BUGREPORT ""
| #define PACKAGE "libsidutils"
| #define VERSION "1.0.4"
| /* end confdefs.h.  */
| extern "C" void std::exit (int); using std::exit;
| #include <stdlib.h>
| int
| main ()
| {
| exit (42);
|   ;
|   return 0;
| }
configure:3365: g++ -c -g -O2  conftest.cc >&5
In file included from conftest.cc:12:
/usr/include/stdlib.h:159: error: declaration of 'void exit(int)' throws different exceptions
conftest.cc:11: error: from previous declaration 'void exit(int) throw ()'
configure:3371: $? = 1
configure: failed program was:
| /* confdefs.h.  */
| 
| #define PACKAGE_NAME ""
| #define PACKAGE_TARNAME ""
| #define PACKAGE_VERSION ""
| #define PACKAGE_STRING ""
| #define PACKAGE_BUGREPORT ""
| #define PACKAGE "libsidutils"
| #define VERSION "1.0.4"
| /* end confdefs.h.  */
| extern "C" void exit (int) throw ();
| #include <stdlib.h>
| int
| main ()
| {
| exit (42);
|   ;
|   return 0;
| }
configure:3365: g++ -c -g -O2  conftest.cc >&5
configure:3371: $? = 0
configure:3375: test -z 
			 || test ! -s conftest.err
configure:3378: $? = 0
configure:3381: test -s conftest.o
configure:3384: $? = 0
configure:3410: g++ -c -g -O2  conftest.cc >&5
configure:3416: $? = 0
configure:3420: test -z 
			 || test ! -s conftest.err
configure:3423: $? = 0
configure:3426: test -s conftest.o
configure:3429: $? = 0
configure:3454: checking dependency style of g++
configure:3544: result: gcc3
configure:3636: checking for a sed that does not truncate output
configure:3690: result: /opt/local/bin/gsed
configure:3693: checking for egrep
configure:3703: result: grep -E
configure:3719: checking for ld used by gcc
configure:3786: result: /usr/libexec/gcc/i686-apple-darwin10/4.2.1/ld
configure:3795: checking if the linker (/usr/libexec/gcc/i686-apple-darwin10/4.2.1/ld) is GNU ld
configure:3810: result: no
configure:3815: checking for /usr/libexec/gcc/i686-apple-darwin10/4.2.1/ld option to reload object files
configure:3822: result: -r
configure:3831: checking for BSD-compatible nm
configure:3873: result: /usr/bin/nm
configure:3877: checking whether ln -s works
configure:3881: result: yes
configure:3888: checking how to recognise dependent libraries
configure:4071: result: pass_all
configure:4527: checking how to run the C preprocessor
configure:4562: gcc -E  conftest.c
configure:4568: $? = 0
configure:4600: gcc -E  conftest.c
conftest.c:14:28: error: ac_nonexistent.h: No such file or directory
configure:4606: $? = 1
configure: failed program was:
| /* confdefs.h.  */
| 
| #define PACKAGE_NAME ""
| #define PACKAGE_TARNAME ""
| #define PACKAGE_VERSION ""
| #define PACKAGE_STRING ""
| #define PACKAGE_BUGREPORT ""
| #define PACKAGE "libsidutils"
| #define VERSION "1.0.4"
| #ifdef __cplusplus
| extern "C" void exit (int);
| #endif
| /* end confdefs.h.  */
| #include <ac_nonexistent.h>
configure:4645: result: gcc -E
configure:4669: gcc -E  conftest.c
configure:4675: $? = 0
configure:4707: gcc -E  conftest.c
conftest.c:14:28: error: ac_nonexistent.h: No such file or directory
configure:4713: $? = 1
configure: failed program was:
| /* confdefs.h.  */
| 
| #define PACKAGE_NAME ""
| #define PACKAGE_TARNAME ""
| #define PACKAGE_VERSION ""
| #define PACKAGE_STRING ""
| #define PACKAGE_BUGREPORT ""
| #define PACKAGE "libsidutils"
| #define VERSION "1.0.4"
| #ifdef __cplusplus
| extern "C" void exit (int);
| #endif
| /* end confdefs.h.  */
| #include <ac_nonexistent.h>
configure:4757: checking for ANSI C header files
configure:4782: gcc -c -g -O2  conftest.c >&5
configure:4788: $? = 0
configure:4792: test -z 
			 || test ! -s conftest.err
configure:4795: $? = 0
configure:4798: test -s conftest.o
configure:4801: $? = 0
configure:4890: gcc -o conftest -g -O2   conftest.c  >&5
conftest.c: In function 'main':
conftest.c:31: warning: incompatible implicit declaration of built-in function 'exit'
configure:4893: $? = 0
configure:4895: ./conftest
configure:4898: $? = 0
configure:4913: result: yes
configure:4937: checking for sys/types.h
configure:4953: gcc -c -g -O2  conftest.c >&5
configure:4959: $? = 0
configure:4963: test -z 
			 || test ! -s conftest.err
configure:4966: $? = 0
configure:4969: test -s conftest.o
configure:4972: $? = 0
configure:4983: result: yes
configure:4937: checking for sys/stat.h
configure:4953: gcc -c -g -O2  conftest.c >&5
configure:4959: $? = 0
configure:4963: test -z 
			 || test ! -s conftest.err
configure:4966: $? = 0
configure:4969: test -s conftest.o
configure:4972: $? = 0
configure:4983: result: yes
configure:4937: checking for stdlib.h
configure:4953: gcc -c -g -O2  conftest.c >&5
configure:4959: $? = 0
configure:4963: test -z 
			 || test ! -s conftest.err
configure:4966: $? = 0
configure:4969: test -s conftest.o
configure:4972: $? = 0
configure:4983: result: yes
configure:4937: checking for string.h
configure:4953: gcc -c -g -O2  conftest.c >&5
configure:4959: $? = 0
configure:4963: test -z 
			 || test ! -s conftest.err
configure:4966: $? = 0
configure:4969: test -s conftest.o
configure:4972: $? = 0
configure:4983: result: yes
configure:4937: checking for memory.h
configure:4953: gcc -c -g -O2  conftest.c >&5
configure:4959: $? = 0
configure:4963: test -z 
			 || test ! -s conftest.err
configure:4966: $? = 0
configure:4969: test -s conftest.o
configure:4972: $? = 0
configure:4983: result: yes
configure:4937: checking for strings.h
configure:4953: gcc -c -g -O2  conftest.c >&5
configure:4959: $? = 0
configure:4963: test -z 
			 || test ! -s conftest.err
configure:4966: $? = 0
configure:4969: test -s conftest.o
configure:4972: $? = 0
configure:4983: result: yes
configure:4937: checking for inttypes.h
configure:4953: gcc -c -g -O2  conftest.c >&5
configure:4959: $? = 0
configure:4963: test -z 
			 || test ! -s conftest.err
configure:4966: $? = 0
configure:4969: test -s conftest.o
configure:4972: $? = 0
configure:4983: result: yes
configure:4937: checking for stdint.h
configure:4953: gcc -c -g -O2  conftest.c >&5
configure:4959: $? = 0
configure:4963: test -z 
			 || test ! -s conftest.err
configure:4966: $? = 0
configure:4969: test -s conftest.o
configure:4972: $? = 0
configure:4983: result: yes
configure:4937: checking for unistd.h
configure:4953: gcc -c -g -O2  conftest.c >&5
configure:4959: $? = 0
configure:4963: test -z 
			 || test ! -s conftest.err
configure:4966: $? = 0
configure:4969: test -s conftest.o
configure:4972: $? = 0
configure:4983: result: yes
configure:5009: checking dlfcn.h usability
configure:5021: gcc -c -g -O2  conftest.c >&5
configure:5027: $? = 0
configure:5031: test -z 
			 || test ! -s conftest.err
configure:5034: $? = 0
configure:5037: test -s conftest.o
configure:5040: $? = 0
configure:5050: result: yes
configure:5054: checking dlfcn.h presence
configure:5064: gcc -E  conftest.c
configure:5070: $? = 0
configure:5090: result: yes
configure:5125: checking for dlfcn.h
configure:5132: result: yes
configure:5150: checking how to run the C++ preprocessor
configure:5181: g++ -E  conftest.cc
configure:5187: $? = 0
configure:5219: g++ -E  conftest.cc
conftest.cc:25:28: error: ac_nonexistent.h: No such file or directory
configure:5225: $? = 1
configure: failed program was:
| /* confdefs.h.  */
| 
| #define PACKAGE_NAME ""
| #define PACKAGE_TARNAME ""
| #define PACKAGE_VERSION ""
| #define PACKAGE_STRING ""
| #define PACKAGE_BUGREPORT ""
| #define PACKAGE "libsidutils"
| #define VERSION "1.0.4"
| #ifdef __cplusplus
| extern "C" void exit (int);
| #endif
| #define STDC_HEADERS 1
| #define HAVE_SYS_TYPES_H 1
| #define HAVE_SYS_STAT_H 1
| #define HAVE_STDLIB_H 1
| #define HAVE_STRING_H 1
| #define HAVE_MEMORY_H 1
| #define HAVE_STRINGS_H 1
| #define HAVE_INTTYPES_H 1
| #define HAVE_STDINT_H 1
| #define HAVE_UNISTD_H 1
| #define HAVE_DLFCN_H 1
| /* end confdefs.h.  */
| #include <ac_nonexistent.h>
configure:5264: result: g++ -E
configure:5288: g++ -E  conftest.cc
configure:5294: $? = 0
configure:5326: g++ -E  conftest.cc
conftest.cc:25:28: error: ac_nonexistent.h: No such file or directory
configure:5332: $? = 1
configure: failed program was:
| /* confdefs.h.  */
| 
| #define PACKAGE_NAME ""
| #define PACKAGE_TARNAME ""
| #define PACKAGE_VERSION ""
| #define PACKAGE_STRING ""
| #define PACKAGE_BUGREPORT ""
| #define PACKAGE "libsidutils"
| #define VERSION "1.0.4"
| #ifdef __cplusplus
| extern "C" void exit (int);
| #endif
| #define STDC_HEADERS 1
| #define HAVE_SYS_TYPES_H 1
| #define HAVE_SYS_STAT_H 1
| #define HAVE_STDLIB_H 1
| #define HAVE_STRING_H 1
| #define HAVE_MEMORY_H 1
| #define HAVE_STRINGS_H 1
| #define HAVE_INTTYPES_H 1
| #define HAVE_STDINT_H 1
| #define HAVE_UNISTD_H 1
| #define HAVE_DLFCN_H 1
| /* end confdefs.h.  */
| #include <ac_nonexistent.h>
configure:5427: checking for g77
configure:5456: result: no
configure:5427: checking for f77
configure:5456: result: no
configure:5427: checking for xlf
configure:5456: result: no
configure:5427: checking for frt
configure:5456: result: no
configure:5427: checking for pgf77
configure:5456: result: no
configure:5427: checking for fort77
configure:5456: result: no
configure:5427: checking for fl32
configure:5456: result: no
configure:5427: checking for af77
configure:5456: result: no
configure:5427: checking for f90
configure:5456: result: no
configure:5427: checking for xlf90
configure:5456: result: no
configure:5427: checking for pgf90
configure:5456: result: no
configure:5427: checking for epcf90
configure:5456: result: no
configure:5427: checking for f95
configure:5456: result: no
configure:5427: checking for fort
configure:5456: result: no
configure:5427: checking for xlf95
configure:5456: result: no
configure:5427: checking for ifc
configure:5456: result: no
configure:5427: checking for efc
configure:5456: result: no
configure:5427: checking for pgf95
configure:5456: result: no
configure:5427: checking for lf95
configure:5456: result: no
configure:5427: checking for gfortran
configure:5456: result: no
configure:5468: checking for Fortran 77 compiler version
configure:5471:  --version </dev/null >&5
./configure: line 5472: --version: command not found
configure:5474: $? = 127
configure:5476:  -v </dev/null >&5
./configure: line 5477: -v: command not found
configure:5479: $? = 127
configure:5481:  -V </dev/null >&5
./configure: line 5482: -V: command not found
configure:5484: $? = 127
configure:5492: checking whether we are using the GNU Fortran 77 compiler
configure:5506:  -c  conftest.F >&5
./configure: line 5507: -c: command not found
configure:5512: $? = 127
configure: failed program was:
|       program main
| #ifndef __GNUC__
|        choke me
| #endif
| 
|       end
configure:5538: result: no
configure:5544: checking whether  accepts -g
configure:5556:  -c -g conftest.f >&5
./configure: line 5557: -c: command not found
configure:5562: $? = 127
configure: failed program was:
|       program main
| 
|       end
configure:5587: result: no
configure:5617: checking the maximum length of command line arguments
configure:5682: result: 65536
configure:5693: checking command to parse /usr/bin/nm output from gcc object
configure:5782: gcc -c -g -O2  conftest.c >&5
configure:5785: $? = 0
configure:5789: /usr/bin/nm conftest.o \| sed -n -e 's/^.*[ 	]\([BCDEGRST][BCDEGRST]*\)[ 	][ 	]*\(\)\([_A-Za-z][_A-Za-z0-9]*\)$/\1 \2\3 \3/p' \> conftest.nm
configure:5792: $? = 0
cannot find nm_test_var in conftest.nm
configure:5782: gcc -c -g -O2  conftest.c >&5
configure:5785: $? = 0
configure:5789: /usr/bin/nm conftest.o \| sed -n -e 's/^.*[ 	]\([BCDEGRST][BCDEGRST]*\)[ 	][ 	]*\(_\)\([_A-Za-z][_A-Za-z0-9]*\)$/\1 \2\3 \3/p' \> conftest.nm
configure:5792: $? = 0
configure:5844: gcc -o conftest -g -O2   conftest.c conftstm.o >&5
configure:5847: $? = 0
configure:5885: result: ok
configure:5889: checking for objdir
configure:5904: result: .libs
configure:5994: checking for ar
configure:6010: found /usr/bin/ar
configure:6021: result: ar
configure:6074: checking for ranlib
configure:6090: found /usr/bin/ranlib
configure:6101: result: ranlib
configure:6154: checking for strip
configure:6170: found /usr/bin/strip
configure:6181: result: strip
configure:6443: checking if gcc static flag  works
configure:6466: result: yes
configure:6484: checking if gcc supports -fno-rtti -fno-exceptions
configure:6502: gcc -c -g -O2  -fno-rtti -fno-exceptions conftest.c >&5
cc1: warning: command line option "-fno-rtti" is valid for C++/ObjC++ but not for C
configure:6506: $? = 0
configure:6517: result: no
configure:6532: checking for gcc option to produce PIC
configure:6709: result: -fno-common
configure:6717: checking if gcc PIC flag -fno-common works
configure:6735: gcc -c -g -O2  -fno-common -DPIC conftest.c >&5
configure:6739: $? = 0
configure:6750: result: yes
configure:6774: checking if gcc supports -c -o file.o
configure:6795: gcc -c -g -O2  -o out/conftest2.o conftest.c >&5
configure:6799: $? = 0
configure:6819: result: yes
configure:6845: checking whether the gcc linker (/usr/libexec/gcc/i686-apple-darwin10/4.2.1/ld) supports shared libraries
configure:7693: result: yes
configure:7764: checking dynamic linker characteristics
configure:8304: result: darwin10.4.0 dyld
configure:8308: checking how to hardcode library paths into programs
configure:8333: result: immediate
configure:8347: checking whether stripping libraries is possible
configure:8360: result: yes
configure:9182: checking if libtool supports shared libraries
configure:9184: result: yes
configure:9187: checking whether to build shared libraries
configure:9245: result: yes
configure:9248: checking whether to build static libraries
configure:9252: result: yes
configure:9344: creating libtool
configure:9891: checking for ld used by g++
configure:9958: result: /usr/libexec/gcc/i686-apple-darwin10/4.2.1/ld
configure:9967: checking if the linker (/usr/libexec/gcc/i686-apple-darwin10/4.2.1/ld) is GNU ld
configure:9982: result: no
configure:10033: checking whether the g++ linker (/usr/libexec/gcc/i686-apple-darwin10/4.2.1/ld) supports shared libraries
configure:10861: result: yes
configure:10879: g++ -c -g -O2  conftest.cc >&5
configure:10882: $? = 0
configure:10978: checking for g++ option to produce PIC
configure:11230: result: -fno-common
configure:11238: checking if g++ PIC flag -fno-common works
configure:11256: g++ -c -g -O2  -fno-common -DPIC conftest.cc >&5
configure:11260: $? = 0
configure:11271: result: yes
configure:11295: checking if g++ supports -c -o file.o
configure:11316: g++ -c -g -O2  -o out/conftest2.o conftest.cc >&5
configure:11320: $? = 0
configure:11340: result: yes
configure:11366: checking whether the g++ linker (/usr/libexec/gcc/i686-apple-darwin10/4.2.1/ld) supports shared libraries
configure:11391: result: yes
configure:11462: checking dynamic linker characteristics
configure:12002: result: darwin10.4.0 dyld
configure:12006: checking how to hardcode library paths into programs
configure:12031: result: immediate
configure:12045: checking whether stripping libraries is possible
configure:12058: result: yes
configure:19286: checking whether byte ordering is bigendian
configure:19313: gcc -c -g -O2  conftest.c >&5
configure:19319: $? = 0
configure:19323: test -z 
			 || test ! -s conftest.err
configure:19326: $? = 0
configure:19329: test -s conftest.o
configure:19332: $? = 0
configure:19356: gcc -c -g -O2  conftest.c >&5
conftest.c: In function 'main':
conftest.c:32: error: 'not' undeclared (first use in this function)
conftest.c:32: error: (Each undeclared identifier is reported only once
conftest.c:32: error: for each function it appears in.)
conftest.c:32: error: expected ';' before 'big'
configure:19362: $? = 1
configure: failed program was:
| /* confdefs.h.  */
| 
| #define PACKAGE_NAME ""
| #define PACKAGE_TARNAME ""
| #define PACKAGE_VERSION ""
| #define PACKAGE_STRING ""
| #define PACKAGE_BUGREPORT ""
| #define PACKAGE "libsidutils"
| #define VERSION "1.0.4"
| #ifdef __cplusplus
| extern "C" void exit (int);
| #endif
| #define STDC_HEADERS 1
| #define HAVE_SYS_TYPES_H 1
| #define HAVE_SYS_STAT_H 1
| #define HAVE_STDLIB_H 1
| #define HAVE_STRING_H 1
| #define HAVE_MEMORY_H 1
| #define HAVE_STRINGS_H 1
| #define HAVE_INTTYPES_H 1
| #define HAVE_STDINT_H 1
| #define HAVE_UNISTD_H 1
| #define HAVE_DLFCN_H 1
| /* end confdefs.h.  */
| #include <sys/types.h>
| #include <sys/param.h>
| 
| int
| main ()
| {
| #if BYTE_ORDER != BIG_ENDIAN
|  not big endian
| #endif
| 
|   ;
|   return 0;
| }
configure:19497: result: no
configure:19525: checking whether exceptions are available
configure:19547: g++ -c -g -O2  conftest.cc >&5
In file included from /usr/include/c++/4.2.1/backward/new.h:33,
                 from conftest.cc:25:
/usr/include/c++/4.2.1/backward/backward_warning.h:32:2: warning: #warning This file includes at least one deprecated or antiquated header. Please consider using one of the 32 headers found in section 17.4.1.2 of the C++ standard. Examples include substituting the <X> header for the <X.h> header for C++ includes, or <iostream> instead of the deprecated header <iostream.h>. To disable this warning use -Wno-deprecated.
configure:19553: $? = 0
configure:19557: test -z 
			 || test ! -s conftest.err
configure:19560: $? = 0
configure:19563: test -s conftest.o
configure:19566: $? = 0
configure:19580: result: yes
configure:19907: checking for sidplay2 library and headers
configure:19982: result: yes
configure:20123: creating ./config.status

## ---------------------- ##
## Running config.status. ##
## ---------------------- ##

This file was extended by config.status, which was
generated by GNU Autoconf 2.59.  Invocation command line was

  CONFIG_FILES    = 
  CONFIG_HEADERS  = 
  CONFIG_LINKS    = 
  CONFIG_COMMANDS = 
  $ ./config.status 

on macbook-yoyofr.local

config.status:734: creating Makefile
config.status:734: creating include/Makefile
config.status:734: creating include/sidplay/Makefile
config.status:734: creating include/sidplay/utils/Makefile
config.status:734: creating src/Makefile
config.status:734: creating src/ini/Makefile
config.status:734: creating src/MD5/Makefile
config.status:734: creating unix/Makefile
config.status:734: creating unix/libsidutils.spec
config.status:734: creating unix/libsidutils.qpg
config.status:734: creating unix/libsidutils.pc
config.status:838: creating unix/config.h
config.status:1128: executing depfiles commands

## ---------------- ##
## Cache variables. ##
## ---------------- ##

ac_cv_build=i686-apple-darwin10.4.0
ac_cv_build_alias=i686-apple-darwin10.4.0
ac_cv_c_bigendian=no
ac_cv_c_compiler_gnu=yes
ac_cv_cxx_compiler_gnu=yes
ac_cv_env_CC_set=
ac_cv_env_CC_value=
ac_cv_env_CFLAGS_set=
ac_cv_env_CFLAGS_value=
ac_cv_env_CPPFLAGS_set=
ac_cv_env_CPPFLAGS_value=
ac_cv_env_CPP_set=
ac_cv_env_CPP_value=
ac_cv_env_CXXCPP_set=
ac_cv_env_CXXCPP_value=
ac_cv_env_CXXFLAGS_set=
ac_cv_env_CXXFLAGS_value=
ac_cv_env_CXX_set=
ac_cv_env_CXX_value=
ac_cv_env_F77_set=
ac_cv_env_F77_value=
ac_cv_env_FFLAGS_set=
ac_cv_env_FFLAGS_value=
ac_cv_env_LDFLAGS_set=
ac_cv_env_LDFLAGS_value=
ac_cv_env_build_alias_set=
ac_cv_env_build_alias_value=
ac_cv_env_host_alias_set=
ac_cv_env_host_alias_value=
ac_cv_env_target_alias_set=
ac_cv_env_target_alias_value=
ac_cv_exeext=
ac_cv_f77_compiler_gnu=no
ac_cv_header_dlfcn_h=yes
ac_cv_header_inttypes_h=yes
ac_cv_header_memory_h=yes
ac_cv_header_stdc=yes
ac_cv_header_stdint_h=yes
ac_cv_header_stdlib_h=yes
ac_cv_header_string_h=yes
ac_cv_header_strings_h=yes
ac_cv_header_sys_stat_h=yes
ac_cv_header_sys_types_h=yes
ac_cv_header_unistd_h=yes
ac_cv_host=i686-apple-darwin10.4.0
ac_cv_host_alias=i686-apple-darwin10.4.0
ac_cv_objext=o
ac_cv_path_install='/opt/local/bin/ginstall -c'
ac_cv_prog_AWK=gawk
ac_cv_prog_CPP='gcc -E'
ac_cv_prog_CXXCPP='g++ -E'
ac_cv_prog_ac_ct_AR=ar
ac_cv_prog_ac_ct_CC=gcc
ac_cv_prog_ac_ct_CXX=g++
ac_cv_prog_ac_ct_RANLIB=ranlib
ac_cv_prog_ac_ct_STRIP=strip
ac_cv_prog_cc_g=yes
ac_cv_prog_cc_stdc=
ac_cv_prog_cxx_g=yes
ac_cv_prog_egrep='grep -E'
ac_cv_prog_f77_g=no
ac_cv_prog_make_make_set=yes
am_cv_CC_dependencies_compiler_type=gcc3
am_cv_CXX_dependencies_compiler_type=gcc3
lt_cv_deplibs_check_method=pass_all
lt_cv_file_magic_cmd='$MAGIC_CMD'
lt_cv_file_magic_test_file=
lt_cv_ld_reload_flag=-r
lt_cv_objdir=.libs
lt_cv_path_LD=/usr/libexec/gcc/i686-apple-darwin10/4.2.1/ld
lt_cv_path_LDCXX=/usr/libexec/gcc/i686-apple-darwin10/4.2.1/ld
lt_cv_path_NM=/usr/bin/nm
lt_cv_path_SED=/opt/local/bin/gsed
lt_cv_prog_compiler_c_o=yes
lt_cv_prog_compiler_c_o_CXX=yes
lt_cv_prog_compiler_rtti_exceptions=no
lt_cv_prog_gnu_ld=no
lt_cv_prog_gnu_ldcxx=no
lt_cv_sys_global_symbol_pipe='sed -n -e '\''s/^.*[ 	]\([BCDEGRST][BCDEGRST]*\)[ 	][ 	]*\(_\)\([_A-Za-z][_A-Za-z0-9]*\)$/\1 \2\3 \3/p'\'''
lt_cv_sys_global_symbol_to_c_name_address='sed -n -e '\''s/^: \([^ ]*\) $/  {\"\1\", (lt_ptr) 0},/p'\'' -e '\''s/^[BCDEGRST] \([^ ]*\) \([^ ]*\)$/  {"\2", (lt_ptr) \&\2},/p'\'''
lt_cv_sys_global_symbol_to_cdecl='sed -n -e '\''s/^. .* \(.*\)$/extern int \1;/p'\'''
lt_cv_sys_max_cmd_len=65536
lt_lt_cv_prog_compiler_c_o='"yes"'
lt_lt_cv_prog_compiler_c_o_CXX='"yes"'
lt_lt_cv_sys_global_symbol_pipe='"sed -n -e '\''s/^.*[ 	]\\([BCDEGRST][BCDEGRST]*\\)[ 	][ 	]*\\(_\\)\\([_A-Za-z][_A-Za-z0-9]*\\)\$/\\1 \\2\\3 \\3/p'\''"'
lt_lt_cv_sys_global_symbol_to_c_name_address='"sed -n -e '\''s/^: \\([^ ]*\\) \$/  {\\\"\\1\\\", (lt_ptr) 0},/p'\'' -e '\''s/^[BCDEGRST] \\([^ ]*\\) \\([^ ]*\\)\$/  {\"\\2\", (lt_ptr) \\&\\2},/p'\''"'
lt_lt_cv_sys_global_symbol_to_cdecl='"sed -n -e '\''s/^. .* \\(.*\\)\$/extern int \\1;/p'\''"'
test_cv_have_exceptions=yes

## ----------------- ##
## Output variables. ##
## ----------------- ##

ACLOCAL='${SHELL} /Users/ymagnien/Downloads/sidplay-libs-2.1.1/libsidutils/unix/missing --run aclocal-1.8'
ACLOCAL_AMFLAGS='-I unix'
AMDEPBACKSLASH='\'
AMDEP_FALSE='#'
AMDEP_TRUE=''
AMTAR='${SHELL} /Users/ymagnien/Downloads/sidplay-libs-2.1.1/libsidutils/unix/missing --run tar'
AR='ar'
AS='as'
AUTOCONF='${SHELL} /Users/ymagnien/Downloads/sidplay-libs-2.1.1/libsidutils/unix/missing --run autoconf'
AUTOHEADER='${SHELL} /Users/ymagnien/Downloads/sidplay-libs-2.1.1/libsidutils/unix/missing --run autoheader'
AUTOMAKE='${SHELL} /Users/ymagnien/Downloads/sidplay-libs-2.1.1/libsidutils/unix/missing --run automake-1.8'
AWK='gawk'
CC='gcc'
CCDEPMODE='depmode=gcc3'
CFLAGS='-g -O2'
CPP='gcc -E'
CPPFLAGS=''
CXX='g++'
CXXCPP='g++ -E'
CXXDEPMODE='depmode=gcc3'
CXXFLAGS='-g -O2 -I$(top_srcdir)/include -I$(top_srcdir)/include/sidplay/utils $(LIBSIDPLAY2_CXXFLAGS)'
CYGPATH_W='echo'
DEFS='-DHAVE_CONFIG_H'
DEPDIR='.deps'
DLLTOOL='dlltool'
ECHO='/bin/echo'
ECHO_C='ECHO_N=''
ECHO_T=''
EGREP='grep -E'
EXEEXT=''
F77=''
FFLAGS=''
INSTALL_DATA='${INSTALL} -m 644'
INSTALL_PROGRAM='${INSTALL}'
INSTALL_SCRIPT='${INSTALL}'
INSTALL_STRIP_PROGRAM='${SHELL} $(install_sh) -c -s'
LDFLAGS=''
LIBOBJS=''
LIBS=''
LIBSIDPLAY2_BUILDERS=''
LIBSIDPLAY2_CXXFLAGS='-I/Users/ymagnien/Downloads/sidplay-libs-2.1.1/libsidplay/include -DHAVE_UNIX'
LIBSIDPLAY2_LDFLAGS='/Users/ymagnien/Downloads/sidplay-libs-2.1.1/libsidplay/src/libsidplay2.la'
LIBTOOL='$(SHELL) $(top_builddir)/libtool'
LIBVERSION='0:4:0'
LN_S='ln -s'
LTLIBOBJS=''
MAKEINFO='${SHELL} /Users/ymagnien/Downloads/sidplay-libs-2.1.1/libsidutils/unix/missing --run makeinfo'
OBJDUMP='objdump'
OBJEXT='o'
PACKAGE='libsidutils'
PACKAGE_BUGREPORT=''
PACKAGE_NAME=''
PACKAGE_STRING=''
PACKAGE_TARNAME=''
PACKAGE_VERSION=''
PATH_SEPARATOR=':'
PKG_CONFIG=''
RANLIB='ranlib'
SET_MAKE=''
SHELL='/bin/sh'
STRIP='strip'
VERSION='1.0.4'
ac_ct_AR='ar'
ac_ct_AS=''
ac_ct_CC='gcc'
ac_ct_CXX='g++'
ac_ct_DLLTOOL=''
ac_ct_F77=''
ac_ct_OBJDUMP=''
ac_ct_RANLIB='ranlib'
ac_ct_STRIP='strip'
am__fastdepCC_FALSE='#'
am__fastdepCC_TRUE=''
am__fastdepCXX_FALSE='#'
am__fastdepCXX_TRUE=''
am__include='include'
am__leading_dot='.'
am__quote=''
bindir='${exec_prefix}/bin'
build='i686-apple-darwin10.4.0'
build_alias=''
build_cpu='i686'
build_os='darwin10.4.0'
build_vendor='apple'
datadir='${prefix}/share'
exec_prefix='${prefix}'
host='i686-apple-darwin10.4.0'
host_alias=''
host_cpu='i686'
host_os='darwin10.4.0'
host_vendor='apple'
includedir='${prefix}/include'
infodir='${prefix}/info'
install_sh='/Users/ymagnien/Downloads/sidplay-libs-2.1.1/libsidutils/unix/install-sh'
libdir='${exec_prefix}/lib'
libexecdir='${exec_prefix}/libexec'
localstatedir='${prefix}/var'
mandir='${prefix}/man'
mkdir_p='$(install_sh) -d'
oldincludedir='/usr/include'
prefix='/usr/local'
program_transform_name='s,x,x,'
sbindir='${exec_prefix}/sbin'
sharedstatedir='${prefix}/com'
sysconfdir='${prefix}/etc'
target_alias=''

## ----------- ##
## confdefs.h. ##
## ----------- ##

#define HAVE_DLFCN_H 1
#define HAVE_EXCEPTIONS
#define HAVE_INTTYPES_H 1
#define HAVE_MEMORY_H 1
#define HAVE_STDINT_H 1
#define HAVE_STDLIB_H 1
#define HAVE_STRINGS_H 1
#define HAVE_STRING_H 1
#define HAVE_SYS_STAT_H 1
#define HAVE_SYS_TYPES_H 1
#define HAVE_UNISTD_H 1
#define PACKAGE "libsidutils"
#define PACKAGE_BUGREPORT ""
#define PACKAGE_NAME ""
#define PACKAGE_STRING ""
#define PACKAGE_TARNAME ""
#define PACKAGE_VERSION ""
#define STDC_HEADERS 1
#define VERSION "1.0.4"
#endif
#ifdef __cplusplus
extern "C" void exit (int);

configure: exit 0
