This file contains any messages produced by compilers while
running configure, to aid debugging if configure makes a mistake.

It was created by libsidplay configure 2.1.1, which was
generated by GNU Autoconf 2.59.  Invocation command line was

  $ ./configure --disable-library-checks --with-sidbuilders=${exec_prefix}/lib/sidplay/builders

## --------- ##
## Platform. ##
## --------- ##

hostname = macbook-yoyofr.local
uname -m = i386
uname -r = 10.4.0
uname -s = Darwin
uname -v = Darwin Kernel Version 10.4.0: Fri Apr 23 18:28:53 PDT 2010; root:xnu-1504.7.4~1/RELEASE_I386

/usr/bin/uname -p = i386
/bin/uname -X     = unknown

/bin/arch              = unknown
/usr/bin/arch -k       = unknown
/usr/convex/getsysinfo = unknown
hostinfo               = Mach kernel version:
	 Darwin Kernel Version 10.4.0: Fri Apr 23 18:28:53 PDT 2010; root:xnu-1504.7.4~1/RELEASE_I386
Kernel configured for up to 2 processors.
2 processors are physically available.
2 processors are logically available.
Processor type: i486 (Intel 80486)
Processors active: 0 1
Primary memory available: 2.00 gigabytes
Default processor set: 85 tasks, 392 threads, 2 processors
Load average: 2.95, Mach factor: 0.49
/bin/machine           = unknown
/usr/bin/oslevel       = unknown
/bin/universe          = unknown

PATH: /opt/local/bin
PATH: /opt/local/sbin
PATH: /usr/bin
PATH: /bin
PATH: /usr/sbin
PATH: /sbin
PATH: /usr/local/bin
PATH: /usr/X11/bin


## ----------- ##
## Core tests. ##
## ----------- ##

configure:1553: checking for a BSD-compatible install
configure:1608: result: /opt/local/bin/ginstall -c
configure:1619: checking whether build environment is sane
configure:1662: result: yes
configure:1719: checking for gawk
configure:1735: found /opt/local/bin/gawk
configure:1745: result: gawk
configure:1755: checking whether make sets $(MAKE)
configure:1775: result: yes
configure:1940: checking build system type
configure:1958: result: i686-apple-darwin10.4.0
configure:1966: checking host system type
configure:1980: result: i686-apple-darwin10.4.0
configure:2035: checking for gcc
configure:2051: found /usr/bin/gcc
configure:2061: result: gcc
configure:2305: checking for C compiler version
configure:2308: gcc --version </dev/null >&5
i686-apple-darwin10-gcc-4.2.1 (GCC) 4.2.1 (Apple Inc. build 5664)
Copyright (C) 2007 Free Software Foundation, Inc.
This is free software; see the source for copying conditions.  There is NO
warranty; not even for MERCHANTABILITY or FITNESS FOR A PARTICULAR PURPOSE.

configure:2311: $? = 0
configure:2313: gcc -v </dev/null >&5
Using built-in specs.
Target: i686-apple-darwin10
Configured with: /var/tmp/gcc/gcc-5664~38/src/configure --disable-checking --enable-werror --prefix=/usr --mandir=/share/man --enable-languages=c,objc,c++,obj-c++ --program-transform-name=/^[cg][^.-]*$/s/$/-4.2/ --with-slibdir=/usr/lib --build=i686-apple-darwin10 --program-prefix=i686-apple-darwin10- --host=x86_64-apple-darwin10 --target=i686-apple-darwin10 --with-gxx-include-dir=/include/c++/4.2.1
Thread model: posix
gcc version 4.2.1 (Apple Inc. build 5664)
configure:2316: $? = 0
configure:2318: gcc -V </dev/null >&5
gcc-4.2: argument to `-V' is missing
configure:2321: $? = 1
configure:2344: checking for C compiler default output file name
configure:2347: gcc    conftest.c  >&5
configure:2350: $? = 0
configure:2396: result: a.out
configure:2401: checking whether the C compiler works
configure:2407: ./a.out
configure:2410: $? = 0
configure:2427: result: yes
configure:2434: checking whether we are cross compiling
configure:2436: result: no
configure:2439: checking for suffix of executables
configure:2441: gcc -o conftest    conftest.c  >&5
configure:2444: $? = 0
configure:2469: result: 
configure:2475: checking for suffix of object files
configure:2496: gcc -c   conftest.c >&5
configure:2499: $? = 0
configure:2521: result: o
configure:2525: checking whether we are using the GNU C compiler
configure:2549: gcc -c   conftest.c >&5
configure:2555: $? = 0
configure:2559: test -z 
			 || test ! -s conftest.err
configure:2562: $? = 0
configure:2565: test -s conftest.o
configure:2568: $? = 0
configure:2581: result: yes
configure:2587: checking whether gcc accepts -g
configure:2608: gcc -c -g  conftest.c >&5
configure:2614: $? = 0
configure:2618: test -z 
			 || test ! -s conftest.err
configure:2621: $? = 0
configure:2624: test -s conftest.o
configure:2627: $? = 0
configure:2638: result: yes
configure:2655: checking for gcc option to accept ANSI C
configure:2725: gcc  -c -g -O2  conftest.c >&5
configure:2731: $? = 0
configure:2735: test -z 
			 || test ! -s conftest.err
configure:2738: $? = 0
configure:2741: test -s conftest.o
configure:2744: $? = 0
configure:2762: result: none needed
configure:2780: gcc -c -g -O2  conftest.c >&5
conftest.c:2: error: expected '=', ',', ';', 'asm' or '__attribute__' before 'me'
configure:2786: $? = 1
configure: failed program was:
| #ifndef __cplusplus
|   choke me
| #endif
configure:2930: checking for style of include used by make
configure:2958: result: GNU
configure:2986: checking dependency style of gcc
configure:3076: result: gcc3
configure:3145: checking for g++
configure:3161: found /usr/bin/g++
configure:3171: result: g++
configure:3187: checking for C++ compiler version
configure:3190: g++ --version </dev/null >&5
i686-apple-darwin10-g++-4.2.1 (GCC) 4.2.1 (Apple Inc. build 5664)
Copyright (C) 2007 Free Software Foundation, Inc.
This is free software; see the source for copying conditions.  There is NO
warranty; not even for MERCHANTABILITY or FITNESS FOR A PARTICULAR PURPOSE.

configure:3193: $? = 0
configure:3195: g++ -v </dev/null >&5
Using built-in specs.
Target: i686-apple-darwin10
Configured with: /var/tmp/gcc/gcc-5664~38/src/configure --disable-checking --enable-werror --prefix=/usr --mandir=/share/man --enable-languages=c,objc,c++,obj-c++ --program-transform-name=/^[cg][^.-]*$/s/$/-4.2/ --with-slibdir=/usr/lib --build=i686-apple-darwin10 --program-prefix=i686-apple-darwin10- --host=x86_64-apple-darwin10 --target=i686-apple-darwin10 --with-gxx-include-dir=/include/c++/4.2.1
Thread model: posix
gcc version 4.2.1 (Apple Inc. build 5664)
configure:3198: $? = 0
configure:3200: g++ -V </dev/null >&5
g++-4.2: argument to `-V' is missing
configure:3203: $? = 1
configure:3206: checking whether we are using the GNU C++ compiler
configure:3230: g++ -c   conftest.cc >&5
configure:3236: $? = 0
configure:3240: test -z 
			 || test ! -s conftest.err
configure:3243: $? = 0
configure:3246: test -s conftest.o
configure:3249: $? = 0
configure:3262: result: yes
configure:3268: checking whether g++ accepts -g
configure:3289: g++ -c -g  conftest.cc >&5
configure:3295: $? = 0
configure:3299: test -z 
			 || test ! -s conftest.err
configure:3302: $? = 0
configure:3305: test -s conftest.o
configure:3308: $? = 0
configure:3319: result: yes
configure:3361: g++ -c -g -O2  conftest.cc >&5
configure:3367: $? = 0
configure:3371: test -z 
			 || test ! -s conftest.err
configure:3374: $? = 0
configure:3377: test -s conftest.o
configure:3380: $? = 0
configure:3406: g++ -c -g -O2  conftest.cc >&5
conftest.cc: In function 'int main()':
conftest.cc:13: error: 'exit' was not declared in this scope
configure:3412: $? = 1
configure: failed program was:
| /* confdefs.h.  */
| 
| #define PACKAGE_NAME "libsidplay"
| #define PACKAGE_TARNAME "libsidplay"
| #define PACKAGE_VERSION "2.1.1"
| #define PACKAGE_STRING "libsidplay 2.1.1"
| #define PACKAGE_BUGREPORT ""
| /* end confdefs.h.  */
| 
| int
| main ()
| {
| exit (42);
|   ;
|   return 0;
| }
configure:3361: g++ -c -g -O2  conftest.cc >&5
conftest.cc:9: error: 'void std::exit(int)' should have been declared inside 'std'
In file included from conftest.cc:10:
/usr/include/stdlib.h:159: error: declaration of 'void std::exit(int)' throws different exceptions
conftest.cc:9: error: from previous declaration 'void std::exit(int) throw ()'
configure:3367: $? = 1
configure: failed program was:
| /* confdefs.h.  */
| 
| #define PACKAGE_NAME "libsidplay"
| #define PACKAGE_TARNAME "libsidplay"
| #define PACKAGE_VERSION "2.1.1"
| #define PACKAGE_STRING "libsidplay 2.1.1"
| #define PACKAGE_BUGREPORT ""
| /* end confdefs.h.  */
| extern "C" void std::exit (int) throw (); using std::exit;
| #include <stdlib.h>
| int
| main ()
| {
| exit (42);
|   ;
|   return 0;
| }
configure:3361: g++ -c -g -O2  conftest.cc >&5
conftest.cc:9: error: 'void std::exit(int)' should have been declared inside 'std'
configure:3367: $? = 1
configure: failed program was:
| /* confdefs.h.  */
| 
| #define PACKAGE_NAME "libsidplay"
| #define PACKAGE_TARNAME "libsidplay"
| #define PACKAGE_VERSION "2.1.1"
| #define PACKAGE_STRING "libsidplay 2.1.1"
| #define PACKAGE_BUGREPORT ""
| /* end confdefs.h.  */
| extern "C" void std::exit (int); using std::exit;
| #include <stdlib.h>
| int
| main ()
| {
| exit (42);
|   ;
|   return 0;
| }
configure:3361: g++ -c -g -O2  conftest.cc >&5
In file included from conftest.cc:10:
/usr/include/stdlib.h:159: error: declaration of 'void exit(int)' throws different exceptions
conftest.cc:9: error: from previous declaration 'void exit(int) throw ()'
configure:3367: $? = 1
configure: failed program was:
| /* confdefs.h.  */
| 
| #define PACKAGE_NAME "libsidplay"
| #define PACKAGE_TARNAME "libsidplay"
| #define PACKAGE_VERSION "2.1.1"
| #define PACKAGE_STRING "libsidplay 2.1.1"
| #define PACKAGE_BUGREPORT ""
| /* end confdefs.h.  */
| extern "C" void exit (int) throw ();
| #include <stdlib.h>
| int
| main ()
| {
| exit (42);
|   ;
|   return 0;
| }
configure:3361: g++ -c -g -O2  conftest.cc >&5
configure:3367: $? = 0
configure:3371: test -z 
			 || test ! -s conftest.err
configure:3374: $? = 0
configure:3377: test -s conftest.o
configure:3380: $? = 0
configure:3406: g++ -c -g -O2  conftest.cc >&5
configure:3412: $? = 0
configure:3416: test -z 
			 || test ! -s conftest.err
configure:3419: $? = 0
configure:3422: test -s conftest.o
configure:3425: $? = 0
configure:3450: checking dependency style of g++
configure:3540: result: gcc3
configure:3632: checking for a sed that does not truncate output
configure:3686: result: /opt/local/bin/gsed
configure:3689: checking for egrep
configure:3699: result: grep -E
configure:3715: checking for ld used by gcc
configure:3782: result: /usr/libexec/gcc/i686-apple-darwin10/4.2.1/ld
configure:3791: checking if the linker (/usr/libexec/gcc/i686-apple-darwin10/4.2.1/ld) is GNU ld
configure:3806: result: no
configure:3811: checking for /usr/libexec/gcc/i686-apple-darwin10/4.2.1/ld option to reload object files
configure:3818: result: -r
configure:3827: checking for BSD-compatible nm
configure:3869: result: /usr/bin/nm
configure:3873: checking whether ln -s works
configure:3877: result: yes
configure:3884: checking how to recognise dependent libraries
configure:4067: result: pass_all
configure:4523: checking how to run the C preprocessor
configure:4558: gcc -E  conftest.c
configure:4564: $? = 0
configure:4596: gcc -E  conftest.c
conftest.c:12:28: error: ac_nonexistent.h: No such file or directory
configure:4602: $? = 1
configure: failed program was:
| /* confdefs.h.  */
| 
| #define PACKAGE_NAME "libsidplay"
| #define PACKAGE_TARNAME "libsidplay"
| #define PACKAGE_VERSION "2.1.1"
| #define PACKAGE_STRING "libsidplay 2.1.1"
| #define PACKAGE_BUGREPORT ""
| #ifdef __cplusplus
| extern "C" void exit (int);
| #endif
| /* end confdefs.h.  */
| #include <ac_nonexistent.h>
configure:4641: result: gcc -E
configure:4665: gcc -E  conftest.c
configure:4671: $? = 0
configure:4703: gcc -E  conftest.c
conftest.c:12:28: error: ac_nonexistent.h: No such file or directory
configure:4709: $? = 1
configure: failed program was:
| /* confdefs.h.  */
| 
| #define PACKAGE_NAME "libsidplay"
| #define PACKAGE_TARNAME "libsidplay"
| #define PACKAGE_VERSION "2.1.1"
| #define PACKAGE_STRING "libsidplay 2.1.1"
| #define PACKAGE_BUGREPORT ""
| #ifdef __cplusplus
| extern "C" void exit (int);
| #endif
| /* end confdefs.h.  */
| #include <ac_nonexistent.h>
configure:4753: checking for ANSI C header files
configure:4778: gcc -c -g -O2  conftest.c >&5
configure:4784: $? = 0
configure:4788: test -z 
			 || test ! -s conftest.err
configure:4791: $? = 0
configure:4794: test -s conftest.o
configure:4797: $? = 0
configure:4886: gcc -o conftest -g -O2   conftest.c  >&5
conftest.c: In function 'main':
conftest.c:29: warning: incompatible implicit declaration of built-in function 'exit'
configure:4889: $? = 0
configure:4891: ./conftest
configure:4894: $? = 0
configure:4909: result: yes
configure:4933: checking for sys/types.h
configure:4949: gcc -c -g -O2  conftest.c >&5
configure:4955: $? = 0
configure:4959: test -z 
			 || test ! -s conftest.err
configure:4962: $? = 0
configure:4965: test -s conftest.o
configure:4968: $? = 0
configure:4979: result: yes
configure:4933: checking for sys/stat.h
configure:4949: gcc -c -g -O2  conftest.c >&5
configure:4955: $? = 0
configure:4959: test -z 
			 || test ! -s conftest.err
configure:4962: $? = 0
configure:4965: test -s conftest.o
configure:4968: $? = 0
configure:4979: result: yes
configure:4933: checking for stdlib.h
configure:4949: gcc -c -g -O2  conftest.c >&5
configure:4955: $? = 0
configure:4959: test -z 
			 || test ! -s conftest.err
configure:4962: $? = 0
configure:4965: test -s conftest.o
configure:4968: $? = 0
configure:4979: result: yes
configure:4933: checking for string.h
configure:4949: gcc -c -g -O2  conftest.c >&5
configure:4955: $? = 0
configure:4959: test -z 
			 || test ! -s conftest.err
configure:4962: $? = 0
configure:4965: test -s conftest.o
configure:4968: $? = 0
configure:4979: result: yes
configure:4933: checking for memory.h
configure:4949: gcc -c -g -O2  conftest.c >&5
configure:4955: $? = 0
configure:4959: test -z 
			 || test ! -s conftest.err
configure:4962: $? = 0
configure:4965: test -s conftest.o
configure:4968: $? = 0
configure:4979: result: yes
configure:4933: checking for strings.h
configure:4949: gcc -c -g -O2  conftest.c >&5
configure:4955: $? = 0
configure:4959: test -z 
			 || test ! -s conftest.err
configure:4962: $? = 0
configure:4965: test -s conftest.o
configure:4968: $? = 0
configure:4979: result: yes
configure:4933: checking for inttypes.h
configure:4949: gcc -c -g -O2  conftest.c >&5
configure:4955: $? = 0
configure:4959: test -z 
			 || test ! -s conftest.err
configure:4962: $? = 0
configure:4965: test -s conftest.o
configure:4968: $? = 0
configure:4979: result: yes
configure:4933: checking for stdint.h
configure:4949: gcc -c -g -O2  conftest.c >&5
configure:4955: $? = 0
configure:4959: test -z 
			 || test ! -s conftest.err
configure:4962: $? = 0
configure:4965: test -s conftest.o
configure:4968: $? = 0
configure:4979: result: yes
configure:4933: checking for unistd.h
configure:4949: gcc -c -g -O2  conftest.c >&5
configure:4955: $? = 0
configure:4959: test -z 
			 || test ! -s conftest.err
configure:4962: $? = 0
configure:4965: test -s conftest.o
configure:4968: $? = 0
configure:4979: result: yes
configure:5005: checking dlfcn.h usability
configure:5017: gcc -c -g -O2  conftest.c >&5
configure:5023: $? = 0
configure:5027: test -z 
			 || test ! -s conftest.err
configure:5030: $? = 0
configure:5033: test -s conftest.o
configure:5036: $? = 0
configure:5046: result: yes
configure:5050: checking dlfcn.h presence
configure:5060: gcc -E  conftest.c
configure:5066: $? = 0
configure:5086: result: yes
configure:5121: checking for dlfcn.h
configure:5128: result: yes
configure:5146: checking how to run the C++ preprocessor
configure:5177: g++ -E  conftest.cc
configure:5183: $? = 0
configure:5215: g++ -E  conftest.cc
conftest.cc:23:28: error: ac_nonexistent.h: No such file or directory
configure:5221: $? = 1
configure: failed program was:
| /* confdefs.h.  */
| 
| #define PACKAGE_NAME "libsidplay"
| #define PACKAGE_TARNAME "libsidplay"
| #define PACKAGE_VERSION "2.1.1"
| #define PACKAGE_STRING "libsidplay 2.1.1"
| #define PACKAGE_BUGREPORT ""
| #ifdef __cplusplus
| extern "C" void exit (int);
| #endif
| #define STDC_HEADERS 1
| #define HAVE_SYS_TYPES_H 1
| #define HAVE_SYS_STAT_H 1
| #define HAVE_STDLIB_H 1
| #define HAVE_STRING_H 1
| #define HAVE_MEMORY_H 1
| #define HAVE_STRINGS_H 1
| #define HAVE_INTTYPES_H 1
| #define HAVE_STDINT_H 1
| #define HAVE_UNISTD_H 1
| #define HAVE_DLFCN_H 1
| /* end confdefs.h.  */
| #include <ac_nonexistent.h>
configure:5260: result: g++ -E
configure:5284: g++ -E  conftest.cc
configure:5290: $? = 0
configure:5322: g++ -E  conftest.cc
conftest.cc:23:28: error: ac_nonexistent.h: No such file or directory
configure:5328: $? = 1
configure: failed program was:
| /* confdefs.h.  */
| 
| #define PACKAGE_NAME "libsidplay"
| #define PACKAGE_TARNAME "libsidplay"
| #define PACKAGE_VERSION "2.1.1"
| #define PACKAGE_STRING "libsidplay 2.1.1"
| #define PACKAGE_BUGREPORT ""
| #ifdef __cplusplus
| extern "C" void exit (int);
| #endif
| #define STDC_HEADERS 1
| #define HAVE_SYS_TYPES_H 1
| #define HAVE_SYS_STAT_H 1
| #define HAVE_STDLIB_H 1
| #define HAVE_STRING_H 1
| #define HAVE_MEMORY_H 1
| #define HAVE_STRINGS_H 1
| #define HAVE_INTTYPES_H 1
| #define HAVE_STDINT_H 1
| #define HAVE_UNISTD_H 1
| #define HAVE_DLFCN_H 1
| /* end confdefs.h.  */
| #include <ac_nonexistent.h>
configure:5423: checking for g77
configure:5452: result: no
configure:5423: checking for f77
configure:5452: result: no
configure:5423: checking for xlf
configure:5452: result: no
configure:5423: checking for frt
configure:5452: result: no
configure:5423: checking for pgf77
configure:5452: result: no
configure:5423: checking for fort77
configure:5452: result: no
configure:5423: checking for fl32
configure:5452: result: no
configure:5423: checking for af77
configure:5452: result: no
configure:5423: checking for f90
configure:5452: result: no
configure:5423: checking for xlf90
configure:5452: result: no
configure:5423: checking for pgf90
configure:5452: result: no
configure:5423: checking for epcf90
configure:5452: result: no
configure:5423: checking for f95
configure:5452: result: no
configure:5423: checking for fort
configure:5452: result: no
configure:5423: checking for xlf95
configure:5452: result: no
configure:5423: checking for ifc
configure:5452: result: no
configure:5423: checking for efc
configure:5452: result: no
configure:5423: checking for pgf95
configure:5452: result: no
configure:5423: checking for lf95
configure:5452: result: no
configure:5423: checking for gfortran
configure:5452: result: no
configure:5464: checking for Fortran 77 compiler version
configure:5467:  --version </dev/null >&5
./configure: line 5468: --version: command not found
configure:5470: $? = 127
configure:5472:  -v </dev/null >&5
./configure: line 5473: -v: command not found
configure:5475: $? = 127
configure:5477:  -V </dev/null >&5
./configure: line 5478: -V: command not found
configure:5480: $? = 127
configure:5488: checking whether we are using the GNU Fortran 77 compiler
configure:5502:  -c  conftest.F >&5
./configure: line 5503: -c: command not found
configure:5508: $? = 127
configure: failed program was:
|       program main
| #ifndef __GNUC__
|        choke me
| #endif
| 
|       end
configure:5534: result: no
configure:5540: checking whether  accepts -g
configure:5552:  -c -g conftest.f >&5
./configure: line 5553: -c: command not found
configure:5558: $? = 127
configure: failed program was:
|       program main
| 
|       end
configure:5583: result: no
configure:5613: checking the maximum length of command line arguments
configure:5678: result: 65536
configure:5689: checking command to parse /usr/bin/nm output from gcc object
configure:5778: gcc -c -g -O2  conftest.c >&5
configure:5781: $? = 0
configure:5785: /usr/bin/nm conftest.o \| sed -n -e 's/^.*[ 	]\([BCDEGRST][BCDEGRST]*\)[ 	][ 	]*\(\)\([_A-Za-z][_A-Za-z0-9]*\)$/\1 \2\3 \3/p' \> conftest.nm
configure:5788: $? = 0
cannot find nm_test_var in conftest.nm
configure:5778: gcc -c -g -O2  conftest.c >&5
configure:5781: $? = 0
configure:5785: /usr/bin/nm conftest.o \| sed -n -e 's/^.*[ 	]\([BCDEGRST][BCDEGRST]*\)[ 	][ 	]*\(_\)\([_A-Za-z][_A-Za-z0-9]*\)$/\1 \2\3 \3/p' \> conftest.nm
configure:5788: $? = 0
configure:5840: gcc -o conftest -g -O2   conftest.c conftstm.o >&5
configure:5843: $? = 0
configure:5881: result: ok
configure:5885: checking for objdir
configure:5900: result: .libs
configure:5990: checking for ar
configure:6006: found /usr/bin/ar
configure:6017: result: ar
configure:6070: checking for ranlib
configure:6086: found /usr/bin/ranlib
configure:6097: result: ranlib
configure:6150: checking for strip
configure:6166: found /usr/bin/strip
configure:6177: result: strip
configure:6439: checking if gcc static flag  works
configure:6462: result: yes
configure:6480: checking if gcc supports -fno-rtti -fno-exceptions
configure:6498: gcc -c -g -O2  -fno-rtti -fno-exceptions conftest.c >&5
cc1: warning: command line option "-fno-rtti" is valid for C++/ObjC++ but not for C
configure:6502: $? = 0
configure:6513: result: no
configure:6528: checking for gcc option to produce PIC
configure:6705: result: -fno-common
configure:6713: checking if gcc PIC flag -fno-common works
configure:6731: gcc -c -g -O2  -fno-common -DPIC conftest.c >&5
configure:6735: $? = 0
configure:6746: result: yes
configure:6770: checking if gcc supports -c -o file.o
configure:6791: gcc -c -g -O2  -o out/conftest2.o conftest.c >&5
configure:6795: $? = 0
configure:6815: result: yes
configure:6841: checking whether the gcc linker (/usr/libexec/gcc/i686-apple-darwin10/4.2.1/ld) supports shared libraries
configure:7689: result: yes
configure:7760: checking dynamic linker characteristics
configure:8300: result: darwin10.4.0 dyld
configure:8304: checking how to hardcode library paths into programs
configure:8329: result: immediate
configure:8343: checking whether stripping libraries is possible
configure:8356: result: yes
configure:9178: checking if libtool supports shared libraries
configure:9180: result: yes
configure:9183: checking whether to build shared libraries
configure:9241: result: yes
configure:9244: checking whether to build static libraries
configure:9248: result: yes
configure:9340: creating libtool
configure:9887: checking for ld used by g++
configure:9954: result: /usr/libexec/gcc/i686-apple-darwin10/4.2.1/ld
configure:9963: checking if the linker (/usr/libexec/gcc/i686-apple-darwin10/4.2.1/ld) is GNU ld
configure:9978: result: no
configure:10029: checking whether the g++ linker (/usr/libexec/gcc/i686-apple-darwin10/4.2.1/ld) supports shared libraries
configure:10857: result: yes
configure:10875: g++ -c -g -O2  conftest.cc >&5
configure:10878: $? = 0
configure:10974: checking for g++ option to produce PIC
configure:11226: result: -fno-common
configure:11234: checking if g++ PIC flag -fno-common works
configure:11252: g++ -c -g -O2  -fno-common -DPIC conftest.cc >&5
configure:11256: $? = 0
configure:11267: result: yes
configure:11291: checking if g++ supports -c -o file.o
configure:11312: g++ -c -g -O2  -o out/conftest2.o conftest.cc >&5
configure:11316: $? = 0
configure:11336: result: yes
configure:11362: checking whether the g++ linker (/usr/libexec/gcc/i686-apple-darwin10/4.2.1/ld) supports shared libraries
configure:11387: result: yes
configure:11458: checking dynamic linker characteristics
configure:11998: result: darwin10.4.0 dyld
configure:12002: checking how to hardcode library paths into programs
configure:12027: result: immediate
configure:12041: checking whether stripping libraries is possible
configure:12054: result: yes
configure:19282: checking for ANSI C header files
configure:19438: result: yes
configure:19462: checking stdbool.h usability
configure:19474: gcc -c -g -O2  conftest.c >&5
configure:19480: $? = 0
configure:19484: test -z 
			 || test ! -s conftest.err
configure:19487: $? = 0
configure:19490: test -s conftest.o
configure:19493: $? = 0
configure:19503: result: yes
configure:19507: checking stdbool.h presence
configure:19517: gcc -E  conftest.c
configure:19523: $? = 0
configure:19543: result: yes
configure:19578: checking for stdbool.h
configure:19585: result: yes
configure:19610: checking for stdint-types....
configure:19620: result: "(putting them into unix/sidint.h)"
configure:19633: checking for uintptr_t
configure:19658: gcc -c -g -O2  conftest.c >&5
configure:19664: $? = 0
configure:19668: test -z 
			 || test ! -s conftest.err
configure:19671: $? = 0
configure:19674: test -s conftest.o
configure:19677: $? = 0
configure:19688: result: yes
configure:19696: checking for uint64_t
configure:19721: gcc -c -g -O2  conftest.c >&5
configure:19727: $? = 0
configure:19731: test -z 
			 || test ! -s conftest.err
configure:19734: $? = 0
configure:19737: test -s conftest.o
configure:19740: $? = 0
configure:19751: result: yes
configure:19759: result: ... seen our uintptr_t in stdint.h (uint64_t too)
configure:20399: result: creating unix/sidint.h : _UNIX_SIDINT_H
configure:20426: checking for int_least32_t
configure:20451: gcc -c -g -O2  conftest.c >&5
configure:20457: $? = 0
configure:20461: test -z 
			 || test ! -s conftest.err
configure:20464: $? = 0
configure:20467: test -s conftest.o
configure:20470: $? = 0
configure:20481: result: yes
configure:20484: checking for int_fast32_t
configure:20509: gcc -c -g -O2  conftest.c >&5
configure:20515: $? = 0
configure:20519: test -z 
			 || test ! -s conftest.err
configure:20522: $? = 0
configure:20525: test -s conftest.o
configure:20528: $? = 0
configure:20539: result: yes
configure:20549: result: ..adding include stdint.h
configure:20559: result: ... seen good stdint.h inttypes
configure:20697: result: ... seen good uint64_t
configure:20917: result: ... DONE unix/sidint.h
configure:20927: checking whether byte ordering is bigendian
configure:20954: gcc -c -g -O2  conftest.c >&5
configure:20960: $? = 0
configure:20964: test -z 
			 || test ! -s conftest.err
configure:20967: $? = 0
configure:20970: test -s conftest.o
configure:20973: $? = 0
configure:20997: gcc -c -g -O2  conftest.c >&5
conftest.c: In function 'main':
conftest.c:32: error: 'not' undeclared (first use in this function)
conftest.c:32: error: (Each undeclared identifier is reported only once
conftest.c:32: error: for each function it appears in.)
conftest.c:32: error: expected ';' before 'big'
configure:21003: $? = 1
configure: failed program was:
| /* confdefs.h.  */
| 
| #define PACKAGE_NAME "libsidplay"
| #define PACKAGE_TARNAME "libsidplay"
| #define PACKAGE_VERSION "2.1.1"
| #define PACKAGE_STRING "libsidplay 2.1.1"
| #define PACKAGE_BUGREPORT ""
| #ifdef __cplusplus
| extern "C" void exit (int);
| #endif
| #define STDC_HEADERS 1
| #define HAVE_SYS_TYPES_H 1
| #define HAVE_SYS_STAT_H 1
| #define HAVE_STDLIB_H 1
| #define HAVE_STRING_H 1
| #define HAVE_MEMORY_H 1
| #define HAVE_STRINGS_H 1
| #define HAVE_INTTYPES_H 1
| #define HAVE_STDINT_H 1
| #define HAVE_UNISTD_H 1
| #define HAVE_DLFCN_H 1
| #define STDC_HEADERS 1
| #define HAVE_STDBOOL_H 1
| /* end confdefs.h.  */
| #include <sys/types.h>
| #include <sys/param.h>
| 
| int
| main ()
| {
| #if BYTE_ORDER != BIG_ENDIAN
|  not big endian
| #endif
| 
|   ;
|   return 0;
| }
configure:21138: result: no
configure:21169: checking for char
configure:21193: gcc -c -g -O2  conftest.c >&5
configure:21199: $? = 0
configure:21203: test -z 
			 || test ! -s conftest.err
configure:21206: $? = 0
configure:21209: test -s conftest.o
configure:21212: $? = 0
configure:21223: result: yes
configure:21226: checking size of char
configure:21545: gcc -o conftest -g -O2   conftest.c  >&5
configure:21548: $? = 0
configure:21550: ./conftest
configure:21553: $? = 0
configure:21576: result: 1
configure:21583: checking for short int
configure:21607: gcc -c -g -O2  conftest.c >&5
configure:21613: $? = 0
configure:21617: test -z 
			 || test ! -s conftest.err
configure:21620: $? = 0
configure:21623: test -s conftest.o
configure:21626: $? = 0
configure:21637: result: yes
configure:21640: checking size of short int
configure:21959: gcc -o conftest -g -O2   conftest.c  >&5
configure:21962: $? = 0
configure:21964: ./conftest
configure:21967: $? = 0
configure:21990: result: 2
configure:21997: checking for int
configure:22021: gcc -c -g -O2  conftest.c >&5
configure:22027: $? = 0
configure:22031: test -z 
			 || test ! -s conftest.err
configure:22034: $? = 0
configure:22037: test -s conftest.o
configure:22040: $? = 0
configure:22051: result: yes
configure:22054: checking size of int
configure:22373: gcc -o conftest -g -O2   conftest.c  >&5
configure:22376: $? = 0
configure:22378: ./conftest
configure:22381: $? = 0
configure:22404: result: 4
configure:22411: checking for long int
configure:22435: gcc -c -g -O2  conftest.c >&5
configure:22441: $? = 0
configure:22445: test -z 
			 || test ! -s conftest.err
configure:22448: $? = 0
configure:22451: test -s conftest.o
configure:22454: $? = 0
configure:22465: result: yes
configure:22468: checking size of long int
configure:22787: gcc -o conftest -g -O2   conftest.c  >&5
configure:22790: $? = 0
configure:22792: ./conftest
configure:22795: $? = 0
configure:22818: result: 8
configure:22843: checking for strncasecmp
configure:22900: gcc -o conftest -g -O2   conftest.c  >&5
conftest.c:53: warning: conflicting types for built-in function 'strncasecmp'
configure:22906: $? = 0
configure:22910: test -z 
			 || test ! -s conftest.err
configure:22913: $? = 0
configure:22916: test -s conftest
configure:22919: $? = 0
configure:22931: result: yes
configure:22941: checking for strcasecmp
configure:22998: gcc -o conftest -g -O2   conftest.c  >&5
conftest.c:54: warning: conflicting types for built-in function 'strcasecmp'
configure:23004: $? = 0
configure:23008: test -z 
			 || test ! -s conftest.err
configure:23011: $? = 0
configure:23014: test -s conftest
configure:23017: $? = 0
configure:23029: result: yes
configure:23040: checking for long file names
configure:23079: result: yes
configure:23108: checking sstream usability
configure:23120: g++ -c -g -O2  conftest.cc >&5
configure:23126: $? = 0
configure:23130: test -z 
			 || test ! -s conftest.err
configure:23133: $? = 0
configure:23136: test -s conftest.o
configure:23139: $? = 0
configure:23149: result: yes
configure:23153: checking sstream presence
configure:23163: g++ -E  conftest.cc
configure:23169: $? = 0
configure:23189: result: yes
configure:23224: checking for sstream
configure:23231: result: yes
configure:23246: checking for bool
configure:23268: g++ -c -g -O2  conftest.cc >&5
configure:23274: $? = 0
configure:23278: test -z 
			 || test ! -s conftest.err
configure:23281: $? = 0
configure:23284: test -s conftest.o
configure:23287: $? = 0
configure:23301: result: yes
configure:23324: checking whether exceptions are available
configure:23346: g++ -c -g -O2  conftest.cc >&5
In file included from /usr/include/c++/4.2.1/backward/new.h:33,
                 from conftest.cc:34:
/usr/include/c++/4.2.1/backward/backward_warning.h:32:2: warning: #warning This file includes at least one deprecated or antiquated header. Please consider using one of the 32 headers found in section 17.4.1.2 of the C++ standard. Examples include substituting the <X> header for the <X.h> header for C++ includes, or <iostream> instead of the deprecated header <iostream.h>. To disable this warning use -Wno-deprecated.
configure:23352: $? = 0
configure:23356: test -z 
			 || test ! -s conftest.err
configure:23359: $? = 0
configure:23362: test -s conftest.o
configure:23365: $? = 0
configure:23379: result: yes
configure:23391: checking whether standard member ios::binary is available
configure:23413: g++ -c -g -O2  conftest.cc >&5
In file included from /usr/include/c++/4.2.1/backward/fstream.h:31,
                 from conftest.cc:35:
/usr/include/c++/4.2.1/backward/backward_warning.h:32:2: warning: #warning This file includes at least one deprecated or antiquated header. Please consider using one of the 32 headers found in section 17.4.1.2 of the C++ standard. Examples include substituting the <X> header for the <X.h> header for C++ includes, or <iostream> instead of the deprecated header <iostream.h>. To disable this warning use -Wno-deprecated.
conftest.cc: In function 'int main()':
conftest.cc:39: error: 'ios' has not been declared
conftest.cc:39: error: 'ios' has not been declared
configure:23419: $? = 1
configure: failed program was:
| /* confdefs.h.  */
| 
| #define PACKAGE_NAME "libsidplay"
| #define PACKAGE_TARNAME "libsidplay"
| #define PACKAGE_VERSION "2.1.1"
| #define PACKAGE_STRING "libsidplay 2.1.1"
| #define PACKAGE_BUGREPORT ""
| #ifdef __cplusplus
| extern "C" void exit (int);
| #endif
| #define STDC_HEADERS 1
| #define HAVE_SYS_TYPES_H 1
| #define HAVE_SYS_STAT_H 1
| #define HAVE_STDLIB_H 1
| #define HAVE_STRING_H 1
| #define HAVE_MEMORY_H 1
| #define HAVE_STRINGS_H 1
| #define HAVE_INTTYPES_H 1
| #define HAVE_STDINT_H 1
| #define HAVE_UNISTD_H 1
| #define HAVE_DLFCN_H 1
| #define STDC_HEADERS 1
| #define HAVE_STDBOOL_H 1
| #define SIZEOF_CHAR 1
| #define SIZEOF_SHORT_INT 2
| #define SIZEOF_INT 4
| #define SIZEOF_LONG_INT 8
| #define HAVE_STRNCASECMP
| #define HAVE_STRCASECMP
| #define HAVE_LONG_FILE_NAMES 1
| #define HAVE_SSTREAM
| #define HAVE_BOOL
| #define HAVE_EXCEPTIONS
| /* end confdefs.h.  */
| #include <fstream.h>
| int
| main ()
| {
| ifstream myTest(ios::in|ios::binary);
|   ;
|   return 0;
| }
configure:23446: result: no
configure:23457: checking whether standard member ios::openmode is available
configure:23480: g++ -c -g -O2  conftest.cc >&5
In file included from /usr/include/c++/4.2.1/backward/fstream.h:31,
                 from conftest.cc:35:
/usr/include/c++/4.2.1/backward/backward_warning.h:32:2: warning: #warning This file includes at least one deprecated or antiquated header. Please consider using one of the 32 headers found in section 17.4.1.2 of the C++ standard. Examples include substituting the <X> header for the <X.h> header for C++ includes, or <iostream> instead of the deprecated header <iostream.h>. To disable this warning use -Wno-deprecated.
configure:23486: $? = 0
configure:23490: test -z 
			 || test ! -s conftest.err
configure:23493: $? = 0
configure:23496: test -s conftest.o
configure:23499: $? = 0
configure:23513: result: yes
configure:23661: creating ./config.status

## ---------------------- ##
## Running config.status. ##
## ---------------------- ##

This file was extended by libsidplay config.status 2.1.1, which was
generated by GNU Autoconf 2.59.  Invocation command line was

  CONFIG_FILES    = 
  CONFIG_HEADERS  = 
  CONFIG_LINKS    = 
  CONFIG_COMMANDS = 
  $ ./config.status 

on macbook-yoyofr.local

config.status:744: creating Makefile
config.status:744: creating include/Makefile
config.status:744: creating include/sidplay/Makefile
config.status:744: creating src/Makefile
config.status:744: creating src/c64/Makefile
config.status:744: creating src/mos6510/Makefile
config.status:744: creating src/mos6526/Makefile
config.status:744: creating src/mos656x/Makefile
config.status:744: creating src/sid6526/Makefile
config.status:744: creating src/sidtune/Makefile
config.status:744: creating src/xsid/Makefile
config.status:744: creating unix/Makefile
config.status:744: creating unix/libsidplay2.spec
config.status:744: creating unix/libsidplay2.qpg
config.status:744: creating unix/libsidplay2.pc
config.status:744: creating unix/sidconfig.h
config.status:848: creating unix/config.h
config.status:1158: executing depfiles commands

## ---------------- ##
## Cache variables. ##
## ---------------- ##

ac_cv_build=i686-apple-darwin10.4.0
ac_cv_build_alias=i686-apple-darwin10.4.0
ac_cv_c_bigendian=no
ac_cv_c_compiler_gnu=yes
ac_cv_cxx_compiler_gnu=yes
ac_cv_env_CC_set=
ac_cv_env_CC_value=
ac_cv_env_CFLAGS_set=
ac_cv_env_CFLAGS_value=
ac_cv_env_CPPFLAGS_set=
ac_cv_env_CPPFLAGS_value=
ac_cv_env_CPP_set=
ac_cv_env_CPP_value=
ac_cv_env_CXXCPP_set=
ac_cv_env_CXXCPP_value=
ac_cv_env_CXXFLAGS_set=
ac_cv_env_CXXFLAGS_value=
ac_cv_env_CXX_set=
ac_cv_env_CXX_value=
ac_cv_env_F77_set=
ac_cv_env_F77_value=
ac_cv_env_FFLAGS_set=
ac_cv_env_FFLAGS_value=
ac_cv_env_LDFLAGS_set=
ac_cv_env_LDFLAGS_value=
ac_cv_env_build_alias_set=
ac_cv_env_build_alias_value=
ac_cv_env_host_alias_set=
ac_cv_env_host_alias_value=
ac_cv_env_target_alias_set=
ac_cv_env_target_alias_value=
ac_cv_exeext=
ac_cv_f77_compiler_gnu=no
ac_cv_func_strcasecmp=yes
ac_cv_func_strncasecmp=yes
ac_cv_header_dlfcn_h=yes
ac_cv_header_inttypes_h=yes
ac_cv_header_memory_h=yes
ac_cv_header_sstream=yes
ac_cv_header_stdbool_h=yes
ac_cv_header_stdc=yes
ac_cv_header_stdint=stdint.h
ac_cv_header_stdint_h=yes
ac_cv_header_stdint_o=no-file
ac_cv_header_stdint_test=no
ac_cv_header_stdint_u=no-file
ac_cv_header_stdint_x=stdint.h
ac_cv_header_stdlib_h=yes
ac_cv_header_string_h=yes
ac_cv_header_strings_h=yes
ac_cv_header_sys_stat_h=yes
ac_cv_header_sys_types_h=yes
ac_cv_header_unistd_h=yes
ac_cv_host=i686-apple-darwin10.4.0
ac_cv_host_alias=i686-apple-darwin10.4.0
ac_cv_objext=o
ac_cv_path_install='/opt/local/bin/ginstall -c'
ac_cv_prog_AWK=gawk
ac_cv_prog_CPP='gcc -E'
ac_cv_prog_CXXCPP='g++ -E'
ac_cv_prog_ac_ct_AR=ar
ac_cv_prog_ac_ct_CC=gcc
ac_cv_prog_ac_ct_CXX=g++
ac_cv_prog_ac_ct_RANLIB=ranlib
ac_cv_prog_ac_ct_STRIP=strip
ac_cv_prog_cc_g=yes
ac_cv_prog_cc_stdc=
ac_cv_prog_cxx_g=yes
ac_cv_prog_egrep='grep -E'
ac_cv_prog_f77_g=no
ac_cv_prog_make_make_set=yes
ac_cv_sizeof_X=::::
ac_cv_sizeof_char=1
ac_cv_sizeof_int=4
ac_cv_sizeof_long_int=8
ac_cv_sizeof_short_int=2
ac_cv_sizeof_x=:
ac_cv_sys_long_file_names=yes
ac_cv_type_char=yes
ac_cv_type_int=yes
ac_cv_type_int_fast32_t=yes
ac_cv_type_int_least32_t=yes
ac_cv_type_long_int=yes
ac_cv_type_short_int=yes
ac_cv_type_uint64_t=yes
ac_cv_type_uintptr_t=yes
am_cv_CC_dependencies_compiler_type=gcc3
am_cv_CXX_dependencies_compiler_type=gcc3
lt_cv_deplibs_check_method=pass_all
lt_cv_file_magic_cmd='$MAGIC_CMD'
lt_cv_file_magic_test_file=
lt_cv_ld_reload_flag=-r
lt_cv_objdir=.libs
lt_cv_path_LD=/usr/libexec/gcc/i686-apple-darwin10/4.2.1/ld
lt_cv_path_LDCXX=/usr/libexec/gcc/i686-apple-darwin10/4.2.1/ld
lt_cv_path_NM=/usr/bin/nm
lt_cv_path_SED=/opt/local/bin/gsed
lt_cv_prog_compiler_c_o=yes
lt_cv_prog_compiler_c_o_CXX=yes
lt_cv_prog_compiler_rtti_exceptions=no
lt_cv_prog_gnu_ld=no
lt_cv_prog_gnu_ldcxx=no
lt_cv_sys_global_symbol_pipe='sed -n -e '\''s/^.*[ 	]\([BCDEGRST][BCDEGRST]*\)[ 	][ 	]*\(_\)\([_A-Za-z][_A-Za-z0-9]*\)$/\1 \2\3 \3/p'\'''
lt_cv_sys_global_symbol_to_c_name_address='sed -n -e '\''s/^: \([^ ]*\) $/  {\"\1\", (lt_ptr) 0},/p'\'' -e '\''s/^[BCDEGRST] \([^ ]*\) \([^ ]*\)$/  {"\2", (lt_ptr) \&\2},/p'\'''
lt_cv_sys_global_symbol_to_cdecl='sed -n -e '\''s/^. .* \(.*\)$/extern int \1;/p'\'''
lt_cv_sys_max_cmd_len=65536
lt_lt_cv_prog_compiler_c_o='"yes"'
lt_lt_cv_prog_compiler_c_o_CXX='"yes"'
lt_lt_cv_sys_global_symbol_pipe='"sed -n -e '\''s/^.*[ 	]\\([BCDEGRST][BCDEGRST]*\\)[ 	][ 	]*\\(_\\)\\([_A-Za-z][_A-Za-z0-9]*\\)\$/\\1 \\2\\3 \\3/p'\''"'
lt_lt_cv_sys_global_symbol_to_c_name_address='"sed -n -e '\''s/^: \\([^ ]*\\) \$/  {\\\"\\1\\\", (lt_ptr) 0},/p'\'' -e '\''s/^[BCDEGRST] \\([^ ]*\\) \\([^ ]*\\)\$/  {\"\\2\", (lt_ptr) \\&\\2},/p'\''"'
lt_lt_cv_sys_global_symbol_to_cdecl='"sed -n -e '\''s/^. .* \\(.*\\)\$/extern int \\1;/p'\''"'
test_cv_have_bool=yes
test_cv_have_exceptions=yes
test_cv_have_ios_binary=no
test_cv_have_ios_openmode=yes

## ----------------- ##
## Output variables. ##
## ----------------- ##

ACLOCAL='${SHELL} /Users/ymagnien/Downloads/sidplay-libs-2.1.1/libsidplay/unix/missing --run aclocal-1.8'
ACLOCAL_AMFLAGS='-I unix'
AMDEPBACKSLASH='\'
AMDEP_FALSE='#'
AMDEP_TRUE=''
AMTAR='${SHELL} /Users/ymagnien/Downloads/sidplay-libs-2.1.1/libsidplay/unix/missing --run tar'
AR='ar'
AS='as'
AUTOCONF='${SHELL} /Users/ymagnien/Downloads/sidplay-libs-2.1.1/libsidplay/unix/missing --run autoconf'
AUTOHEADER='${SHELL} /Users/ymagnien/Downloads/sidplay-libs-2.1.1/libsidplay/unix/missing --run autoheader'
AUTOMAKE='${SHELL} /Users/ymagnien/Downloads/sidplay-libs-2.1.1/libsidplay/unix/missing --run automake-1.8'
AWK='gawk'
CC='gcc'
CCDEPMODE='depmode=gcc3'
CFLAGS='-g -O2'
CPP='gcc -E'
CPPFLAGS=''
CXX='g++'
CXXCPP='g++ -E'
CXXDEPMODE='depmode=gcc3'
CXXFLAGS='-g -O2 -DHAVE_UNIX -I$(top_srcdir)/include -I$(top_srcdir)/include/sidplay'
CYGPATH_W='echo'
DEFAULT_INCLUDES=''
DEFS='-DHAVE_CONFIG_H'
DEPDIR='.deps'
DLLTOOL='dlltool'
ECHO='/bin/echo'
ECHO_C='ECHO_N=''
ECHO_T=''
EGREP='grep -E'
EXEEXT=''
F77=''
FFLAGS=''
INSTALL_DATA='${INSTALL} -m 644'
INSTALL_PROGRAM='${INSTALL}'
INSTALL_SCRIPT='${INSTALL}'
INSTALL_STRIP_PROGRAM='${SHELL} $(install_sh) -c -s'
LDFLAGS=''
LIBOBJS=''
LIBS=''
LIBTOOL='$(SHELL) $(top_builddir)/libtool'
LIBVERSION='1:1:0'
LN_S='ln -s'
LTLIBOBJS=''
MAKEINFO='${SHELL} /Users/ymagnien/Downloads/sidplay-libs-2.1.1/libsidplay/unix/missing --run makeinfo'
OBJDUMP='objdump'
OBJEXT='o'
PACKAGE='libsidplay'
PACKAGE_BUGREPORT=''
PACKAGE_NAME='libsidplay'
PACKAGE_STRING='libsidplay 2.1.1'
PACKAGE_TARNAME='libsidplay'
PACKAGE_VERSION='2.1.1'
PATH_SEPARATOR=':'
RANLIB='ranlib'
SET_MAKE=''
SHELL='/bin/sh'
SID_HAVE_BOOL='#define SID_HAVE_BOOL'
SID_HAVE_STDBOOL_H='#define SID_HAVE_STDBOOL_H'
SID_SIZEOF_CHAR='1'
SID_SIZEOF_INT='4'
SID_SIZEOF_LONG_INT='8'
SID_SIZEOF_SHORT_INT='2'
SID_WORDS_ENDIANESS='SID_WORDS_LITTLEENDIAN'
STRIP='strip'
VERSION='2.1.1'
ac_ct_AR='ar'
ac_ct_AS=''
ac_ct_CC='gcc'
ac_ct_CXX='g++'
ac_ct_DLLTOOL=''
ac_ct_F77=''
ac_ct_OBJDUMP=''
ac_ct_RANLIB='ranlib'
ac_ct_STRIP='strip'
am__fastdepCC_FALSE='#'
am__fastdepCC_TRUE=''
am__fastdepCXX_FALSE='#'
am__fastdepCXX_TRUE=''
am__include='include'
am__leading_dot='.'
am__quote=''
bindir='${exec_prefix}/bin'
build='i686-apple-darwin10.4.0'
build_alias=''
build_cpu='i686'
build_os='darwin10.4.0'
build_vendor='apple'
builders='${exec_prefix}/lib/sidplay/builders'
datadir='${prefix}/share'
exec_prefix='${prefix}'
host='i686-apple-darwin10.4.0'
host_alias=''
host_cpu='i686'
host_os='darwin10.4.0'
host_vendor='apple'
includedir='${prefix}/include'
infodir='${prefix}/info'
install_sh='/Users/ymagnien/Downloads/sidplay-libs-2.1.1/libsidplay/unix/install-sh'
libdir='${exec_prefix}/lib'
libexecdir='${exec_prefix}/libexec'
localstatedir='${prefix}/var'
mandir='${prefix}/man'
mkdir_p='$(install_sh) -d'
oldincludedir='/usr/include'
prefix='/usr/local'
program_transform_name='s,x,x,'
sbindir='${exec_prefix}/sbin'
sharedstatedir='${prefix}/com'
sysconfdir='${prefix}/etc'
target_alias=''

## ----------- ##
## confdefs.h. ##
## ----------- ##

#define HAVE_BOOL
#define HAVE_DLFCN_H 1
#define HAVE_EXCEPTIONS
#define HAVE_INTTYPES_H 1
#define HAVE_IOS_OPENMODE
#define HAVE_LONG_FILE_NAMES 1
#define HAVE_MEMORY_H 1
#define HAVE_SSTREAM
#define HAVE_STDBOOL_H 1
#define HAVE_STDINT_H 1
#define HAVE_STDLIB_H 1
#define HAVE_STRCASECMP
#define HAVE_STRINGS_H 1
#define HAVE_STRING_H 1
#define HAVE_STRNCASECMP
#define HAVE_SYS_STAT_H 1
#define HAVE_SYS_TYPES_H 1
#define HAVE_UNISTD_H 1
#define PACKAGE_BUGREPORT ""
#define PACKAGE_NAME "libsidplay"
#define PACKAGE_STRING "libsidplay 2.1.1"
#define PACKAGE_TARNAME "libsidplay"
#define PACKAGE_VERSION "2.1.1"
#define SIZEOF_CHAR 1
#define SIZEOF_INT 4
#define SIZEOF_LONG_INT 8
#define SIZEOF_SHORT_INT 2
#define STDC_HEADERS 1
#define STDC_HEADERS 1
#endif
#ifdef __cplusplus
extern "C" void exit (int);

configure: exit 0
