This file contains any messages produced by compilers while
running configure, to aid debugging if configure makes a mistake.

It was created by configure, which was
generated by GNU Autoconf 2.59.  Invocation command line was

  $ ./configure --disable-library-checks --with-sidplay2-includes=/Users/ymagnien/Downloads/sidplay-libs-2.1.1/libsidplay/include --with-sidplay2-library=/Users/ymagnien/Downloads/sidplay-libs-2.1.1/libsidplay/src --with-resid-includes=/Users/ymagnien/Downloads/sidplay-libs-2.1.1/resid --with-resid-library=/Users/ymagnien/Downloads/sidplay-libs-2.1.1/resid --libdir=${exec_prefix}/lib/sidplay/builders

## --------- ##
## Platform. ##
## --------- ##

hostname = macbook-yoyofr.local
uname -m = i386
uname -r = 10.4.0
uname -s = Darwin
uname -v = Darwin Kernel Version 10.4.0: Fri Apr 23 18:28:53 PDT 2010; root:xnu-1504.7.4~1/RELEASE_I386

/usr/bin/uname -p = i386
/bin/uname -X     = unknown

/bin/arch              = unknown
/usr/bin/arch -k       = unknown
/usr/convex/getsysinfo = unknown
hostinfo               = Mach kernel version:
	 Darwin Kernel Version 10.4.0: Fri Apr 23 18:28:53 PDT 2010; root:xnu-1504.7.4~1/RELEASE_I386
Kernel configured for up to 2 processors.
2 processors are physically available.
2 processors are logically available.
Processor type: i486 (Intel 80486)
Processors active: 0 1
Primary memory available: 2.00 gigabytes
Default processor set: 88 tasks, 417 threads, 2 processors
Load average: 3.83, Mach factor: 0.46
/bin/machine           = unknown
/usr/bin/oslevel       = unknown
/bin/universe          = unknown

PATH: /opt/local/bin
PATH: /opt/local/sbin
PATH: /usr/bin
PATH: /bin
PATH: /usr/sbin
PATH: /sbin
PATH: /usr/local/bin
PATH: /usr/X11/bin


## ----------- ##
## Core tests. ##
## ----------- ##

configure:1555: checking for a BSD-compatible install
configure:1610: result: /opt/local/bin/ginstall -c
configure:1621: checking whether build environment is sane
configure:1664: result: yes
configure:1721: checking for gawk
configure:1737: found /opt/local/bin/gawk
configure:1747: result: gawk
configure:1757: checking whether make sets $(MAKE)
configure:1777: result: yes
configure:1950: checking build system type
configure:1968: result: i686-apple-darwin10.4.0
configure:1976: checking host system type
configure:1990: result: i686-apple-darwin10.4.0
configure:2045: checking for gcc
configure:2061: found /usr/bin/gcc
configure:2071: result: gcc
configure:2315: checking for C compiler version
configure:2318: gcc --version </dev/null >&5
i686-apple-darwin10-gcc-4.2.1 (GCC) 4.2.1 (Apple Inc. build 5664)
Copyright (C) 2007 Free Software Foundation, Inc.
This is free software; see the source for copying conditions.  There is NO
warranty; not even for MERCHANTABILITY or FITNESS FOR A PARTICULAR PURPOSE.

configure:2321: $? = 0
configure:2323: gcc -v </dev/null >&5
Using built-in specs.
Target: i686-apple-darwin10
Configured with: /var/tmp/gcc/gcc-5664~38/src/configure --disable-checking --enable-werror --prefix=/usr --mandir=/share/man --enable-languages=c,objc,c++,obj-c++ --program-transform-name=/^[cg][^.-]*$/s/$/-4.2/ --with-slibdir=/usr/lib --build=i686-apple-darwin10 --program-prefix=i686-apple-darwin10- --host=x86_64-apple-darwin10 --target=i686-apple-darwin10 --with-gxx-include-dir=/include/c++/4.2.1
Thread model: posix
gcc version 4.2.1 (Apple Inc. build 5664)
configure:2326: $? = 0
configure:2328: gcc -V </dev/null >&5
gcc-4.2: argument to `-V' is missing
configure:2331: $? = 1
configure:2354: checking for C compiler default output file name
configure:2357: gcc    conftest.c  >&5
configure:2360: $? = 0
configure:2406: result: a.out
configure:2411: checking whether the C compiler works
configure:2417: ./a.out
configure:2420: $? = 0
configure:2437: result: yes
configure:2444: checking whether we are cross compiling
configure:2446: result: no
configure:2449: checking for suffix of executables
configure:2451: gcc -o conftest    conftest.c  >&5
configure:2454: $? = 0
configure:2479: result: 
configure:2485: checking for suffix of object files
configure:2506: gcc -c   conftest.c >&5
configure:2509: $? = 0
configure:2531: result: o
configure:2535: checking whether we are using the GNU C compiler
configure:2559: gcc -c   conftest.c >&5
configure:2565: $? = 0
configure:2569: test -z 
			 || test ! -s conftest.err
configure:2572: $? = 0
configure:2575: test -s conftest.o
configure:2578: $? = 0
configure:2591: result: yes
configure:2597: checking whether gcc accepts -g
configure:2618: gcc -c -g  conftest.c >&5
configure:2624: $? = 0
configure:2628: test -z 
			 || test ! -s conftest.err
configure:2631: $? = 0
configure:2634: test -s conftest.o
configure:2637: $? = 0
configure:2648: result: yes
configure:2665: checking for gcc option to accept ANSI C
configure:2735: gcc  -c -g -O2  conftest.c >&5
configure:2741: $? = 0
configure:2745: test -z 
			 || test ! -s conftest.err
configure:2748: $? = 0
configure:2751: test -s conftest.o
configure:2754: $? = 0
configure:2772: result: none needed
configure:2790: gcc -c -g -O2  conftest.c >&5
conftest.c:2: error: expected '=', ',', ';', 'asm' or '__attribute__' before 'me'
configure:2796: $? = 1
configure: failed program was:
| #ifndef __cplusplus
|   choke me
| #endif
configure:2940: checking for style of include used by make
configure:2968: result: GNU
configure:2996: checking dependency style of gcc
configure:3086: result: gcc3
configure:3155: checking for g++
configure:3171: found /usr/bin/g++
configure:3181: result: g++
configure:3197: checking for C++ compiler version
configure:3200: g++ --version </dev/null >&5
i686-apple-darwin10-g++-4.2.1 (GCC) 4.2.1 (Apple Inc. build 5664)
Copyright (C) 2007 Free Software Foundation, Inc.
This is free software; see the source for copying conditions.  There is NO
warranty; not even for MERCHANTABILITY or FITNESS FOR A PARTICULAR PURPOSE.

configure:3203: $? = 0
configure:3205: g++ -v </dev/null >&5
Using built-in specs.
Target: i686-apple-darwin10
Configured with: /var/tmp/gcc/gcc-5664~38/src/configure --disable-checking --enable-werror --prefix=/usr --mandir=/share/man --enable-languages=c,objc,c++,obj-c++ --program-transform-name=/^[cg][^.-]*$/s/$/-4.2/ --with-slibdir=/usr/lib --build=i686-apple-darwin10 --program-prefix=i686-apple-darwin10- --host=x86_64-apple-darwin10 --target=i686-apple-darwin10 --with-gxx-include-dir=/include/c++/4.2.1
Thread model: posix
gcc version 4.2.1 (Apple Inc. build 5664)
configure:3208: $? = 0
configure:3210: g++ -V </dev/null >&5
g++-4.2: argument to `-V' is missing
configure:3213: $? = 1
configure:3216: checking whether we are using the GNU C++ compiler
configure:3240: g++ -c   conftest.cc >&5
configure:3246: $? = 0
configure:3250: test -z 
			 || test ! -s conftest.err
configure:3253: $? = 0
configure:3256: test -s conftest.o
configure:3259: $? = 0
configure:3272: result: yes
configure:3278: checking whether g++ accepts -g
configure:3299: g++ -c -g  conftest.cc >&5
configure:3305: $? = 0
configure:3309: test -z 
			 || test ! -s conftest.err
configure:3312: $? = 0
configure:3315: test -s conftest.o
configure:3318: $? = 0
configure:3329: result: yes
configure:3371: g++ -c -g -O2  conftest.cc >&5
configure:3377: $? = 0
configure:3381: test -z 
			 || test ! -s conftest.err
configure:3384: $? = 0
configure:3387: test -s conftest.o
configure:3390: $? = 0
configure:3416: g++ -c -g -O2  conftest.cc >&5
conftest.cc: In function 'int main()':
conftest.cc:15: error: 'exit' was not declared in this scope
configure:3422: $? = 1
configure: failed program was:
| /* confdefs.h.  */
| 
| #define PACKAGE_NAME ""
| #define PACKAGE_TARNAME ""
| #define PACKAGE_VERSION ""
| #define PACKAGE_STRING ""
| #define PACKAGE_BUGREPORT ""
| #define PACKAGE "resid-builder"
| #define VERSION "1.0.1"
| /* end confdefs.h.  */
| 
| int
| main ()
| {
| exit (42);
|   ;
|   return 0;
| }
configure:3371: g++ -c -g -O2  conftest.cc >&5
conftest.cc:11: error: 'void std::exit(int)' should have been declared inside 'std'
In file included from conftest.cc:12:
/usr/include/stdlib.h:159: error: declaration of 'void std::exit(int)' throws different exceptions
conftest.cc:11: error: from previous declaration 'void std::exit(int) throw ()'
configure:3377: $? = 1
configure: failed program was:
| /* confdefs.h.  */
| 
| #define PACKAGE_NAME ""
| #define PACKAGE_TARNAME ""
| #define PACKAGE_VERSION ""
| #define PACKAGE_STRING ""
| #define PACKAGE_BUGREPORT ""
| #define PACKAGE "resid-builder"
| #define VERSION "1.0.1"
| /* end confdefs.h.  */
| extern "C" void std::exit (int) throw (); using std::exit;
| #include <stdlib.h>
| int
| main ()
| {
| exit (42);
|   ;
|   return 0;
| }
configure:3371: g++ -c -g -O2  conftest.cc >&5
conftest.cc:11: error: 'void std::exit(int)' should have been declared inside 'std'
configure:3377: $? = 1
configure: failed program was:
| /* confdefs.h.  */
| 
| #define PACKAGE_NAME ""
| #define PACKAGE_TARNAME ""
| #define PACKAGE_VERSION ""
| #define PACKAGE_STRING ""
| #define PACKAGE_BUGREPORT ""
| #define PACKAGE "resid-builder"
| #define VERSION "1.0.1"
| /* end confdefs.h.  */
| extern "C" void std::exit (int); using std::exit;
| #include <stdlib.h>
| int
| main ()
| {
| exit (42);
|   ;
|   return 0;
| }
configure:3371: g++ -c -g -O2  conftest.cc >&5
In file included from conftest.cc:12:
/usr/include/stdlib.h:159: error: declaration of 'void exit(int)' throws different exceptions
conftest.cc:11: error: from previous declaration 'void exit(int) throw ()'
configure:3377: $? = 1
configure: failed program was:
| /* confdefs.h.  */
| 
| #define PACKAGE_NAME ""
| #define PACKAGE_TARNAME ""
| #define PACKAGE_VERSION ""
| #define PACKAGE_STRING ""
| #define PACKAGE_BUGREPORT ""
| #define PACKAGE "resid-builder"
| #define VERSION "1.0.1"
| /* end confdefs.h.  */
| extern "C" void exit (int) throw ();
| #include <stdlib.h>
| int
| main ()
| {
| exit (42);
|   ;
|   return 0;
| }
configure:3371: g++ -c -g -O2  conftest.cc >&5
configure:3377: $? = 0
configure:3381: test -z 
			 || test ! -s conftest.err
configure:3384: $? = 0
configure:3387: test -s conftest.o
configure:3390: $? = 0
configure:3416: g++ -c -g -O2  conftest.cc >&5
configure:3422: $? = 0
configure:3426: test -z 
			 || test ! -s conftest.err
configure:3429: $? = 0
configure:3432: test -s conftest.o
configure:3435: $? = 0
configure:3460: checking dependency style of g++
configure:3550: result: gcc3
configure:3643: checking for a sed that does not truncate output
configure:3697: result: /opt/local/bin/gsed
configure:3700: checking for egrep
configure:3710: result: grep -E
configure:3726: checking for ld used by gcc
configure:3793: result: /usr/libexec/gcc/i686-apple-darwin10/4.2.1/ld
configure:3802: checking if the linker (/usr/libexec/gcc/i686-apple-darwin10/4.2.1/ld) is GNU ld
configure:3817: result: no
configure:3822: checking for /usr/libexec/gcc/i686-apple-darwin10/4.2.1/ld option to reload object files
configure:3829: result: -r
configure:3838: checking for BSD-compatible nm
configure:3880: result: /usr/bin/nm
configure:3884: checking whether ln -s works
configure:3888: result: yes
configure:3895: checking how to recognise dependent libraries
configure:4078: result: pass_all
configure:4534: checking how to run the C preprocessor
configure:4569: gcc -E  conftest.c
configure:4575: $? = 0
configure:4607: gcc -E  conftest.c
conftest.c:14:28: error: ac_nonexistent.h: No such file or directory
configure:4613: $? = 1
configure: failed program was:
| /* confdefs.h.  */
| 
| #define PACKAGE_NAME ""
| #define PACKAGE_TARNAME ""
| #define PACKAGE_VERSION ""
| #define PACKAGE_STRING ""
| #define PACKAGE_BUGREPORT ""
| #define PACKAGE "resid-builder"
| #define VERSION "1.0.1"
| #ifdef __cplusplus
| extern "C" void exit (int);
| #endif
| /* end confdefs.h.  */
| #include <ac_nonexistent.h>
configure:4652: result: gcc -E
configure:4676: gcc -E  conftest.c
configure:4682: $? = 0
configure:4714: gcc -E  conftest.c
conftest.c:14:28: error: ac_nonexistent.h: No such file or directory
configure:4720: $? = 1
configure: failed program was:
| /* confdefs.h.  */
| 
| #define PACKAGE_NAME ""
| #define PACKAGE_TARNAME ""
| #define PACKAGE_VERSION ""
| #define PACKAGE_STRING ""
| #define PACKAGE_BUGREPORT ""
| #define PACKAGE "resid-builder"
| #define VERSION "1.0.1"
| #ifdef __cplusplus
| extern "C" void exit (int);
| #endif
| /* end confdefs.h.  */
| #include <ac_nonexistent.h>
configure:4764: checking for ANSI C header files
configure:4789: gcc -c -g -O2  conftest.c >&5
configure:4795: $? = 0
configure:4799: test -z 
			 || test ! -s conftest.err
configure:4802: $? = 0
configure:4805: test -s conftest.o
configure:4808: $? = 0
configure:4897: gcc -o conftest -g -O2   conftest.c  >&5
conftest.c: In function 'main':
conftest.c:31: warning: incompatible implicit declaration of built-in function 'exit'
configure:4900: $? = 0
configure:4902: ./conftest
configure:4905: $? = 0
configure:4920: result: yes
configure:4944: checking for sys/types.h
configure:4960: gcc -c -g -O2  conftest.c >&5
configure:4966: $? = 0
configure:4970: test -z 
			 || test ! -s conftest.err
configure:4973: $? = 0
configure:4976: test -s conftest.o
configure:4979: $? = 0
configure:4990: result: yes
configure:4944: checking for sys/stat.h
configure:4960: gcc -c -g -O2  conftest.c >&5
configure:4966: $? = 0
configure:4970: test -z 
			 || test ! -s conftest.err
configure:4973: $? = 0
configure:4976: test -s conftest.o
configure:4979: $? = 0
configure:4990: result: yes
configure:4944: checking for stdlib.h
configure:4960: gcc -c -g -O2  conftest.c >&5
configure:4966: $? = 0
configure:4970: test -z 
			 || test ! -s conftest.err
configure:4973: $? = 0
configure:4976: test -s conftest.o
configure:4979: $? = 0
configure:4990: result: yes
configure:4944: checking for string.h
configure:4960: gcc -c -g -O2  conftest.c >&5
configure:4966: $? = 0
configure:4970: test -z 
			 || test ! -s conftest.err
configure:4973: $? = 0
configure:4976: test -s conftest.o
configure:4979: $? = 0
configure:4990: result: yes
configure:4944: checking for memory.h
configure:4960: gcc -c -g -O2  conftest.c >&5
configure:4966: $? = 0
configure:4970: test -z 
			 || test ! -s conftest.err
configure:4973: $? = 0
configure:4976: test -s conftest.o
configure:4979: $? = 0
configure:4990: result: yes
configure:4944: checking for strings.h
configure:4960: gcc -c -g -O2  conftest.c >&5
configure:4966: $? = 0
configure:4970: test -z 
			 || test ! -s conftest.err
configure:4973: $? = 0
configure:4976: test -s conftest.o
configure:4979: $? = 0
configure:4990: result: yes
configure:4944: checking for inttypes.h
configure:4960: gcc -c -g -O2  conftest.c >&5
configure:4966: $? = 0
configure:4970: test -z 
			 || test ! -s conftest.err
configure:4973: $? = 0
configure:4976: test -s conftest.o
configure:4979: $? = 0
configure:4990: result: yes
configure:4944: checking for stdint.h
configure:4960: gcc -c -g -O2  conftest.c >&5
configure:4966: $? = 0
configure:4970: test -z 
			 || test ! -s conftest.err
configure:4973: $? = 0
configure:4976: test -s conftest.o
configure:4979: $? = 0
configure:4990: result: yes
configure:4944: checking for unistd.h
configure:4960: gcc -c -g -O2  conftest.c >&5
configure:4966: $? = 0
configure:4970: test -z 
			 || test ! -s conftest.err
configure:4973: $? = 0
configure:4976: test -s conftest.o
configure:4979: $? = 0
configure:4990: result: yes
configure:5016: checking dlfcn.h usability
configure:5028: gcc -c -g -O2  conftest.c >&5
configure:5034: $? = 0
configure:5038: test -z 
			 || test ! -s conftest.err
configure:5041: $? = 0
configure:5044: test -s conftest.o
configure:5047: $? = 0
configure:5057: result: yes
configure:5061: checking dlfcn.h presence
configure:5071: gcc -E  conftest.c
configure:5077: $? = 0
configure:5097: result: yes
configure:5132: checking for dlfcn.h
configure:5139: result: yes
configure:5157: checking how to run the C++ preprocessor
configure:5188: g++ -E  conftest.cc
configure:5194: $? = 0
configure:5226: g++ -E  conftest.cc
conftest.cc:25:28: error: ac_nonexistent.h: No such file or directory
configure:5232: $? = 1
configure: failed program was:
| /* confdefs.h.  */
| 
| #define PACKAGE_NAME ""
| #define PACKAGE_TARNAME ""
| #define PACKAGE_VERSION ""
| #define PACKAGE_STRING ""
| #define PACKAGE_BUGREPORT ""
| #define PACKAGE "resid-builder"
| #define VERSION "1.0.1"
| #ifdef __cplusplus
| extern "C" void exit (int);
| #endif
| #define STDC_HEADERS 1
| #define HAVE_SYS_TYPES_H 1
| #define HAVE_SYS_STAT_H 1
| #define HAVE_STDLIB_H 1
| #define HAVE_STRING_H 1
| #define HAVE_MEMORY_H 1
| #define HAVE_STRINGS_H 1
| #define HAVE_INTTYPES_H 1
| #define HAVE_STDINT_H 1
| #define HAVE_UNISTD_H 1
| #define HAVE_DLFCN_H 1
| /* end confdefs.h.  */
| #include <ac_nonexistent.h>
configure:5271: result: g++ -E
configure:5295: g++ -E  conftest.cc
configure:5301: $? = 0
configure:5333: g++ -E  conftest.cc
conftest.cc:25:28: error: ac_nonexistent.h: No such file or directory
configure:5339: $? = 1
configure: failed program was:
| /* confdefs.h.  */
| 
| #define PACKAGE_NAME ""
| #define PACKAGE_TARNAME ""
| #define PACKAGE_VERSION ""
| #define PACKAGE_STRING ""
| #define PACKAGE_BUGREPORT ""
| #define PACKAGE "resid-builder"
| #define VERSION "1.0.1"
| #ifdef __cplusplus
| extern "C" void exit (int);
| #endif
| #define STDC_HEADERS 1
| #define HAVE_SYS_TYPES_H 1
| #define HAVE_SYS_STAT_H 1
| #define HAVE_STDLIB_H 1
| #define HAVE_STRING_H 1
| #define HAVE_MEMORY_H 1
| #define HAVE_STRINGS_H 1
| #define HAVE_INTTYPES_H 1
| #define HAVE_STDINT_H 1
| #define HAVE_UNISTD_H 1
| #define HAVE_DLFCN_H 1
| /* end confdefs.h.  */
| #include <ac_nonexistent.h>
configure:5434: checking for g77
configure:5463: result: no
configure:5434: checking for f77
configure:5463: result: no
configure:5434: checking for xlf
configure:5463: result: no
configure:5434: checking for frt
configure:5463: result: no
configure:5434: checking for pgf77
configure:5463: result: no
configure:5434: checking for fort77
configure:5463: result: no
configure:5434: checking for fl32
configure:5463: result: no
configure:5434: checking for af77
configure:5463: result: no
configure:5434: checking for f90
configure:5463: result: no
configure:5434: checking for xlf90
configure:5463: result: no
configure:5434: checking for pgf90
configure:5463: result: no
configure:5434: checking for epcf90
configure:5463: result: no
configure:5434: checking for f95
configure:5463: result: no
configure:5434: checking for fort
configure:5463: result: no
configure:5434: checking for xlf95
configure:5463: result: no
configure:5434: checking for ifc
configure:5463: result: no
configure:5434: checking for efc
configure:5463: result: no
configure:5434: checking for pgf95
configure:5463: result: no
configure:5434: checking for lf95
configure:5463: result: no
configure:5434: checking for gfortran
configure:5463: result: no
configure:5475: checking for Fortran 77 compiler version
configure:5478:  --version </dev/null >&5
./configure: line 5479: --version: command not found
configure:5481: $? = 127
configure:5483:  -v </dev/null >&5
./configure: line 5484: -v: command not found
configure:5486: $? = 127
configure:5488:  -V </dev/null >&5
./configure: line 5489: -V: command not found
configure:5491: $? = 127
configure:5499: checking whether we are using the GNU Fortran 77 compiler
configure:5513:  -c  conftest.F >&5
./configure: line 5514: -c: command not found
configure:5519: $? = 127
configure: failed program was:
|       program main
| #ifndef __GNUC__
|        choke me
| #endif
| 
|       end
configure:5545: result: no
configure:5551: checking whether  accepts -g
configure:5563:  -c -g conftest.f >&5
./configure: line 5564: -c: command not found
configure:5569: $? = 127
configure: failed program was:
|       program main
| 
|       end
configure:5594: result: no
configure:5624: checking the maximum length of command line arguments
configure:5689: result: 65536
configure:5700: checking command to parse /usr/bin/nm output from gcc object
configure:5789: gcc -c -g -O2  conftest.c >&5
configure:5792: $? = 0
configure:5796: /usr/bin/nm conftest.o \| sed -n -e 's/^.*[ 	]\([BCDEGRST][BCDEGRST]*\)[ 	][ 	]*\(\)\([_A-Za-z][_A-Za-z0-9]*\)$/\1 \2\3 \3/p' \> conftest.nm
configure:5799: $? = 0
cannot find nm_test_var in conftest.nm
configure:5789: gcc -c -g -O2  conftest.c >&5
configure:5792: $? = 0
configure:5796: /usr/bin/nm conftest.o \| sed -n -e 's/^.*[ 	]\([BCDEGRST][BCDEGRST]*\)[ 	][ 	]*\(_\)\([_A-Za-z][_A-Za-z0-9]*\)$/\1 \2\3 \3/p' \> conftest.nm
configure:5799: $? = 0
configure:5851: gcc -o conftest -g -O2   conftest.c conftstm.o >&5
configure:5854: $? = 0
configure:5892: result: ok
configure:5896: checking for objdir
configure:5911: result: .libs
configure:6001: checking for ar
configure:6017: found /usr/bin/ar
configure:6028: result: ar
configure:6081: checking for ranlib
configure:6097: found /usr/bin/ranlib
configure:6108: result: ranlib
configure:6161: checking for strip
configure:6177: found /usr/bin/strip
configure:6188: result: strip
configure:6450: checking if gcc static flag  works
configure:6473: result: yes
configure:6491: checking if gcc supports -fno-rtti -fno-exceptions
configure:6509: gcc -c -g -O2  -fno-rtti -fno-exceptions conftest.c >&5
cc1: warning: command line option "-fno-rtti" is valid for C++/ObjC++ but not for C
configure:6513: $? = 0
configure:6524: result: no
configure:6539: checking for gcc option to produce PIC
configure:6716: result: -fno-common
configure:6724: checking if gcc PIC flag -fno-common works
configure:6742: gcc -c -g -O2  -fno-common -DPIC conftest.c >&5
configure:6746: $? = 0
configure:6757: result: yes
configure:6781: checking if gcc supports -c -o file.o
configure:6802: gcc -c -g -O2  -o out/conftest2.o conftest.c >&5
configure:6806: $? = 0
configure:6826: result: yes
configure:6852: checking whether the gcc linker (/usr/libexec/gcc/i686-apple-darwin10/4.2.1/ld) supports shared libraries
configure:7700: result: yes
configure:7771: checking dynamic linker characteristics
configure:8311: result: darwin10.4.0 dyld
configure:8315: checking how to hardcode library paths into programs
configure:8340: result: immediate
configure:8354: checking whether stripping libraries is possible
configure:8367: result: yes
configure:9189: checking if libtool supports shared libraries
configure:9191: result: yes
configure:9194: checking whether to build shared libraries
configure:9252: result: no
configure:9255: checking whether to build static libraries
configure:9259: result: yes
configure:9351: creating libtool
configure:9898: checking for ld used by g++
configure:9965: result: /usr/libexec/gcc/i686-apple-darwin10/4.2.1/ld
configure:9974: checking if the linker (/usr/libexec/gcc/i686-apple-darwin10/4.2.1/ld) is GNU ld
configure:9989: result: no
configure:10040: checking whether the g++ linker (/usr/libexec/gcc/i686-apple-darwin10/4.2.1/ld) supports shared libraries
configure:10868: result: yes
configure:10886: g++ -c -g -O2  conftest.cc >&5
configure:10889: $? = 0
configure:10985: checking for g++ option to produce PIC
configure:11237: result: -fno-common
configure:11245: checking if g++ PIC flag -fno-common works
configure:11263: g++ -c -g -O2  -fno-common -DPIC conftest.cc >&5
configure:11267: $? = 0
configure:11278: result: yes
configure:11302: checking if g++ supports -c -o file.o
configure:11323: g++ -c -g -O2  -o out/conftest2.o conftest.cc >&5
configure:11327: $? = 0
configure:11347: result: yes
configure:11373: checking whether the g++ linker (/usr/libexec/gcc/i686-apple-darwin10/4.2.1/ld) supports shared libraries
configure:11398: result: yes
configure:11469: checking dynamic linker characteristics
configure:12009: result: darwin10.4.0 dyld
configure:12013: checking how to hardcode library paths into programs
configure:12038: result: immediate
configure:12052: checking whether stripping libraries is possible
configure:12065: result: yes
configure:19301: checking whether exceptions are available
configure:19323: g++ -c -g -O2  conftest.cc >&5
In file included from /usr/include/c++/4.2.1/backward/new.h:33,
                 from conftest.cc:25:
/usr/include/c++/4.2.1/backward/backward_warning.h:32:2: warning: #warning This file includes at least one deprecated or antiquated header. Please consider using one of the 32 headers found in section 17.4.1.2 of the C++ standard. Examples include substituting the <X> header for the <X.h> header for C++ includes, or <iostream> instead of the deprecated header <iostream.h>. To disable this warning use -Wno-deprecated.
configure:19329: $? = 0
configure:19333: test -z 
			 || test ! -s conftest.err
configure:19336: $? = 0
configure:19339: test -s conftest.o
configure:19342: $? = 0
configure:19356: result: yes
configure:19745: checking for resid library and headers
configure:19820: result: yes
configure:20233: checking for sidplay2 library and headers
configure:20308: result: yes
configure:20326: checking for sidbuilders install directory
configure:20332: result: ${exec_prefix}/lib/sidplay/builders
configure:20459: creating ./config.status

## ---------------------- ##
## Running config.status. ##
## ---------------------- ##

This file was extended by config.status, which was
generated by GNU Autoconf 2.59.  Invocation command line was

  CONFIG_FILES    = 
  CONFIG_HEADERS  = 
  CONFIG_LINKS    = 
  CONFIG_COMMANDS = 
  $ ./config.status 

on macbook-yoyofr.local

config.status:731: creating Makefile
config.status:731: creating include/Makefile
config.status:731: creating include/sidplay/Makefile
config.status:731: creating include/sidplay/builders/Makefile
config.status:731: creating src/Makefile
config.status:731: creating unix/Makefile
config.status:835: creating unix/config.h
config.status:1127: executing depfiles commands

## ---------------- ##
## Cache variables. ##
## ---------------- ##

ac_cv_build=i686-apple-darwin10.4.0
ac_cv_build_alias=i686-apple-darwin10.4.0
ac_cv_c_compiler_gnu=yes
ac_cv_cxx_compiler_gnu=yes
ac_cv_env_CC_set=
ac_cv_env_CC_value=
ac_cv_env_CFLAGS_set=
ac_cv_env_CFLAGS_value=
ac_cv_env_CPPFLAGS_set=
ac_cv_env_CPPFLAGS_value=
ac_cv_env_CPP_set=
ac_cv_env_CPP_value=
ac_cv_env_CXXCPP_set=
ac_cv_env_CXXCPP_value=
ac_cv_env_CXXFLAGS_set=
ac_cv_env_CXXFLAGS_value=
ac_cv_env_CXX_set=
ac_cv_env_CXX_value=
ac_cv_env_F77_set=
ac_cv_env_F77_value=
ac_cv_env_FFLAGS_set=
ac_cv_env_FFLAGS_value=
ac_cv_env_LDFLAGS_set=
ac_cv_env_LDFLAGS_value=
ac_cv_env_build_alias_set=
ac_cv_env_build_alias_value=
ac_cv_env_host_alias_set=
ac_cv_env_host_alias_value=
ac_cv_env_target_alias_set=
ac_cv_env_target_alias_value=
ac_cv_exeext=
ac_cv_f77_compiler_gnu=no
ac_cv_header_dlfcn_h=yes
ac_cv_header_inttypes_h=yes
ac_cv_header_memory_h=yes
ac_cv_header_stdc=yes
ac_cv_header_stdint_h=yes
ac_cv_header_stdlib_h=yes
ac_cv_header_string_h=yes
ac_cv_header_strings_h=yes
ac_cv_header_sys_stat_h=yes
ac_cv_header_sys_types_h=yes
ac_cv_header_unistd_h=yes
ac_cv_host=i686-apple-darwin10.4.0
ac_cv_host_alias=i686-apple-darwin10.4.0
ac_cv_objext=o
ac_cv_path_install='/opt/local/bin/ginstall -c'
ac_cv_prog_AWK=gawk
ac_cv_prog_CPP='gcc -E'
ac_cv_prog_CXXCPP='g++ -E'
ac_cv_prog_ac_ct_AR=ar
ac_cv_prog_ac_ct_CC=gcc
ac_cv_prog_ac_ct_CXX=g++
ac_cv_prog_ac_ct_RANLIB=ranlib
ac_cv_prog_ac_ct_STRIP=strip
ac_cv_prog_cc_g=yes
ac_cv_prog_cc_stdc=
ac_cv_prog_cxx_g=yes
ac_cv_prog_egrep='grep -E'
ac_cv_prog_f77_g=no
ac_cv_prog_make_make_set=yes
am_cv_CC_dependencies_compiler_type=gcc3
am_cv_CXX_dependencies_compiler_type=gcc3
lt_cv_deplibs_check_method=pass_all
lt_cv_file_magic_cmd='$MAGIC_CMD'
lt_cv_file_magic_test_file=
lt_cv_ld_reload_flag=-r
lt_cv_objdir=.libs
lt_cv_path_LD=/usr/libexec/gcc/i686-apple-darwin10/4.2.1/ld
lt_cv_path_LDCXX=/usr/libexec/gcc/i686-apple-darwin10/4.2.1/ld
lt_cv_path_NM=/usr/bin/nm
lt_cv_path_SED=/opt/local/bin/gsed
lt_cv_prog_compiler_c_o=yes
lt_cv_prog_compiler_c_o_CXX=yes
lt_cv_prog_compiler_rtti_exceptions=no
lt_cv_prog_gnu_ld=no
lt_cv_prog_gnu_ldcxx=no
lt_cv_sys_global_symbol_pipe='sed -n -e '\''s/^.*[ 	]\([BCDEGRST][BCDEGRST]*\)[ 	][ 	]*\(_\)\([_A-Za-z][_A-Za-z0-9]*\)$/\1 \2\3 \3/p'\'''
lt_cv_sys_global_symbol_to_c_name_address='sed -n -e '\''s/^: \([^ ]*\) $/  {\"\1\", (lt_ptr) 0},/p'\'' -e '\''s/^[BCDEGRST] \([^ ]*\) \([^ ]*\)$/  {"\2", (lt_ptr) \&\2},/p'\'''
lt_cv_sys_global_symbol_to_cdecl='sed -n -e '\''s/^. .* \(.*\)$/extern int \1;/p'\'''
lt_cv_sys_max_cmd_len=65536
lt_lt_cv_prog_compiler_c_o='"yes"'
lt_lt_cv_prog_compiler_c_o_CXX='"yes"'
lt_lt_cv_sys_global_symbol_pipe='"sed -n -e '\''s/^.*[ 	]\\([BCDEGRST][BCDEGRST]*\\)[ 	][ 	]*\\(_\\)\\([_A-Za-z][_A-Za-z0-9]*\\)\$/\\1 \\2\\3 \\3/p'\''"'
lt_lt_cv_sys_global_symbol_to_c_name_address='"sed -n -e '\''s/^: \\([^ ]*\\) \$/  {\\\"\\1\\\", (lt_ptr) 0},/p'\'' -e '\''s/^[BCDEGRST] \\([^ ]*\\) \\([^ ]*\\)\$/  {\"\\2\", (lt_ptr) \\&\\2},/p'\''"'
lt_lt_cv_sys_global_symbol_to_cdecl='"sed -n -e '\''s/^. .* \\(.*\\)\$/extern int \\1;/p'\''"'
test_cv_have_exceptions=yes

## ----------------- ##
## Output variables. ##
## ----------------- ##

ACLOCAL='${SHELL} /Users/ymagnien/Downloads/sidplay-libs-2.1.1/builders/resid-builder/unix/missing --run aclocal-1.8'
ACLOCAL_AMFLAGS='-I unix'
AMDEPBACKSLASH='\'
AMDEP_FALSE='#'
AMDEP_TRUE=''
AMTAR='${SHELL} /Users/ymagnien/Downloads/sidplay-libs-2.1.1/builders/resid-builder/unix/missing --run tar'
AR='ar'
AS='as'
AUTOCONF='${SHELL} /Users/ymagnien/Downloads/sidplay-libs-2.1.1/builders/resid-builder/unix/missing --run autoconf'
AUTOHEADER='${SHELL} /Users/ymagnien/Downloads/sidplay-libs-2.1.1/builders/resid-builder/unix/missing --run autoheader'
AUTOMAKE='${SHELL} /Users/ymagnien/Downloads/sidplay-libs-2.1.1/builders/resid-builder/unix/missing --run automake-1.8'
AWK='gawk'
CC='gcc'
CCDEPMODE='depmode=gcc3'
CFLAGS='-g -O2'
CPP='gcc -E'
CPPFLAGS=''
CXX='g++'
CXXCPP='g++ -E'
CXXDEPMODE='depmode=gcc3'
CXXFLAGS='-g -O2 -I$(top_srcdir)/include -I$(top_srcdir)/include/sidplay/builders $(LIBRESID_CXXFLAGS) $(LIBSIDPLAY2_CXXFLAGS)'
CYGPATH_W='echo'
DEFS='-DHAVE_CONFIG_H'
DEPDIR='.deps'
DLLTOOL='dlltool'
ECHO='/bin/echo'
ECHO_C='ECHO_N=''
ECHO_T=''
EGREP='grep -E'
EXEEXT=''
F77=''
FFLAGS=''
INSTALL_DATA='${INSTALL} -m 644'
INSTALL_PROGRAM='${INSTALL}'
INSTALL_SCRIPT='${INSTALL}'
INSTALL_STRIP_PROGRAM='${SHELL} $(install_sh) -c -s'
LDFLAGS=''
LIBOBJS=''
LIBRESID_CXXFLAGS='-I/Users/ymagnien/Downloads/sidplay-libs-2.1.1/resid'
LIBRESID_LDFLAGS='/Users/ymagnien/Downloads/sidplay-libs-2.1.1/resid/libresid.la'
LIBS=''
LIBSIDPLAY2_BUILDERS=''
LIBSIDPLAY2_CXXFLAGS='-I/Users/ymagnien/Downloads/sidplay-libs-2.1.1/libsidplay/include -DHAVE_UNIX'
LIBSIDPLAY2_LDFLAGS='/Users/ymagnien/Downloads/sidplay-libs-2.1.1/libsidplay/src/libsidplay2.la'
LIBTOOL='$(SHELL) $(top_builddir)/libtool'
LIBVERSION='0:1:0'
LN_S='ln -s'
LTLIBOBJS=''
MAKEINFO='${SHELL} /Users/ymagnien/Downloads/sidplay-libs-2.1.1/builders/resid-builder/unix/missing --run makeinfo'
OBJDUMP='objdump'
OBJEXT='o'
PACKAGE='resid-builder'
PACKAGE_BUGREPORT=''
PACKAGE_NAME=''
PACKAGE_STRING=''
PACKAGE_TARNAME=''
PACKAGE_VERSION=''
PATH_SEPARATOR=':'
PKG_CONFIG=''
RANLIB='ranlib'
SET_MAKE=''
SHELL='/bin/sh'
STRIP='strip'
VERSION='1.0.1'
ac_ct_AR='ar'
ac_ct_AS=''
ac_ct_CC='gcc'
ac_ct_CXX='g++'
ac_ct_DLLTOOL=''
ac_ct_F77=''
ac_ct_OBJDUMP=''
ac_ct_RANLIB='ranlib'
ac_ct_STRIP='strip'
am__fastdepCC_FALSE='#'
am__fastdepCC_TRUE=''
am__fastdepCXX_FALSE='#'
am__fastdepCXX_TRUE=''
am__include='include'
am__leading_dot='.'
am__quote=''
bindir='${exec_prefix}/bin'
build='i686-apple-darwin10.4.0'
build_alias=''
build_cpu='i686'
build_os='darwin10.4.0'
build_vendor='apple'
datadir='${prefix}/share'
exec_prefix='${prefix}'
host='i686-apple-darwin10.4.0'
host_alias=''
host_cpu='i686'
host_os='darwin10.4.0'
host_vendor='apple'
includedir='${prefix}/include'
infodir='${prefix}/info'
install_sh='/Users/ymagnien/Downloads/sidplay-libs-2.1.1/builders/resid-builder/unix/install-sh'
libdir='${exec_prefix}/lib/sidplay/builders'
libexecdir='${exec_prefix}/libexec'
localstatedir='${prefix}/var'
mandir='${prefix}/man'
mkdir_p='$(install_sh) -d'
oldincludedir='/usr/include'
prefix='/usr/local'
program_transform_name='s,x,x,'
sbindir='${exec_prefix}/sbin'
sharedstatedir='${prefix}/com'
sysconfdir='${prefix}/etc'
target_alias=''

## ----------- ##
## confdefs.h. ##
## ----------- ##

#define HAVE_DLFCN_H 1
#define HAVE_EXCEPTIONS
#define HAVE_INTTYPES_H 1
#define HAVE_MEMORY_H 1
#define HAVE_STDINT_H 1
#define HAVE_STDLIB_H 1
#define HAVE_STRINGS_H 1
#define HAVE_STRING_H 1
#define HAVE_SYS_STAT_H 1
#define HAVE_SYS_TYPES_H 1
#define HAVE_UNISTD_H 1
#define HAVE_USER_RESID
#define PACKAGE "resid-builder"
#define PACKAGE_BUGREPORT ""
#define PACKAGE_NAME ""
#define PACKAGE_STRING ""
#define PACKAGE_TARNAME ""
#define PACKAGE_VERSION ""
#define STDC_HEADERS 1
#define VERSION "1.0.1"
#endif
#ifdef __cplusplus
extern "C" void exit (int);

configure: exit 0
